<?xml version="1.0" encoding="UTF-8"?>
<robot generator="Robot 5.0.1 (Python 3.11.3 on win32)" generated="20230818 16:19:28.826" rpa="false" schemaversion="3">
<suite id="s1" name="Test" source="d:\đồ án\DA2\thực hành\bosch\test\test.robot">
<test id="s1-t1" name="Verify that user can choose the correct appliances by product hotspot" line="11">
<kw name="Test open Browser" library="keyword">
<kw name="Open Browser" library="SeleniumLibrary">
<arg>${URL}</arg>
<arg>Chrome</arg>
<arg>executable_path=${CHROME_DRIVER_PATH}</arg>
<doc>Opens a new browser instance to the optional ``url``.</doc>
<msg timestamp="20230818 16:19:29.654" level="INFO">Opening browser 'Chrome' to base url 'https://www.bosch-home.com/us/kitchen-planning-resources?fbclid'.</msg>
<status status="PASS" starttime="20230818 16:19:29.652" endtime="20230818 16:19:37.769"/>
</kw>
<kw name="Maximize Browser Window" library="SeleniumLibrary">
<doc>Maximizes current browser window.</doc>
<status status="PASS" starttime="20230818 16:19:37.769" endtime="20230818 16:19:37.921"/>
</kw>
<kw name="Wait Until Element Is Visible" library="SeleniumLibrary">
<arg>//a[@class='cmpboxbtn cmpboxbtnyes cmptxt_btn_yes']</arg>
<arg>10</arg>
<doc>Waits until the element ``locator`` is visible.</doc>
<status status="PASS" starttime="20230818 16:19:37.922" endtime="20230818 16:19:38.241"/>
</kw>
<kw name="Click Element" library="SeleniumLibrary">
<arg>//a[@class='cmpboxbtn cmpboxbtnyes cmptxt_btn_yes']</arg>
<doc>Click the element identified by ``locator``.</doc>
<msg timestamp="20230818 16:19:38.242" level="INFO">Clicking element '//a[@class='cmpboxbtn cmpboxbtnyes cmptxt_btn_yes']'.</msg>
<status status="PASS" starttime="20230818 16:19:38.241" endtime="20230818 16:19:38.670"/>
</kw>
<kw name="Wait Until Element Is Visible" library="SeleniumLibrary">
<arg>//*[contains(text(),'Start from scratch')]</arg>
<arg>10</arg>
<doc>Waits until the element ``locator`` is visible.</doc>
<status status="PASS" starttime="20230818 16:19:38.671" endtime="20230818 16:19:38.795"/>
</kw>
<kw name="Click Element" library="SeleniumLibrary">
<arg>//*[contains(text(),'Start from scratch')]</arg>
<doc>Click the element identified by ``locator``.</doc>
<msg timestamp="20230818 16:19:38.796" level="INFO">Clicking element '//*[contains(text(),'Start from scratch')]'.</msg>
<status status="PASS" starttime="20230818 16:19:38.795" endtime="20230818 16:19:38.900"/>
</kw>
<kw name="Wait Until Page Contains Element" library="SeleniumLibrary">
<arg>//*[contains(text(),'Change package')]</arg>
<arg>20</arg>
<doc>Waits until the element ``locator`` appears on the current page.</doc>
<status status="PASS" starttime="20230818 16:19:38.901" endtime="20230818 16:19:47.844"/>
</kw>
<status status="PASS" starttime="20230818 16:19:29.652" endtime="20230818 16:19:47.845"/>
</kw>
<kw name="Verify that user can choose the correct appliances by product hotspot" library="keyword">
<kw name="Click Element" library="SeleniumLibrary">
<arg>//button[@class='zv-trigger zv-trigger-hotspot zv-trigger-250045620 c00177 has-tooltip']</arg>
<doc>Click the element identified by ``locator``.</doc>
<msg timestamp="20230818 16:19:47.846" level="INFO">Clicking element '//button[@class='zv-trigger zv-trigger-hotspot zv-trigger-250045620 c00177 has-tooltip']'.</msg>
<status status="PASS" starttime="20230818 16:19:47.846" endtime="20230818 16:19:48.421"/>
</kw>
<kw name="Wait Until Element Is Visible" library="SeleniumLibrary">
<arg>//div[@class= 'c00181 zv-section']</arg>
<arg>20</arg>
<doc>Waits until the element ``locator`` is visible.</doc>
<status status="PASS" starttime="20230818 16:19:48.422" endtime="20230818 16:19:48.809"/>
</kw>
<kw name="Wait Until Element Contains" library="SeleniumLibrary">
<arg>//span[@class= 'c00185 zv-text c00184 zv-section-headline']</arg>
<arg>Dishwasher</arg>
<doc>Waits until the element ``locator`` contains ``text``.</doc>
<status status="PASS" starttime="20230818 16:19:48.810" endtime="20230818 16:19:48.898"/>
</kw>
<status status="PASS" starttime="20230818 16:19:47.845" endtime="20230818 16:19:48.898"/>
</kw>
<tag>test1</tag>
<status status="PASS" starttime="20230818 16:19:29.651" endtime="20230818 16:19:48.900"/>
</test>
<doc>Simple example using SeleniumLibrary.</doc>
<status status="PASS" starttime="20230818 16:19:28.836" endtime="20230818 16:19:48.901"/>
</suite>
<statistics>
<total>
<stat pass="1" fail="0" skip="0">All Tests</stat>
</total>
<tag>
<stat pass="1" fail="0" skip="0">test1</stat>
</tag>
<suite>
<stat pass="1" fail="0" skip="0" id="s1" name="Test">Test</stat>
</suite>
</statistics>
<errors>
</errors>
</robot>
