<?xml version="1.0" encoding="UTF-8"?>
<robot generator="Robot 5.0.1 (Python 3.11.3 on win32)" generated="20230827 19:37:55.079" rpa="false" schemaversion="3">
<suite id="s1" name="Test" source="d:\đồ án\DA2\thực hành\bosch\test\test.robot">
<test id="s1-t1" name="TC01 Verify that user can choose the correct appliances by product hotspot" line="14">
<kw name="Test open Browser" library="keyword" type="SETUP">
<kw name="Open Browser" library="SeleniumLibrary">
<arg>${URL}</arg>
<arg>Chrome</arg>
<arg>executable_path=${CHROME_DRIVER_PATH}</arg>
<doc>Opens a new browser instance to the optional ``url``.</doc>
<msg timestamp="20230827 19:37:57.176" level="INFO">Opening browser 'Chrome' to base url 'https://www.bosch-home.com/us/kitchen-planning-resources?fbclid'.</msg>
<status status="PASS" starttime="20230827 19:37:57.175" endtime="20230827 19:38:05.364"/>
</kw>
<kw name="Maximize Browser Window" library="SeleniumLibrary">
<doc>Maximizes current browser window.</doc>
<status status="PASS" starttime="20230827 19:38:05.364" endtime="20230827 19:38:05.553"/>
</kw>
<kw name="Wait Until Element Is Visible" library="SeleniumLibrary">
<arg>//a[@class='cmpboxbtn cmpboxbtnyes cmptxt_btn_yes']</arg>
<arg>10</arg>
<doc>Waits until the element ``locator`` is visible.</doc>
<status status="PASS" starttime="20230827 19:38:05.554" endtime="20230827 19:38:05.872"/>
</kw>
<kw name="Click Element" library="SeleniumLibrary">
<arg>//a[@class='cmpboxbtn cmpboxbtnyes cmptxt_btn_yes']</arg>
<doc>Click the element identified by ``locator``.</doc>
<msg timestamp="20230827 19:38:05.873" level="INFO">Clicking element '//a[@class='cmpboxbtn cmpboxbtnyes cmptxt_btn_yes']'.</msg>
<status status="PASS" starttime="20230827 19:38:05.872" endtime="20230827 19:38:06.429"/>
</kw>
<kw name="Wait Until Element Is Visible" library="SeleniumLibrary">
<arg>//*[contains(text(),'Start from scratch')]</arg>
<arg>10</arg>
<doc>Waits until the element ``locator`` is visible.</doc>
<status status="PASS" starttime="20230827 19:38:06.430" endtime="20230827 19:38:07.052"/>
</kw>
<kw name="Click Element" library="SeleniumLibrary">
<arg>//*[contains(text(),'Start from scratch')]</arg>
<doc>Click the element identified by ``locator``.</doc>
<msg timestamp="20230827 19:38:07.053" level="INFO">Clicking element '//*[contains(text(),'Start from scratch')]'.</msg>
<status status="PASS" starttime="20230827 19:38:07.052" endtime="20230827 19:38:07.149"/>
</kw>
<kw name="Wait Until Page Contains Element" library="SeleniumLibrary">
<arg>//*[contains(text(),'Change package')]</arg>
<arg>20</arg>
<doc>Waits until the element ``locator`` appears on the current page.</doc>
<status status="PASS" starttime="20230827 19:38:07.150" endtime="20230827 19:38:14.193"/>
</kw>
<status status="PASS" starttime="20230827 19:37:57.174" endtime="20230827 19:38:14.194"/>
</kw>
<kw name="Verify that user can choose the correct appliances by product hotspot" library="keyword">
<kw name="Click Element" library="SeleniumLibrary">
<arg>//button[@class='zv-trigger zv-trigger-hotspot zv-trigger-250045620 c00177 has-tooltip']</arg>
<doc>Click the element identified by ``locator``.</doc>
<msg timestamp="20230827 19:38:14.197" level="INFO">Clicking element '//button[@class='zv-trigger zv-trigger-hotspot zv-trigger-250045620 c00177 has-tooltip']'.</msg>
<status status="PASS" starttime="20230827 19:38:14.197" endtime="20230827 19:38:14.348"/>
</kw>
<kw name="Wait Until Element Is Visible" library="SeleniumLibrary">
<arg>//div[@class= 'c00181 zv-section']</arg>
<arg>20</arg>
<doc>Waits until the element ``locator`` is visible.</doc>
<status status="PASS" starttime="20230827 19:38:14.349" endtime="20230827 19:38:21.899"/>
</kw>
<kw name="Wait Until Element Contains" library="SeleniumLibrary">
<arg>//span[@class= 'c00185 zv-text c00184 zv-section-headline']</arg>
<arg>Dishwasher</arg>
<doc>Waits until the element ``locator`` contains ``text``.</doc>
<status status="PASS" starttime="20230827 19:38:21.899" endtime="20230827 19:38:21.950"/>
</kw>
<status status="PASS" starttime="20230827 19:38:14.195" endtime="20230827 19:38:21.951"/>
</kw>
<kw name="Close Browser" library="SeleniumLibrary" type="TEARDOWN">
<doc>Closes the current browser.</doc>
<status status="PASS" starttime="20230827 19:38:21.952" endtime="20230827 19:38:24.221"/>
</kw>
<tag>test1</tag>
<status status="PASS" starttime="20230827 19:37:57.172" endtime="20230827 19:38:24.222"/>
</test>
<doc>5 Static TestCases using SeleniumLibrary.</doc>
<status status="PASS" starttime="20230827 19:37:55.089" endtime="20230827 19:38:24.228"/>
</suite>
<statistics>
<total>
<stat pass="1" fail="0" skip="0">All Tests</stat>
</total>
<tag>
<stat pass="1" fail="0" skip="0">test1</stat>
</tag>
<suite>
<stat pass="1" fail="0" skip="0" id="s1" name="Test">Test</stat>
</suite>
</statistics>
<errors>
<msg timestamp="20230827 19:37:57.153" level="ERROR">[ DataDriver ] Error in robot file:
  File "d:\đồ án\DA2\thực hành\bosch\test\test.robot", line 0</msg>
<msg timestamp="20230827 19:37:57.170" level="ERROR">Calling method '_start_suite' of listener 'DataDriver' failed: FileNotFoundError: File attribute was empty. Tried to find d:\đồ án\DA2\thực hành\bosch\test\test.csv but file does not exist. If no file validation is required, set file_search_strategy=None.</msg>
</errors>
</robot>
