<?xml version="1.0" encoding="UTF-8"?>
<robot generator="Robot 5.0.1 (Python 3.11.3 on win32)" generated="20230822 20:18:54.746" rpa="false" schemaversion="3">
<suite id="s1" name="Product Data" source="d:\đồ án\DA2\thực hành\bosch\test\product_data.robot">
<test id="s1-t1" name="TC6 Data driven check product name in hotspot sidebar SPE68B55UC" line="13">
<kw name="Verify Product Name">
<arg>SPE68B55UC</arg>
<kw name="Test open Browser" library="keyword">
<kw name="Open Browser" library="SeleniumLibrary">
<arg>${URL}</arg>
<arg>Chrome</arg>
<arg>executable_path=${CHROME_DRIVER_PATH}</arg>
<doc>Opens a new browser instance to the optional ``url``.</doc>
<msg timestamp="20230822 20:18:55.569" level="INFO">Opening browser 'Chrome' to base url 'https://www.bosch-home.com/us/kitchen-planning-resources?fbclid'.</msg>
<status status="PASS" starttime="20230822 20:18:55.568" endtime="20230822 20:19:01.618"/>
</kw>
<kw name="Maximize Browser Window" library="SeleniumLibrary">
<doc>Maximizes current browser window.</doc>
<status status="PASS" starttime="20230822 20:19:01.618" endtime="20230822 20:19:01.733"/>
</kw>
<kw name="Wait Until Element Is Visible" library="SeleniumLibrary">
<arg>//a[@class='cmpboxbtn cmpboxbtnyes cmptxt_btn_yes']</arg>
<arg>10</arg>
<doc>Waits until the element ``locator`` is visible.</doc>
<status status="PASS" starttime="20230822 20:19:01.733" endtime="20230822 20:19:02.424"/>
</kw>
<kw name="Click Element" library="SeleniumLibrary">
<arg>//a[@class='cmpboxbtn cmpboxbtnyes cmptxt_btn_yes']</arg>
<doc>Click the element identified by ``locator``.</doc>
<msg timestamp="20230822 20:19:02.424" level="INFO">Clicking element '//a[@class='cmpboxbtn cmpboxbtnyes cmptxt_btn_yes']'.</msg>
<status status="PASS" starttime="20230822 20:19:02.424" endtime="20230822 20:19:02.765"/>
</kw>
<kw name="Wait Until Element Is Visible" library="SeleniumLibrary">
<arg>//*[contains(text(),'Start from scratch')]</arg>
<arg>10</arg>
<doc>Waits until the element ``locator`` is visible.</doc>
<status status="PASS" starttime="20230822 20:19:02.766" endtime="20230822 20:19:02.897"/>
</kw>
<kw name="Click Element" library="SeleniumLibrary">
<arg>//*[contains(text(),'Start from scratch')]</arg>
<doc>Click the element identified by ``locator``.</doc>
<msg timestamp="20230822 20:19:02.897" level="INFO">Clicking element '//*[contains(text(),'Start from scratch')]'.</msg>
<status status="PASS" starttime="20230822 20:19:02.897" endtime="20230822 20:19:02.977"/>
</kw>
<kw name="Wait Until Page Contains Element" library="SeleniumLibrary">
<arg>//*[contains(text(),'Change package')]</arg>
<arg>20</arg>
<doc>Waits until the element ``locator`` appears on the current page.</doc>
<status status="PASS" starttime="20230822 20:19:02.977" endtime="20230822 20:19:09.026"/>
</kw>
<status status="PASS" starttime="20230822 20:18:55.568" endtime="20230822 20:19:09.026"/>
</kw>
<kw name="Verify that user can choose the correct appliances by product hotspot" library="keyword">
<kw name="Click Element" library="SeleniumLibrary">
<arg>//button[@class='zv-trigger zv-trigger-hotspot zv-trigger-250045620 c00177 has-tooltip']</arg>
<doc>Click the element identified by ``locator``.</doc>
<msg timestamp="20230822 20:19:09.027" level="INFO">Clicking element '//button[@class='zv-trigger zv-trigger-hotspot zv-trigger-250045620 c00177 has-tooltip']'.</msg>
<status status="PASS" starttime="20230822 20:19:09.027" endtime="20230822 20:19:09.140"/>
</kw>
<kw name="Wait Until Element Is Visible" library="SeleniumLibrary">
<arg>//div[@class= 'c00181 zv-section']</arg>
<arg>20</arg>
<doc>Waits until the element ``locator`` is visible.</doc>
<status status="PASS" starttime="20230822 20:19:09.140" endtime="20230822 20:19:10.646"/>
</kw>
<kw name="Wait Until Element Contains" library="SeleniumLibrary">
<arg>//span[@class= 'c00185 zv-text c00184 zv-section-headline']</arg>
<arg>Dishwasher</arg>
<doc>Waits until the element ``locator`` contains ``text``.</doc>
<status status="PASS" starttime="20230822 20:19:10.646" endtime="20230822 20:19:10.674"/>
</kw>
<status status="PASS" starttime="20230822 20:19:09.027" endtime="20230822 20:19:10.675"/>
</kw>
<kw name="Get Web Product Names">
<var>${web_product_names}</var>
<for flavor="IN RANGE">
<var>${end_point}</var>
<value>1</value>
<value>33</value>
<value>1</value>
<iter>
<var name="${end_point}">1</var>
<kw name="Get WebElements" library="SeleniumLibrary">
<var>${end_points}</var>
<arg>xpath = /html/body/div[4]/div[3]/div/div/div/div[2]/div/div/div/div/div/div[3]/div/div/div/div/div/div/div/div[3]/div/div[6]/div/div[2]/div[${end_point}]</arg>
<doc>Returns a list of WebElement objects matching the ``locator``.</doc>
<msg timestamp="20230822 20:19:10.687" level="INFO">${end_points} = [&lt;selenium.webdriver.remote.webelement.WebElement (session="7b672e80c351e816fcf3f8e51b3f7e13", element="DE5746BB65EE42822C46E760256106A9_element_174")&gt;]</msg>
<status status="PASS" starttime="20230822 20:19:10.675" endtime="20230822 20:19:10.688"/>
</kw>
<kw name="Scroll To Load More Data">
<arg>${end_points}</arg>
<for flavor="IN">
<var>${element}</var>
<value>@{elements}</value>
<iter>
<var name="${element}">&lt;selenium.webdriver.remote.webelement.WebElement (session="7b672e80c351e816fcf3f8e51b3f7e13", element="DE5746BB65EE42822C46E760256106A9_element_174")&gt;</var>
<kw name="Scroll Element Into View" library="SeleniumLibrary">
<arg>${element}</arg>
<doc>Scrolls the element identified by ``locator`` into view.</doc>
<status status="PASS" starttime="20230822 20:19:10.690" endtime="20230822 20:19:10.963"/>
</kw>
<status status="PASS" starttime="20230822 20:19:10.690" endtime="20230822 20:19:10.963"/>
</iter>
<status status="PASS" starttime="20230822 20:19:10.690" endtime="20230822 20:19:10.963"/>
</for>
<status status="PASS" starttime="20230822 20:19:10.689" endtime="20230822 20:19:10.963"/>
</kw>
<status status="PASS" starttime="20230822 20:19:10.675" endtime="20230822 20:19:10.963"/>
</iter>
<iter>
<var name="${end_point}">2</var>
<kw name="Get WebElements" library="SeleniumLibrary">
<var>${end_points}</var>
<arg>xpath = /html/body/div[4]/div[3]/div/div/div/div[2]/div/div/div/div/div/div[3]/div/div/div/div/div/div/div/div[3]/div/div[6]/div/div[2]/div[${end_point}]</arg>
<doc>Returns a list of WebElement objects matching the ``locator``.</doc>
<msg timestamp="20230822 20:19:10.974" level="INFO">${end_points} = [&lt;selenium.webdriver.remote.webelement.WebElement (session="7b672e80c351e816fcf3f8e51b3f7e13", element="DE5746BB65EE42822C46E760256106A9_element_178")&gt;]</msg>
<status status="PASS" starttime="20230822 20:19:10.964" endtime="20230822 20:19:10.974"/>
</kw>
<kw name="Scroll To Load More Data">
<arg>${end_points}</arg>
<for flavor="IN">
<var>${element}</var>
<value>@{elements}</value>
<iter>
<var name="${element}">&lt;selenium.webdriver.remote.webelement.WebElement (session="7b672e80c351e816fcf3f8e51b3f7e13", element="DE5746BB65EE42822C46E760256106A9_element_178")&gt;</var>
<kw name="Scroll Element Into View" library="SeleniumLibrary">
<arg>${element}</arg>
<doc>Scrolls the element identified by ``locator`` into view.</doc>
<status status="PASS" starttime="20230822 20:19:10.975" endtime="20230822 20:19:11.245"/>
</kw>
<status status="PASS" starttime="20230822 20:19:10.975" endtime="20230822 20:19:11.245"/>
</iter>
<status status="PASS" starttime="20230822 20:19:10.975" endtime="20230822 20:19:11.245"/>
</for>
<status status="PASS" starttime="20230822 20:19:10.974" endtime="20230822 20:19:11.245"/>
</kw>
<status status="PASS" starttime="20230822 20:19:10.963" endtime="20230822 20:19:11.245"/>
</iter>
<iter>
<var name="${end_point}">3</var>
<kw name="Get WebElements" library="SeleniumLibrary">
<var>${end_points}</var>
<arg>xpath = /html/body/div[4]/div[3]/div/div/div/div[2]/div/div/div/div/div/div[3]/div/div/div/div/div/div/div/div[3]/div/div[6]/div/div[2]/div[${end_point}]</arg>
<doc>Returns a list of WebElement objects matching the ``locator``.</doc>
<msg timestamp="20230822 20:19:11.258" level="INFO">${end_points} = [&lt;selenium.webdriver.remote.webelement.WebElement (session="7b672e80c351e816fcf3f8e51b3f7e13", element="DE5746BB65EE42822C46E760256106A9_element_181")&gt;]</msg>
<status status="PASS" starttime="20230822 20:19:11.246" endtime="20230822 20:19:11.259"/>
</kw>
<kw name="Scroll To Load More Data">
<arg>${end_points}</arg>
<for flavor="IN">
<var>${element}</var>
<value>@{elements}</value>
<iter>
<var name="${element}">&lt;selenium.webdriver.remote.webelement.WebElement (session="7b672e80c351e816fcf3f8e51b3f7e13", element="DE5746BB65EE42822C46E760256106A9_element_181")&gt;</var>
<kw name="Scroll Element Into View" library="SeleniumLibrary">
<arg>${element}</arg>
<doc>Scrolls the element identified by ``locator`` into view.</doc>
<status status="PASS" starttime="20230822 20:19:11.259" endtime="20230822 20:19:11.527"/>
</kw>
<status status="PASS" starttime="20230822 20:19:11.259" endtime="20230822 20:19:11.527"/>
</iter>
<status status="PASS" starttime="20230822 20:19:11.259" endtime="20230822 20:19:11.527"/>
</for>
<status status="PASS" starttime="20230822 20:19:11.259" endtime="20230822 20:19:11.527"/>
</kw>
<status status="PASS" starttime="20230822 20:19:11.246" endtime="20230822 20:19:11.528"/>
</iter>
<iter>
<var name="${end_point}">4</var>
<kw name="Get WebElements" library="SeleniumLibrary">
<var>${end_points}</var>
<arg>xpath = /html/body/div[4]/div[3]/div/div/div/div[2]/div/div/div/div/div/div[3]/div/div/div/div/div/div/div/div[3]/div/div[6]/div/div[2]/div[${end_point}]</arg>
<doc>Returns a list of WebElement objects matching the ``locator``.</doc>
<msg timestamp="20230822 20:19:11.540" level="INFO">${end_points} = [&lt;selenium.webdriver.remote.webelement.WebElement (session="7b672e80c351e816fcf3f8e51b3f7e13", element="DE5746BB65EE42822C46E760256106A9_element_182")&gt;]</msg>
<status status="PASS" starttime="20230822 20:19:11.528" endtime="20230822 20:19:11.541"/>
</kw>
<kw name="Scroll To Load More Data">
<arg>${end_points}</arg>
<for flavor="IN">
<var>${element}</var>
<value>@{elements}</value>
<iter>
<var name="${element}">&lt;selenium.webdriver.remote.webelement.WebElement (session="7b672e80c351e816fcf3f8e51b3f7e13", element="DE5746BB65EE42822C46E760256106A9_element_182")&gt;</var>
<kw name="Scroll Element Into View" library="SeleniumLibrary">
<arg>${element}</arg>
<doc>Scrolls the element identified by ``locator`` into view.</doc>
<status status="PASS" starttime="20230822 20:19:11.541" endtime="20230822 20:19:11.823"/>
</kw>
<status status="PASS" starttime="20230822 20:19:11.541" endtime="20230822 20:19:11.823"/>
</iter>
<status status="PASS" starttime="20230822 20:19:11.541" endtime="20230822 20:19:11.824"/>
</for>
<status status="PASS" starttime="20230822 20:19:11.541" endtime="20230822 20:19:11.824"/>
</kw>
<status status="PASS" starttime="20230822 20:19:11.528" endtime="20230822 20:19:11.824"/>
</iter>
<iter>
<var name="${end_point}">5</var>
<kw name="Get WebElements" library="SeleniumLibrary">
<var>${end_points}</var>
<arg>xpath = /html/body/div[4]/div[3]/div/div/div/div[2]/div/div/div/div/div/div[3]/div/div/div/div/div/div/div/div[3]/div/div[6]/div/div[2]/div[${end_point}]</arg>
<doc>Returns a list of WebElement objects matching the ``locator``.</doc>
<msg timestamp="20230822 20:19:11.837" level="INFO">${end_points} = [&lt;selenium.webdriver.remote.webelement.WebElement (session="7b672e80c351e816fcf3f8e51b3f7e13", element="DE5746BB65EE42822C46E760256106A9_element_183")&gt;]</msg>
<status status="PASS" starttime="20230822 20:19:11.825" endtime="20230822 20:19:11.838"/>
</kw>
<kw name="Scroll To Load More Data">
<arg>${end_points}</arg>
<for flavor="IN">
<var>${element}</var>
<value>@{elements}</value>
<iter>
<var name="${element}">&lt;selenium.webdriver.remote.webelement.WebElement (session="7b672e80c351e816fcf3f8e51b3f7e13", element="DE5746BB65EE42822C46E760256106A9_element_183")&gt;</var>
<kw name="Scroll Element Into View" library="SeleniumLibrary">
<arg>${element}</arg>
<doc>Scrolls the element identified by ``locator`` into view.</doc>
<status status="PASS" starttime="20230822 20:19:11.839" endtime="20230822 20:19:12.123"/>
</kw>
<status status="PASS" starttime="20230822 20:19:11.839" endtime="20230822 20:19:12.123"/>
</iter>
<status status="PASS" starttime="20230822 20:19:11.839" endtime="20230822 20:19:12.123"/>
</for>
<status status="PASS" starttime="20230822 20:19:11.838" endtime="20230822 20:19:12.124"/>
</kw>
<status status="PASS" starttime="20230822 20:19:11.824" endtime="20230822 20:19:12.124"/>
</iter>
<iter>
<var name="${end_point}">6</var>
<kw name="Get WebElements" library="SeleniumLibrary">
<var>${end_points}</var>
<arg>xpath = /html/body/div[4]/div[3]/div/div/div/div[2]/div/div/div/div/div/div[3]/div/div/div/div/div/div/div/div[3]/div/div[6]/div/div[2]/div[${end_point}]</arg>
<doc>Returns a list of WebElement objects matching the ``locator``.</doc>
<msg timestamp="20230822 20:19:12.134" level="INFO">${end_points} = [&lt;selenium.webdriver.remote.webelement.WebElement (session="7b672e80c351e816fcf3f8e51b3f7e13", element="DE5746BB65EE42822C46E760256106A9_element_184")&gt;]</msg>
<status status="PASS" starttime="20230822 20:19:12.124" endtime="20230822 20:19:12.134"/>
</kw>
<kw name="Scroll To Load More Data">
<arg>${end_points}</arg>
<for flavor="IN">
<var>${element}</var>
<value>@{elements}</value>
<iter>
<var name="${element}">&lt;selenium.webdriver.remote.webelement.WebElement (session="7b672e80c351e816fcf3f8e51b3f7e13", element="DE5746BB65EE42822C46E760256106A9_element_184")&gt;</var>
<kw name="Scroll Element Into View" library="SeleniumLibrary">
<arg>${element}</arg>
<doc>Scrolls the element identified by ``locator`` into view.</doc>
<status status="PASS" starttime="20230822 20:19:12.135" endtime="20230822 20:19:12.420"/>
</kw>
<status status="PASS" starttime="20230822 20:19:12.135" endtime="20230822 20:19:12.420"/>
</iter>
<status status="PASS" starttime="20230822 20:19:12.135" endtime="20230822 20:19:12.421"/>
</for>
<status status="PASS" starttime="20230822 20:19:12.134" endtime="20230822 20:19:12.421"/>
</kw>
<status status="PASS" starttime="20230822 20:19:12.124" endtime="20230822 20:19:12.422"/>
</iter>
<iter>
<var name="${end_point}">7</var>
<kw name="Get WebElements" library="SeleniumLibrary">
<var>${end_points}</var>
<arg>xpath = /html/body/div[4]/div[3]/div/div/div/div[2]/div/div/div/div/div/div[3]/div/div/div/div/div/div/div/div[3]/div/div[6]/div/div[2]/div[${end_point}]</arg>
<doc>Returns a list of WebElement objects matching the ``locator``.</doc>
<msg timestamp="20230822 20:19:12.437" level="INFO">${end_points} = [&lt;selenium.webdriver.remote.webelement.WebElement (session="7b672e80c351e816fcf3f8e51b3f7e13", element="DE5746BB65EE42822C46E760256106A9_element_185")&gt;]</msg>
<status status="PASS" starttime="20230822 20:19:12.424" endtime="20230822 20:19:12.438"/>
</kw>
<kw name="Scroll To Load More Data">
<arg>${end_points}</arg>
<for flavor="IN">
<var>${element}</var>
<value>@{elements}</value>
<iter>
<var name="${element}">&lt;selenium.webdriver.remote.webelement.WebElement (session="7b672e80c351e816fcf3f8e51b3f7e13", element="DE5746BB65EE42822C46E760256106A9_element_185")&gt;</var>
<kw name="Scroll Element Into View" library="SeleniumLibrary">
<arg>${element}</arg>
<doc>Scrolls the element identified by ``locator`` into view.</doc>
<status status="PASS" starttime="20230822 20:19:12.438" endtime="20230822 20:19:12.713"/>
</kw>
<status status="PASS" starttime="20230822 20:19:12.438" endtime="20230822 20:19:12.713"/>
</iter>
<status status="PASS" starttime="20230822 20:19:12.438" endtime="20230822 20:19:12.713"/>
</for>
<status status="PASS" starttime="20230822 20:19:12.438" endtime="20230822 20:19:12.714"/>
</kw>
<status status="PASS" starttime="20230822 20:19:12.422" endtime="20230822 20:19:12.714"/>
</iter>
<iter>
<var name="${end_point}">8</var>
<kw name="Get WebElements" library="SeleniumLibrary">
<var>${end_points}</var>
<arg>xpath = /html/body/div[4]/div[3]/div/div/div/div[2]/div/div/div/div/div/div[3]/div/div/div/div/div/div/div/div[3]/div/div[6]/div/div[2]/div[${end_point}]</arg>
<doc>Returns a list of WebElement objects matching the ``locator``.</doc>
<msg timestamp="20230822 20:19:12.726" level="INFO">${end_points} = [&lt;selenium.webdriver.remote.webelement.WebElement (session="7b672e80c351e816fcf3f8e51b3f7e13", element="DE5746BB65EE42822C46E760256106A9_element_186")&gt;]</msg>
<status status="PASS" starttime="20230822 20:19:12.714" endtime="20230822 20:19:12.727"/>
</kw>
<kw name="Scroll To Load More Data">
<arg>${end_points}</arg>
<for flavor="IN">
<var>${element}</var>
<value>@{elements}</value>
<iter>
<var name="${element}">&lt;selenium.webdriver.remote.webelement.WebElement (session="7b672e80c351e816fcf3f8e51b3f7e13", element="DE5746BB65EE42822C46E760256106A9_element_186")&gt;</var>
<kw name="Scroll Element Into View" library="SeleniumLibrary">
<arg>${element}</arg>
<doc>Scrolls the element identified by ``locator`` into view.</doc>
<status status="PASS" starttime="20230822 20:19:12.727" endtime="20230822 20:19:12.994"/>
</kw>
<status status="PASS" starttime="20230822 20:19:12.727" endtime="20230822 20:19:12.994"/>
</iter>
<status status="PASS" starttime="20230822 20:19:12.727" endtime="20230822 20:19:12.994"/>
</for>
<status status="PASS" starttime="20230822 20:19:12.727" endtime="20230822 20:19:12.994"/>
</kw>
<status status="PASS" starttime="20230822 20:19:12.714" endtime="20230822 20:19:12.994"/>
</iter>
<iter>
<var name="${end_point}">9</var>
<kw name="Get WebElements" library="SeleniumLibrary">
<var>${end_points}</var>
<arg>xpath = /html/body/div[4]/div[3]/div/div/div/div[2]/div/div/div/div/div/div[3]/div/div/div/div/div/div/div/div[3]/div/div[6]/div/div[2]/div[${end_point}]</arg>
<doc>Returns a list of WebElement objects matching the ``locator``.</doc>
<msg timestamp="20230822 20:19:13.009" level="INFO">${end_points} = [&lt;selenium.webdriver.remote.webelement.WebElement (session="7b672e80c351e816fcf3f8e51b3f7e13", element="DE5746BB65EE42822C46E760256106A9_element_187")&gt;]</msg>
<status status="PASS" starttime="20230822 20:19:12.995" endtime="20230822 20:19:13.010"/>
</kw>
<kw name="Scroll To Load More Data">
<arg>${end_points}</arg>
<for flavor="IN">
<var>${element}</var>
<value>@{elements}</value>
<iter>
<var name="${element}">&lt;selenium.webdriver.remote.webelement.WebElement (session="7b672e80c351e816fcf3f8e51b3f7e13", element="DE5746BB65EE42822C46E760256106A9_element_187")&gt;</var>
<kw name="Scroll Element Into View" library="SeleniumLibrary">
<arg>${element}</arg>
<doc>Scrolls the element identified by ``locator`` into view.</doc>
<status status="PASS" starttime="20230822 20:19:13.010" endtime="20230822 20:19:13.289"/>
</kw>
<status status="PASS" starttime="20230822 20:19:13.010" endtime="20230822 20:19:13.289"/>
</iter>
<status status="PASS" starttime="20230822 20:19:13.010" endtime="20230822 20:19:13.289"/>
</for>
<status status="PASS" starttime="20230822 20:19:13.010" endtime="20230822 20:19:13.290"/>
</kw>
<status status="PASS" starttime="20230822 20:19:12.995" endtime="20230822 20:19:13.290"/>
</iter>
<iter>
<var name="${end_point}">10</var>
<kw name="Get WebElements" library="SeleniumLibrary">
<var>${end_points}</var>
<arg>xpath = /html/body/div[4]/div[3]/div/div/div/div[2]/div/div/div/div/div/div[3]/div/div/div/div/div/div/div/div[3]/div/div[6]/div/div[2]/div[${end_point}]</arg>
<doc>Returns a list of WebElement objects matching the ``locator``.</doc>
<msg timestamp="20230822 20:19:13.299" level="INFO">${end_points} = [&lt;selenium.webdriver.remote.webelement.WebElement (session="7b672e80c351e816fcf3f8e51b3f7e13", element="DE5746BB65EE42822C46E760256106A9_element_188")&gt;]</msg>
<status status="PASS" starttime="20230822 20:19:13.290" endtime="20230822 20:19:13.299"/>
</kw>
<kw name="Scroll To Load More Data">
<arg>${end_points}</arg>
<for flavor="IN">
<var>${element}</var>
<value>@{elements}</value>
<iter>
<var name="${element}">&lt;selenium.webdriver.remote.webelement.WebElement (session="7b672e80c351e816fcf3f8e51b3f7e13", element="DE5746BB65EE42822C46E760256106A9_element_188")&gt;</var>
<kw name="Scroll Element Into View" library="SeleniumLibrary">
<arg>${element}</arg>
<doc>Scrolls the element identified by ``locator`` into view.</doc>
<status status="PASS" starttime="20230822 20:19:13.300" endtime="20230822 20:19:13.583"/>
</kw>
<status status="PASS" starttime="20230822 20:19:13.300" endtime="20230822 20:19:13.584"/>
</iter>
<status status="PASS" starttime="20230822 20:19:13.300" endtime="20230822 20:19:13.584"/>
</for>
<status status="PASS" starttime="20230822 20:19:13.299" endtime="20230822 20:19:13.584"/>
</kw>
<status status="PASS" starttime="20230822 20:19:13.290" endtime="20230822 20:19:13.585"/>
</iter>
<iter>
<var name="${end_point}">11</var>
<kw name="Get WebElements" library="SeleniumLibrary">
<var>${end_points}</var>
<arg>xpath = /html/body/div[4]/div[3]/div/div/div/div[2]/div/div/div/div/div/div[3]/div/div/div/div/div/div/div/div[3]/div/div[6]/div/div[2]/div[${end_point}]</arg>
<doc>Returns a list of WebElement objects matching the ``locator``.</doc>
<msg timestamp="20230822 20:19:13.600" level="INFO">${end_points} = []</msg>
<status status="PASS" starttime="20230822 20:19:13.585" endtime="20230822 20:19:13.601"/>
</kw>
<kw name="Scroll To Load More Data">
<arg>${end_points}</arg>
<for flavor="IN">
<var>${element}</var>
<value>@{elements}</value>
<iter>
<var name="${element}"/>
<kw name="Scroll Element Into View" library="SeleniumLibrary">
<arg>${element}</arg>
<doc>Scrolls the element identified by ``locator`` into view.</doc>
<status status="NOT RUN" starttime="20230822 20:19:13.601" endtime="20230822 20:19:13.602"/>
</kw>
<status status="NOT RUN" starttime="20230822 20:19:13.601" endtime="20230822 20:19:13.602"/>
</iter>
<status status="NOT RUN" starttime="20230822 20:19:13.601" endtime="20230822 20:19:13.602"/>
</for>
<status status="PASS" starttime="20230822 20:19:13.601" endtime="20230822 20:19:13.602"/>
</kw>
<status status="PASS" starttime="20230822 20:19:13.585" endtime="20230822 20:19:13.602"/>
</iter>
<iter>
<var name="${end_point}">12</var>
<kw name="Get WebElements" library="SeleniumLibrary">
<var>${end_points}</var>
<arg>xpath = /html/body/div[4]/div[3]/div/div/div/div[2]/div/div/div/div/div/div[3]/div/div/div/div/div/div/div/div[3]/div/div[6]/div/div[2]/div[${end_point}]</arg>
<doc>Returns a list of WebElement objects matching the ``locator``.</doc>
<msg timestamp="20230822 20:19:13.614" level="INFO">${end_points} = []</msg>
<status status="PASS" starttime="20230822 20:19:13.602" endtime="20230822 20:19:13.614"/>
</kw>
<kw name="Scroll To Load More Data">
<arg>${end_points}</arg>
<for flavor="IN">
<var>${element}</var>
<value>@{elements}</value>
<iter>
<var name="${element}"/>
<kw name="Scroll Element Into View" library="SeleniumLibrary">
<arg>${element}</arg>
<doc>Scrolls the element identified by ``locator`` into view.</doc>
<status status="NOT RUN" starttime="20230822 20:19:13.615" endtime="20230822 20:19:13.615"/>
</kw>
<status status="NOT RUN" starttime="20230822 20:19:13.614" endtime="20230822 20:19:13.615"/>
</iter>
<status status="NOT RUN" starttime="20230822 20:19:13.614" endtime="20230822 20:19:13.615"/>
</for>
<status status="PASS" starttime="20230822 20:19:13.614" endtime="20230822 20:19:13.615"/>
</kw>
<status status="PASS" starttime="20230822 20:19:13.602" endtime="20230822 20:19:13.615"/>
</iter>
<iter>
<var name="${end_point}">13</var>
<kw name="Get WebElements" library="SeleniumLibrary">
<var>${end_points}</var>
<arg>xpath = /html/body/div[4]/div[3]/div/div/div/div[2]/div/div/div/div/div/div[3]/div/div/div/div/div/div/div/div[3]/div/div[6]/div/div[2]/div[${end_point}]</arg>
<doc>Returns a list of WebElement objects matching the ``locator``.</doc>
<msg timestamp="20230822 20:19:13.627" level="INFO">${end_points} = []</msg>
<status status="PASS" starttime="20230822 20:19:13.615" endtime="20230822 20:19:13.627"/>
</kw>
<kw name="Scroll To Load More Data">
<arg>${end_points}</arg>
<for flavor="IN">
<var>${element}</var>
<value>@{elements}</value>
<iter>
<var name="${element}"/>
<kw name="Scroll Element Into View" library="SeleniumLibrary">
<arg>${element}</arg>
<doc>Scrolls the element identified by ``locator`` into view.</doc>
<status status="NOT RUN" starttime="20230822 20:19:13.628" endtime="20230822 20:19:13.628"/>
</kw>
<status status="NOT RUN" starttime="20230822 20:19:13.628" endtime="20230822 20:19:13.628"/>
</iter>
<status status="NOT RUN" starttime="20230822 20:19:13.628" endtime="20230822 20:19:13.628"/>
</for>
<status status="PASS" starttime="20230822 20:19:13.627" endtime="20230822 20:19:13.629"/>
</kw>
<status status="PASS" starttime="20230822 20:19:13.615" endtime="20230822 20:19:13.629"/>
</iter>
<iter>
<var name="${end_point}">14</var>
<kw name="Get WebElements" library="SeleniumLibrary">
<var>${end_points}</var>
<arg>xpath = /html/body/div[4]/div[3]/div/div/div/div[2]/div/div/div/div/div/div[3]/div/div/div/div/div/div/div/div[3]/div/div[6]/div/div[2]/div[${end_point}]</arg>
<doc>Returns a list of WebElement objects matching the ``locator``.</doc>
<msg timestamp="20230822 20:19:13.648" level="INFO">${end_points} = []</msg>
<status status="PASS" starttime="20230822 20:19:13.629" endtime="20230822 20:19:13.648"/>
</kw>
<kw name="Scroll To Load More Data">
<arg>${end_points}</arg>
<for flavor="IN">
<var>${element}</var>
<value>@{elements}</value>
<iter>
<var name="${element}"/>
<kw name="Scroll Element Into View" library="SeleniumLibrary">
<arg>${element}</arg>
<doc>Scrolls the element identified by ``locator`` into view.</doc>
<status status="NOT RUN" starttime="20230822 20:19:13.649" endtime="20230822 20:19:13.649"/>
</kw>
<status status="NOT RUN" starttime="20230822 20:19:13.649" endtime="20230822 20:19:13.650"/>
</iter>
<status status="NOT RUN" starttime="20230822 20:19:13.649" endtime="20230822 20:19:13.650"/>
</for>
<status status="PASS" starttime="20230822 20:19:13.648" endtime="20230822 20:19:13.650"/>
</kw>
<status status="PASS" starttime="20230822 20:19:13.629" endtime="20230822 20:19:13.650"/>
</iter>
<iter>
<var name="${end_point}">15</var>
<kw name="Get WebElements" library="SeleniumLibrary">
<var>${end_points}</var>
<arg>xpath = /html/body/div[4]/div[3]/div/div/div/div[2]/div/div/div/div/div/div[3]/div/div/div/div/div/div/div/div[3]/div/div[6]/div/div[2]/div[${end_point}]</arg>
<doc>Returns a list of WebElement objects matching the ``locator``.</doc>
<msg timestamp="20230822 20:19:13.667" level="INFO">${end_points} = []</msg>
<status status="PASS" starttime="20230822 20:19:13.651" endtime="20230822 20:19:13.668"/>
</kw>
<kw name="Scroll To Load More Data">
<arg>${end_points}</arg>
<for flavor="IN">
<var>${element}</var>
<value>@{elements}</value>
<iter>
<var name="${element}"/>
<kw name="Scroll Element Into View" library="SeleniumLibrary">
<arg>${element}</arg>
<doc>Scrolls the element identified by ``locator`` into view.</doc>
<status status="NOT RUN" starttime="20230822 20:19:13.669" endtime="20230822 20:19:13.669"/>
</kw>
<status status="NOT RUN" starttime="20230822 20:19:13.669" endtime="20230822 20:19:13.669"/>
</iter>
<status status="NOT RUN" starttime="20230822 20:19:13.668" endtime="20230822 20:19:13.669"/>
</for>
<status status="PASS" starttime="20230822 20:19:13.668" endtime="20230822 20:19:13.669"/>
</kw>
<status status="PASS" starttime="20230822 20:19:13.650" endtime="20230822 20:19:13.669"/>
</iter>
<iter>
<var name="${end_point}">16</var>
<kw name="Get WebElements" library="SeleniumLibrary">
<var>${end_points}</var>
<arg>xpath = /html/body/div[4]/div[3]/div/div/div/div[2]/div/div/div/div/div/div[3]/div/div/div/div/div/div/div/div[3]/div/div[6]/div/div[2]/div[${end_point}]</arg>
<doc>Returns a list of WebElement objects matching the ``locator``.</doc>
<msg timestamp="20230822 20:19:13.684" level="INFO">${end_points} = []</msg>
<status status="PASS" starttime="20230822 20:19:13.670" endtime="20230822 20:19:13.684"/>
</kw>
<kw name="Scroll To Load More Data">
<arg>${end_points}</arg>
<for flavor="IN">
<var>${element}</var>
<value>@{elements}</value>
<iter>
<var name="${element}"/>
<kw name="Scroll Element Into View" library="SeleniumLibrary">
<arg>${element}</arg>
<doc>Scrolls the element identified by ``locator`` into view.</doc>
<status status="NOT RUN" starttime="20230822 20:19:13.685" endtime="20230822 20:19:13.685"/>
</kw>
<status status="NOT RUN" starttime="20230822 20:19:13.685" endtime="20230822 20:19:13.685"/>
</iter>
<status status="NOT RUN" starttime="20230822 20:19:13.684" endtime="20230822 20:19:13.685"/>
</for>
<status status="PASS" starttime="20230822 20:19:13.684" endtime="20230822 20:19:13.685"/>
</kw>
<status status="PASS" starttime="20230822 20:19:13.669" endtime="20230822 20:19:13.685"/>
</iter>
<iter>
<var name="${end_point}">17</var>
<kw name="Get WebElements" library="SeleniumLibrary">
<var>${end_points}</var>
<arg>xpath = /html/body/div[4]/div[3]/div/div/div/div[2]/div/div/div/div/div/div[3]/div/div/div/div/div/div/div/div[3]/div/div[6]/div/div[2]/div[${end_point}]</arg>
<doc>Returns a list of WebElement objects matching the ``locator``.</doc>
<msg timestamp="20230822 20:19:13.699" level="INFO">${end_points} = []</msg>
<status status="PASS" starttime="20230822 20:19:13.686" endtime="20230822 20:19:13.699"/>
</kw>
<kw name="Scroll To Load More Data">
<arg>${end_points}</arg>
<for flavor="IN">
<var>${element}</var>
<value>@{elements}</value>
<iter>
<var name="${element}"/>
<kw name="Scroll Element Into View" library="SeleniumLibrary">
<arg>${element}</arg>
<doc>Scrolls the element identified by ``locator`` into view.</doc>
<status status="NOT RUN" starttime="20230822 20:19:13.700" endtime="20230822 20:19:13.700"/>
</kw>
<status status="NOT RUN" starttime="20230822 20:19:13.700" endtime="20230822 20:19:13.700"/>
</iter>
<status status="NOT RUN" starttime="20230822 20:19:13.700" endtime="20230822 20:19:13.700"/>
</for>
<status status="PASS" starttime="20230822 20:19:13.699" endtime="20230822 20:19:13.700"/>
</kw>
<status status="PASS" starttime="20230822 20:19:13.685" endtime="20230822 20:19:13.700"/>
</iter>
<iter>
<var name="${end_point}">18</var>
<kw name="Get WebElements" library="SeleniumLibrary">
<var>${end_points}</var>
<arg>xpath = /html/body/div[4]/div[3]/div/div/div/div[2]/div/div/div/div/div/div[3]/div/div/div/div/div/div/div/div[3]/div/div[6]/div/div[2]/div[${end_point}]</arg>
<doc>Returns a list of WebElement objects matching the ``locator``.</doc>
<msg timestamp="20230822 20:19:13.713" level="INFO">${end_points} = []</msg>
<status status="PASS" starttime="20230822 20:19:13.701" endtime="20230822 20:19:13.713"/>
</kw>
<kw name="Scroll To Load More Data">
<arg>${end_points}</arg>
<for flavor="IN">
<var>${element}</var>
<value>@{elements}</value>
<iter>
<var name="${element}"/>
<kw name="Scroll Element Into View" library="SeleniumLibrary">
<arg>${element}</arg>
<doc>Scrolls the element identified by ``locator`` into view.</doc>
<status status="NOT RUN" starttime="20230822 20:19:13.714" endtime="20230822 20:19:13.714"/>
</kw>
<status status="NOT RUN" starttime="20230822 20:19:13.714" endtime="20230822 20:19:13.714"/>
</iter>
<status status="NOT RUN" starttime="20230822 20:19:13.713" endtime="20230822 20:19:13.714"/>
</for>
<status status="PASS" starttime="20230822 20:19:13.713" endtime="20230822 20:19:13.714"/>
</kw>
<status status="PASS" starttime="20230822 20:19:13.701" endtime="20230822 20:19:13.714"/>
</iter>
<iter>
<var name="${end_point}">19</var>
<kw name="Get WebElements" library="SeleniumLibrary">
<var>${end_points}</var>
<arg>xpath = /html/body/div[4]/div[3]/div/div/div/div[2]/div/div/div/div/div/div[3]/div/div/div/div/div/div/div/div[3]/div/div[6]/div/div[2]/div[${end_point}]</arg>
<doc>Returns a list of WebElement objects matching the ``locator``.</doc>
<msg timestamp="20230822 20:19:13.911" level="INFO">${end_points} = []</msg>
<status status="PASS" starttime="20230822 20:19:13.715" endtime="20230822 20:19:13.911"/>
</kw>
<kw name="Scroll To Load More Data">
<arg>${end_points}</arg>
<for flavor="IN">
<var>${element}</var>
<value>@{elements}</value>
<iter>
<var name="${element}"/>
<kw name="Scroll Element Into View" library="SeleniumLibrary">
<arg>${element}</arg>
<doc>Scrolls the element identified by ``locator`` into view.</doc>
<status status="NOT RUN" starttime="20230822 20:19:13.912" endtime="20230822 20:19:13.912"/>
</kw>
<status status="NOT RUN" starttime="20230822 20:19:13.912" endtime="20230822 20:19:13.913"/>
</iter>
<status status="NOT RUN" starttime="20230822 20:19:13.912" endtime="20230822 20:19:13.913"/>
</for>
<status status="PASS" starttime="20230822 20:19:13.912" endtime="20230822 20:19:13.913"/>
</kw>
<status status="PASS" starttime="20230822 20:19:13.715" endtime="20230822 20:19:13.913"/>
</iter>
<iter>
<var name="${end_point}">20</var>
<kw name="Get WebElements" library="SeleniumLibrary">
<var>${end_points}</var>
<arg>xpath = /html/body/div[4]/div[3]/div/div/div/div[2]/div/div/div/div/div/div[3]/div/div/div/div/div/div/div/div[3]/div/div[6]/div/div[2]/div[${end_point}]</arg>
<doc>Returns a list of WebElement objects matching the ``locator``.</doc>
<msg timestamp="20230822 20:19:13.926" level="INFO">${end_points} = [&lt;selenium.webdriver.remote.webelement.WebElement (session="7b672e80c351e816fcf3f8e51b3f7e13", element="DE5746BB65EE42822C46E760256106A9_element_189")&gt;]</msg>
<status status="PASS" starttime="20230822 20:19:13.913" endtime="20230822 20:19:13.926"/>
</kw>
<kw name="Scroll To Load More Data">
<arg>${end_points}</arg>
<for flavor="IN">
<var>${element}</var>
<value>@{elements}</value>
<iter>
<var name="${element}">&lt;selenium.webdriver.remote.webelement.WebElement (session="7b672e80c351e816fcf3f8e51b3f7e13", element="DE5746BB65EE42822C46E760256106A9_element_189")&gt;</var>
<kw name="Scroll Element Into View" library="SeleniumLibrary">
<arg>${element}</arg>
<doc>Scrolls the element identified by ``locator`` into view.</doc>
<status status="PASS" starttime="20230822 20:19:13.927" endtime="20230822 20:19:14.206"/>
</kw>
<status status="PASS" starttime="20230822 20:19:13.927" endtime="20230822 20:19:14.207"/>
</iter>
<status status="PASS" starttime="20230822 20:19:13.926" endtime="20230822 20:19:14.207"/>
</for>
<status status="PASS" starttime="20230822 20:19:13.926" endtime="20230822 20:19:14.207"/>
</kw>
<status status="PASS" starttime="20230822 20:19:13.913" endtime="20230822 20:19:14.207"/>
</iter>
<iter>
<var name="${end_point}">21</var>
<kw name="Get WebElements" library="SeleniumLibrary">
<var>${end_points}</var>
<arg>xpath = /html/body/div[4]/div[3]/div/div/div/div[2]/div/div/div/div/div/div[3]/div/div/div/div/div/div/div/div[3]/div/div[6]/div/div[2]/div[${end_point}]</arg>
<doc>Returns a list of WebElement objects matching the ``locator``.</doc>
<msg timestamp="20230822 20:19:14.218" level="INFO">${end_points} = []</msg>
<status status="PASS" starttime="20230822 20:19:14.207" endtime="20230822 20:19:14.218"/>
</kw>
<kw name="Scroll To Load More Data">
<arg>${end_points}</arg>
<for flavor="IN">
<var>${element}</var>
<value>@{elements}</value>
<iter>
<var name="${element}"/>
<kw name="Scroll Element Into View" library="SeleniumLibrary">
<arg>${element}</arg>
<doc>Scrolls the element identified by ``locator`` into view.</doc>
<status status="NOT RUN" starttime="20230822 20:19:14.219" endtime="20230822 20:19:14.221"/>
</kw>
<status status="NOT RUN" starttime="20230822 20:19:14.219" endtime="20230822 20:19:14.221"/>
</iter>
<status status="NOT RUN" starttime="20230822 20:19:14.219" endtime="20230822 20:19:14.221"/>
</for>
<status status="PASS" starttime="20230822 20:19:14.219" endtime="20230822 20:19:14.221"/>
</kw>
<status status="PASS" starttime="20230822 20:19:14.207" endtime="20230822 20:19:14.221"/>
</iter>
<iter>
<var name="${end_point}">22</var>
<kw name="Get WebElements" library="SeleniumLibrary">
<var>${end_points}</var>
<arg>xpath = /html/body/div[4]/div[3]/div/div/div/div[2]/div/div/div/div/div/div[3]/div/div/div/div/div/div/div/div[3]/div/div[6]/div/div[2]/div[${end_point}]</arg>
<doc>Returns a list of WebElement objects matching the ``locator``.</doc>
<msg timestamp="20230822 20:19:14.232" level="INFO">${end_points} = []</msg>
<status status="PASS" starttime="20230822 20:19:14.222" endtime="20230822 20:19:14.232"/>
</kw>
<kw name="Scroll To Load More Data">
<arg>${end_points}</arg>
<for flavor="IN">
<var>${element}</var>
<value>@{elements}</value>
<iter>
<var name="${element}"/>
<kw name="Scroll Element Into View" library="SeleniumLibrary">
<arg>${element}</arg>
<doc>Scrolls the element identified by ``locator`` into view.</doc>
<status status="NOT RUN" starttime="20230822 20:19:14.233" endtime="20230822 20:19:14.233"/>
</kw>
<status status="NOT RUN" starttime="20230822 20:19:14.233" endtime="20230822 20:19:14.233"/>
</iter>
<status status="NOT RUN" starttime="20230822 20:19:14.232" endtime="20230822 20:19:14.233"/>
</for>
<status status="PASS" starttime="20230822 20:19:14.232" endtime="20230822 20:19:14.233"/>
</kw>
<status status="PASS" starttime="20230822 20:19:14.221" endtime="20230822 20:19:14.233"/>
</iter>
<iter>
<var name="${end_point}">23</var>
<kw name="Get WebElements" library="SeleniumLibrary">
<var>${end_points}</var>
<arg>xpath = /html/body/div[4]/div[3]/div/div/div/div[2]/div/div/div/div/div/div[3]/div/div/div/div/div/div/div/div[3]/div/div[6]/div/div[2]/div[${end_point}]</arg>
<doc>Returns a list of WebElement objects matching the ``locator``.</doc>
<msg timestamp="20230822 20:19:14.245" level="INFO">${end_points} = []</msg>
<status status="PASS" starttime="20230822 20:19:14.234" endtime="20230822 20:19:14.245"/>
</kw>
<kw name="Scroll To Load More Data">
<arg>${end_points}</arg>
<for flavor="IN">
<var>${element}</var>
<value>@{elements}</value>
<iter>
<var name="${element}"/>
<kw name="Scroll Element Into View" library="SeleniumLibrary">
<arg>${element}</arg>
<doc>Scrolls the element identified by ``locator`` into view.</doc>
<status status="NOT RUN" starttime="20230822 20:19:14.246" endtime="20230822 20:19:14.246"/>
</kw>
<status status="NOT RUN" starttime="20230822 20:19:14.246" endtime="20230822 20:19:14.246"/>
</iter>
<status status="NOT RUN" starttime="20230822 20:19:14.245" endtime="20230822 20:19:14.246"/>
</for>
<status status="PASS" starttime="20230822 20:19:14.245" endtime="20230822 20:19:14.246"/>
</kw>
<status status="PASS" starttime="20230822 20:19:14.233" endtime="20230822 20:19:14.246"/>
</iter>
<iter>
<var name="${end_point}">24</var>
<kw name="Get WebElements" library="SeleniumLibrary">
<var>${end_points}</var>
<arg>xpath = /html/body/div[4]/div[3]/div/div/div/div[2]/div/div/div/div/div/div[3]/div/div/div/div/div/div/div/div[3]/div/div[6]/div/div[2]/div[${end_point}]</arg>
<doc>Returns a list of WebElement objects matching the ``locator``.</doc>
<msg timestamp="20230822 20:19:14.258" level="INFO">${end_points} = []</msg>
<status status="PASS" starttime="20230822 20:19:14.247" endtime="20230822 20:19:14.258"/>
</kw>
<kw name="Scroll To Load More Data">
<arg>${end_points}</arg>
<for flavor="IN">
<var>${element}</var>
<value>@{elements}</value>
<iter>
<var name="${element}"/>
<kw name="Scroll Element Into View" library="SeleniumLibrary">
<arg>${element}</arg>
<doc>Scrolls the element identified by ``locator`` into view.</doc>
<status status="NOT RUN" starttime="20230822 20:19:14.259" endtime="20230822 20:19:14.259"/>
</kw>
<status status="NOT RUN" starttime="20230822 20:19:14.259" endtime="20230822 20:19:14.259"/>
</iter>
<status status="NOT RUN" starttime="20230822 20:19:14.259" endtime="20230822 20:19:14.259"/>
</for>
<status status="PASS" starttime="20230822 20:19:14.258" endtime="20230822 20:19:14.259"/>
</kw>
<status status="PASS" starttime="20230822 20:19:14.246" endtime="20230822 20:19:14.259"/>
</iter>
<iter>
<var name="${end_point}">25</var>
<kw name="Get WebElements" library="SeleniumLibrary">
<var>${end_points}</var>
<arg>xpath = /html/body/div[4]/div[3]/div/div/div/div[2]/div/div/div/div/div/div[3]/div/div/div/div/div/div/div/div[3]/div/div[6]/div/div[2]/div[${end_point}]</arg>
<doc>Returns a list of WebElement objects matching the ``locator``.</doc>
<msg timestamp="20230822 20:19:14.272" level="INFO">${end_points} = []</msg>
<status status="PASS" starttime="20230822 20:19:14.260" endtime="20230822 20:19:14.273"/>
</kw>
<kw name="Scroll To Load More Data">
<arg>${end_points}</arg>
<for flavor="IN">
<var>${element}</var>
<value>@{elements}</value>
<iter>
<var name="${element}"/>
<kw name="Scroll Element Into View" library="SeleniumLibrary">
<arg>${element}</arg>
<doc>Scrolls the element identified by ``locator`` into view.</doc>
<status status="NOT RUN" starttime="20230822 20:19:14.273" endtime="20230822 20:19:14.274"/>
</kw>
<status status="NOT RUN" starttime="20230822 20:19:14.273" endtime="20230822 20:19:14.274"/>
</iter>
<status status="NOT RUN" starttime="20230822 20:19:14.273" endtime="20230822 20:19:14.274"/>
</for>
<status status="PASS" starttime="20230822 20:19:14.273" endtime="20230822 20:19:14.274"/>
</kw>
<status status="PASS" starttime="20230822 20:19:14.260" endtime="20230822 20:19:14.274"/>
</iter>
<iter>
<var name="${end_point}">26</var>
<kw name="Get WebElements" library="SeleniumLibrary">
<var>${end_points}</var>
<arg>xpath = /html/body/div[4]/div[3]/div/div/div/div[2]/div/div/div/div/div/div[3]/div/div/div/div/div/div/div/div[3]/div/div[6]/div/div[2]/div[${end_point}]</arg>
<doc>Returns a list of WebElement objects matching the ``locator``.</doc>
<msg timestamp="20230822 20:19:14.292" level="INFO">${end_points} = []</msg>
<status status="PASS" starttime="20230822 20:19:14.274" endtime="20230822 20:19:14.292"/>
</kw>
<kw name="Scroll To Load More Data">
<arg>${end_points}</arg>
<for flavor="IN">
<var>${element}</var>
<value>@{elements}</value>
<iter>
<var name="${element}"/>
<kw name="Scroll Element Into View" library="SeleniumLibrary">
<arg>${element}</arg>
<doc>Scrolls the element identified by ``locator`` into view.</doc>
<status status="NOT RUN" starttime="20230822 20:19:14.293" endtime="20230822 20:19:14.293"/>
</kw>
<status status="NOT RUN" starttime="20230822 20:19:14.293" endtime="20230822 20:19:14.293"/>
</iter>
<status status="NOT RUN" starttime="20230822 20:19:14.293" endtime="20230822 20:19:14.293"/>
</for>
<status status="PASS" starttime="20230822 20:19:14.292" endtime="20230822 20:19:14.293"/>
</kw>
<status status="PASS" starttime="20230822 20:19:14.274" endtime="20230822 20:19:14.293"/>
</iter>
<iter>
<var name="${end_point}">27</var>
<kw name="Get WebElements" library="SeleniumLibrary">
<var>${end_points}</var>
<arg>xpath = /html/body/div[4]/div[3]/div/div/div/div[2]/div/div/div/div/div/div[3]/div/div/div/div/div/div/div/div[3]/div/div[6]/div/div[2]/div[${end_point}]</arg>
<doc>Returns a list of WebElement objects matching the ``locator``.</doc>
<msg timestamp="20230822 20:19:14.308" level="INFO">${end_points} = []</msg>
<status status="PASS" starttime="20230822 20:19:14.294" endtime="20230822 20:19:14.309"/>
</kw>
<kw name="Scroll To Load More Data">
<arg>${end_points}</arg>
<for flavor="IN">
<var>${element}</var>
<value>@{elements}</value>
<iter>
<var name="${element}"/>
<kw name="Scroll Element Into View" library="SeleniumLibrary">
<arg>${element}</arg>
<doc>Scrolls the element identified by ``locator`` into view.</doc>
<status status="NOT RUN" starttime="20230822 20:19:14.309" endtime="20230822 20:19:14.310"/>
</kw>
<status status="NOT RUN" starttime="20230822 20:19:14.309" endtime="20230822 20:19:14.310"/>
</iter>
<status status="NOT RUN" starttime="20230822 20:19:14.309" endtime="20230822 20:19:14.310"/>
</for>
<status status="PASS" starttime="20230822 20:19:14.309" endtime="20230822 20:19:14.310"/>
</kw>
<status status="PASS" starttime="20230822 20:19:14.294" endtime="20230822 20:19:14.310"/>
</iter>
<iter>
<var name="${end_point}">28</var>
<kw name="Get WebElements" library="SeleniumLibrary">
<var>${end_points}</var>
<arg>xpath = /html/body/div[4]/div[3]/div/div/div/div[2]/div/div/div/div/div/div[3]/div/div/div/div/div/div/div/div[3]/div/div[6]/div/div[2]/div[${end_point}]</arg>
<doc>Returns a list of WebElement objects matching the ``locator``.</doc>
<msg timestamp="20230822 20:19:14.326" level="INFO">${end_points} = []</msg>
<status status="PASS" starttime="20230822 20:19:14.310" endtime="20230822 20:19:14.327"/>
</kw>
<kw name="Scroll To Load More Data">
<arg>${end_points}</arg>
<for flavor="IN">
<var>${element}</var>
<value>@{elements}</value>
<iter>
<var name="${element}"/>
<kw name="Scroll Element Into View" library="SeleniumLibrary">
<arg>${element}</arg>
<doc>Scrolls the element identified by ``locator`` into view.</doc>
<status status="NOT RUN" starttime="20230822 20:19:14.327" endtime="20230822 20:19:14.328"/>
</kw>
<status status="NOT RUN" starttime="20230822 20:19:14.327" endtime="20230822 20:19:14.328"/>
</iter>
<status status="NOT RUN" starttime="20230822 20:19:14.327" endtime="20230822 20:19:14.328"/>
</for>
<status status="PASS" starttime="20230822 20:19:14.327" endtime="20230822 20:19:14.328"/>
</kw>
<status status="PASS" starttime="20230822 20:19:14.310" endtime="20230822 20:19:14.328"/>
</iter>
<iter>
<var name="${end_point}">29</var>
<kw name="Get WebElements" library="SeleniumLibrary">
<var>${end_points}</var>
<arg>xpath = /html/body/div[4]/div[3]/div/div/div/div[2]/div/div/div/div/div/div[3]/div/div/div/div/div/div/div/div[3]/div/div[6]/div/div[2]/div[${end_point}]</arg>
<doc>Returns a list of WebElement objects matching the ``locator``.</doc>
<msg timestamp="20230822 20:19:14.341" level="INFO">${end_points} = []</msg>
<status status="PASS" starttime="20230822 20:19:14.328" endtime="20230822 20:19:14.341"/>
</kw>
<kw name="Scroll To Load More Data">
<arg>${end_points}</arg>
<for flavor="IN">
<var>${element}</var>
<value>@{elements}</value>
<iter>
<var name="${element}"/>
<kw name="Scroll Element Into View" library="SeleniumLibrary">
<arg>${element}</arg>
<doc>Scrolls the element identified by ``locator`` into view.</doc>
<status status="NOT RUN" starttime="20230822 20:19:14.342" endtime="20230822 20:19:14.342"/>
</kw>
<status status="NOT RUN" starttime="20230822 20:19:14.342" endtime="20230822 20:19:14.342"/>
</iter>
<status status="NOT RUN" starttime="20230822 20:19:14.341" endtime="20230822 20:19:14.342"/>
</for>
<status status="PASS" starttime="20230822 20:19:14.341" endtime="20230822 20:19:14.342"/>
</kw>
<status status="PASS" starttime="20230822 20:19:14.328" endtime="20230822 20:19:14.342"/>
</iter>
<iter>
<var name="${end_point}">30</var>
<kw name="Get WebElements" library="SeleniumLibrary">
<var>${end_points}</var>
<arg>xpath = /html/body/div[4]/div[3]/div/div/div/div[2]/div/div/div/div/div/div[3]/div/div/div/div/div/div/div/div[3]/div/div[6]/div/div[2]/div[${end_point}]</arg>
<doc>Returns a list of WebElement objects matching the ``locator``.</doc>
<msg timestamp="20230822 20:19:14.355" level="INFO">${end_points} = []</msg>
<status status="PASS" starttime="20230822 20:19:14.343" endtime="20230822 20:19:14.355"/>
</kw>
<kw name="Scroll To Load More Data">
<arg>${end_points}</arg>
<for flavor="IN">
<var>${element}</var>
<value>@{elements}</value>
<iter>
<var name="${element}"/>
<kw name="Scroll Element Into View" library="SeleniumLibrary">
<arg>${element}</arg>
<doc>Scrolls the element identified by ``locator`` into view.</doc>
<status status="NOT RUN" starttime="20230822 20:19:14.356" endtime="20230822 20:19:14.356"/>
</kw>
<status status="NOT RUN" starttime="20230822 20:19:14.356" endtime="20230822 20:19:14.356"/>
</iter>
<status status="NOT RUN" starttime="20230822 20:19:14.356" endtime="20230822 20:19:14.357"/>
</for>
<status status="PASS" starttime="20230822 20:19:14.356" endtime="20230822 20:19:14.357"/>
</kw>
<status status="PASS" starttime="20230822 20:19:14.342" endtime="20230822 20:19:14.357"/>
</iter>
<iter>
<var name="${end_point}">31</var>
<kw name="Get WebElements" library="SeleniumLibrary">
<var>${end_points}</var>
<arg>xpath = /html/body/div[4]/div[3]/div/div/div/div[2]/div/div/div/div/div/div[3]/div/div/div/div/div/div/div/div[3]/div/div[6]/div/div[2]/div[${end_point}]</arg>
<doc>Returns a list of WebElement objects matching the ``locator``.</doc>
<msg timestamp="20230822 20:19:14.369" level="INFO">${end_points} = []</msg>
<status status="PASS" starttime="20230822 20:19:14.357" endtime="20230822 20:19:14.369"/>
</kw>
<kw name="Scroll To Load More Data">
<arg>${end_points}</arg>
<for flavor="IN">
<var>${element}</var>
<value>@{elements}</value>
<iter>
<var name="${element}"/>
<kw name="Scroll Element Into View" library="SeleniumLibrary">
<arg>${element}</arg>
<doc>Scrolls the element identified by ``locator`` into view.</doc>
<status status="NOT RUN" starttime="20230822 20:19:14.370" endtime="20230822 20:19:14.370"/>
</kw>
<status status="NOT RUN" starttime="20230822 20:19:14.369" endtime="20230822 20:19:14.370"/>
</iter>
<status status="NOT RUN" starttime="20230822 20:19:14.369" endtime="20230822 20:19:14.370"/>
</for>
<status status="PASS" starttime="20230822 20:19:14.369" endtime="20230822 20:19:14.370"/>
</kw>
<status status="PASS" starttime="20230822 20:19:14.357" endtime="20230822 20:19:14.370"/>
</iter>
<iter>
<var name="${end_point}">32</var>
<kw name="Get WebElements" library="SeleniumLibrary">
<var>${end_points}</var>
<arg>xpath = /html/body/div[4]/div[3]/div/div/div/div[2]/div/div/div/div/div/div[3]/div/div/div/div/div/div/div/div[3]/div/div[6]/div/div[2]/div[${end_point}]</arg>
<doc>Returns a list of WebElement objects matching the ``locator``.</doc>
<msg timestamp="20230822 20:19:14.384" level="INFO">${end_points} = []</msg>
<status status="PASS" starttime="20230822 20:19:14.371" endtime="20230822 20:19:14.384"/>
</kw>
<kw name="Scroll To Load More Data">
<arg>${end_points}</arg>
<for flavor="IN">
<var>${element}</var>
<value>@{elements}</value>
<iter>
<var name="${element}"/>
<kw name="Scroll Element Into View" library="SeleniumLibrary">
<arg>${element}</arg>
<doc>Scrolls the element identified by ``locator`` into view.</doc>
<status status="NOT RUN" starttime="20230822 20:19:14.385" endtime="20230822 20:19:14.385"/>
</kw>
<status status="NOT RUN" starttime="20230822 20:19:14.385" endtime="20230822 20:19:14.385"/>
</iter>
<status status="NOT RUN" starttime="20230822 20:19:14.385" endtime="20230822 20:19:14.385"/>
</for>
<status status="PASS" starttime="20230822 20:19:14.384" endtime="20230822 20:19:14.385"/>
</kw>
<status status="PASS" starttime="20230822 20:19:14.371" endtime="20230822 20:19:14.385"/>
</iter>
<status status="PASS" starttime="20230822 20:19:10.675" endtime="20230822 20:19:14.386"/>
</for>
<kw name="Get WebElements" library="SeleniumLibrary">
<var>${product_elements}</var>
<arg>//*[@class= 'zv-product-attribute-label c00445 zv-text']</arg>
<doc>Returns a list of WebElement objects matching the ``locator``.</doc>
<msg timestamp="20230822 20:19:14.402" level="INFO">${product_elements} = [&lt;selenium.webdriver.remote.webelement.WebElement (session="7b672e80c351e816fcf3f8e51b3f7e13", element="DE5746BB65EE42822C46E760256106A9_element_190")&gt;, &lt;selenium.webdriver.remote.webelement.WebElemen...</msg>
<status status="PASS" starttime="20230822 20:19:14.386" endtime="20230822 20:19:14.402"/>
</kw>
<kw name="Create List" library="BuiltIn">
<var>${product_names}</var>
<doc>Returns a list containing given items.</doc>
<msg timestamp="20230822 20:19:14.403" level="INFO">${product_names} = []</msg>
<status status="PASS" starttime="20230822 20:19:14.403" endtime="20230822 20:19:14.404"/>
</kw>
<kw name="Sleep" library="BuiltIn">
<arg>5</arg>
<doc>Pauses the test executed for the given time.</doc>
<msg timestamp="20230822 20:19:19.405" level="INFO">Slept 5 seconds</msg>
<status status="PASS" starttime="20230822 20:19:14.404" endtime="20230822 20:19:19.405"/>
</kw>
<for flavor="IN">
<var>${element}</var>
<value>@{product_elements}</value>
<iter>
<var name="${element}">&lt;selenium.webdriver.remote.webelement.WebElement (session="7b672e80c351e816fcf3f8e51b3f7e13", element="DE5746BB65EE42822C46E760256106A9_element_190")&gt;</var>
<kw name="Get Text" library="SeleniumLibrary">
<var>${product_name}</var>
<arg>${element}</arg>
<doc>Returns the text value of the element identified by ``locator``.</doc>
<msg timestamp="20230822 20:19:19.415" level="INFO">${product_name} = SPE68B55UC</msg>
<status status="PASS" starttime="20230822 20:19:19.405" endtime="20230822 20:19:19.416"/>
</kw>
<kw name="Append To List" library="Collections">
<arg>${product_names}</arg>
<arg>${product_name}</arg>
<doc>Adds ``values`` to the end of ``list``.</doc>
<status status="PASS" starttime="20230822 20:19:19.416" endtime="20230822 20:19:19.416"/>
</kw>
<status status="PASS" starttime="20230822 20:19:19.405" endtime="20230822 20:19:19.416"/>
</iter>
<iter>
<var name="${element}">&lt;selenium.webdriver.remote.webelement.WebElement (session="7b672e80c351e816fcf3f8e51b3f7e13", element="DE5746BB65EE42822C46E760256106A9_element_191")&gt;</var>
<kw name="Get Text" library="SeleniumLibrary">
<var>${product_name}</var>
<arg>${element}</arg>
<doc>Returns the text value of the element identified by ``locator``.</doc>
<msg timestamp="20230822 20:19:19.427" level="INFO">${product_name} = SPV68B53UC</msg>
<status status="PASS" starttime="20230822 20:19:19.417" endtime="20230822 20:19:19.428"/>
</kw>
<kw name="Append To List" library="Collections">
<arg>${product_names}</arg>
<arg>${product_name}</arg>
<doc>Adds ``values`` to the end of ``list``.</doc>
<status status="PASS" starttime="20230822 20:19:19.428" endtime="20230822 20:19:19.428"/>
</kw>
<status status="PASS" starttime="20230822 20:19:19.416" endtime="20230822 20:19:19.428"/>
</iter>
<iter>
<var name="${element}">&lt;selenium.webdriver.remote.webelement.WebElement (session="7b672e80c351e816fcf3f8e51b3f7e13", element="DE5746BB65EE42822C46E760256106A9_element_192")&gt;</var>
<kw name="Get Text" library="SeleniumLibrary">
<var>${product_name}</var>
<arg>${element}</arg>
<doc>Returns the text value of the element identified by ``locator``.</doc>
<msg timestamp="20230822 20:19:19.439" level="INFO">${product_name} = SGE78B55UC</msg>
<status status="PASS" starttime="20230822 20:19:19.429" endtime="20230822 20:19:19.439"/>
</kw>
<kw name="Append To List" library="Collections">
<arg>${product_names}</arg>
<arg>${product_name}</arg>
<doc>Adds ``values`` to the end of ``list``.</doc>
<status status="PASS" starttime="20230822 20:19:19.439" endtime="20230822 20:19:19.440"/>
</kw>
<status status="PASS" starttime="20230822 20:19:19.428" endtime="20230822 20:19:19.440"/>
</iter>
<iter>
<var name="${element}">&lt;selenium.webdriver.remote.webelement.WebElement (session="7b672e80c351e816fcf3f8e51b3f7e13", element="DE5746BB65EE42822C46E760256106A9_element_193")&gt;</var>
<kw name="Get Text" library="SeleniumLibrary">
<var>${product_name}</var>
<arg>${element}</arg>
<doc>Returns the text value of the element identified by ``locator``.</doc>
<msg timestamp="20230822 20:19:19.449" level="INFO">${product_name} = SHPM78Z55N</msg>
<status status="PASS" starttime="20230822 20:19:19.440" endtime="20230822 20:19:19.449"/>
</kw>
<kw name="Append To List" library="Collections">
<arg>${product_names}</arg>
<arg>${product_name}</arg>
<doc>Adds ``values`` to the end of ``list``.</doc>
<status status="PASS" starttime="20230822 20:19:19.449" endtime="20230822 20:19:19.450"/>
</kw>
<status status="PASS" starttime="20230822 20:19:19.440" endtime="20230822 20:19:19.450"/>
</iter>
<iter>
<var name="${element}">&lt;selenium.webdriver.remote.webelement.WebElement (session="7b672e80c351e816fcf3f8e51b3f7e13", element="DE5746BB65EE42822C46E760256106A9_element_194")&gt;</var>
<kw name="Get Text" library="SeleniumLibrary">
<var>${product_name}</var>
<arg>${element}</arg>
<doc>Returns the text value of the element identified by ``locator``.</doc>
<msg timestamp="20230822 20:19:19.464" level="INFO">${product_name} = SGV78B53UC</msg>
<status status="PASS" starttime="20230822 20:19:19.450" endtime="20230822 20:19:19.465"/>
</kw>
<kw name="Append To List" library="Collections">
<arg>${product_names}</arg>
<arg>${product_name}</arg>
<doc>Adds ``values`` to the end of ``list``.</doc>
<status status="PASS" starttime="20230822 20:19:19.465" endtime="20230822 20:19:19.465"/>
</kw>
<status status="PASS" starttime="20230822 20:19:19.450" endtime="20230822 20:19:19.466"/>
</iter>
<iter>
<var name="${element}">&lt;selenium.webdriver.remote.webelement.WebElement (session="7b672e80c351e816fcf3f8e51b3f7e13", element="DE5746BB65EE42822C46E760256106A9_element_195")&gt;</var>
<kw name="Get Text" library="SeleniumLibrary">
<var>${product_name}</var>
<arg>${element}</arg>
<doc>Returns the text value of the element identified by ``locator``.</doc>
<msg timestamp="20230822 20:19:19.478" level="INFO">${product_name} = SGX78B55UC</msg>
<status status="PASS" starttime="20230822 20:19:19.466" endtime="20230822 20:19:19.478"/>
</kw>
<kw name="Append To List" library="Collections">
<arg>${product_names}</arg>
<arg>${product_name}</arg>
<doc>Adds ``values`` to the end of ``list``.</doc>
<status status="PASS" starttime="20230822 20:19:19.479" endtime="20230822 20:19:19.479"/>
</kw>
<status status="PASS" starttime="20230822 20:19:19.466" endtime="20230822 20:19:19.479"/>
</iter>
<iter>
<var name="${element}">&lt;selenium.webdriver.remote.webelement.WebElement (session="7b672e80c351e816fcf3f8e51b3f7e13", element="DE5746BB65EE42822C46E760256106A9_element_196")&gt;</var>
<kw name="Get Text" library="SeleniumLibrary">
<var>${product_name}</var>
<arg>${element}</arg>
<doc>Returns the text value of the element identified by ``locator``.</doc>
<msg timestamp="20230822 20:19:19.490" level="INFO">${product_name} = SHPM78Z54N</msg>
<status status="PASS" starttime="20230822 20:19:19.479" endtime="20230822 20:19:19.491"/>
</kw>
<kw name="Append To List" library="Collections">
<arg>${product_names}</arg>
<arg>${product_name}</arg>
<doc>Adds ``values`` to the end of ``list``.</doc>
<status status="PASS" starttime="20230822 20:19:19.491" endtime="20230822 20:19:19.491"/>
</kw>
<status status="PASS" starttime="20230822 20:19:19.479" endtime="20230822 20:19:19.492"/>
</iter>
<iter>
<var name="${element}">&lt;selenium.webdriver.remote.webelement.WebElement (session="7b672e80c351e816fcf3f8e51b3f7e13", element="DE5746BB65EE42822C46E760256106A9_element_197")&gt;</var>
<kw name="Get Text" library="SeleniumLibrary">
<var>${product_name}</var>
<arg>${element}</arg>
<doc>Returns the text value of the element identified by ``locator``.</doc>
<msg timestamp="20230822 20:19:19.503" level="INFO">${product_name} = SHVM78Z53N</msg>
<status status="PASS" starttime="20230822 20:19:19.492" endtime="20230822 20:19:19.503"/>
</kw>
<kw name="Append To List" library="Collections">
<arg>${product_names}</arg>
<arg>${product_name}</arg>
<doc>Adds ``values`` to the end of ``list``.</doc>
<status status="PASS" starttime="20230822 20:19:19.503" endtime="20230822 20:19:19.504"/>
</kw>
<status status="PASS" starttime="20230822 20:19:19.492" endtime="20230822 20:19:19.504"/>
</iter>
<iter>
<var name="${element}">&lt;selenium.webdriver.remote.webelement.WebElement (session="7b672e80c351e816fcf3f8e51b3f7e13", element="DE5746BB65EE42822C46E760256106A9_element_198")&gt;</var>
<kw name="Get Text" library="SeleniumLibrary">
<var>${product_name}</var>
<arg>${element}</arg>
<doc>Returns the text value of the element identified by ``locator``.</doc>
<msg timestamp="20230822 20:19:19.513" level="INFO">${product_name} = SHXM78Z55N</msg>
<status status="PASS" starttime="20230822 20:19:19.504" endtime="20230822 20:19:19.513"/>
</kw>
<kw name="Append To List" library="Collections">
<arg>${product_names}</arg>
<arg>${product_name}</arg>
<doc>Adds ``values`` to the end of ``list``.</doc>
<status status="PASS" starttime="20230822 20:19:19.513" endtime="20230822 20:19:19.513"/>
</kw>
<status status="PASS" starttime="20230822 20:19:19.504" endtime="20230822 20:19:19.514"/>
</iter>
<iter>
<var name="${element}">&lt;selenium.webdriver.remote.webelement.WebElement (session="7b672e80c351e816fcf3f8e51b3f7e13", element="DE5746BB65EE42822C46E760256106A9_element_199")&gt;</var>
<kw name="Get Text" library="SeleniumLibrary">
<var>${product_name}</var>
<arg>${element}</arg>
<doc>Returns the text value of the element identified by ``locator``.</doc>
<msg timestamp="20230822 20:19:19.523" level="INFO">${product_name} = SHE89PW75N</msg>
<status status="PASS" starttime="20230822 20:19:19.514" endtime="20230822 20:19:19.523"/>
</kw>
<kw name="Append To List" library="Collections">
<arg>${product_names}</arg>
<arg>${product_name}</arg>
<doc>Adds ``values`` to the end of ``list``.</doc>
<status status="PASS" starttime="20230822 20:19:19.523" endtime="20230822 20:19:19.523"/>
</kw>
<status status="PASS" starttime="20230822 20:19:19.514" endtime="20230822 20:19:19.523"/>
</iter>
<iter>
<var name="${element}">&lt;selenium.webdriver.remote.webelement.WebElement (session="7b672e80c351e816fcf3f8e51b3f7e13", element="DE5746BB65EE42822C46E760256106A9_element_200")&gt;</var>
<kw name="Get Text" library="SeleniumLibrary">
<var>${product_name}</var>
<arg>${element}</arg>
<doc>Returns the text value of the element identified by ``locator``.</doc>
<msg timestamp="20230822 20:19:19.532" level="INFO">${product_name} = SHV89PW73N</msg>
<status status="PASS" starttime="20230822 20:19:19.524" endtime="20230822 20:19:19.532"/>
</kw>
<kw name="Append To List" library="Collections">
<arg>${product_names}</arg>
<arg>${product_name}</arg>
<doc>Adds ``values`` to the end of ``list``.</doc>
<status status="PASS" starttime="20230822 20:19:19.532" endtime="20230822 20:19:19.532"/>
</kw>
<status status="PASS" starttime="20230822 20:19:19.523" endtime="20230822 20:19:19.532"/>
</iter>
<iter>
<var name="${element}">&lt;selenium.webdriver.remote.webelement.WebElement (session="7b672e80c351e816fcf3f8e51b3f7e13", element="DE5746BB65EE42822C46E760256106A9_element_201")&gt;</var>
<kw name="Get Text" library="SeleniumLibrary">
<var>${product_name}</var>
<arg>${element}</arg>
<doc>Returns the text value of the element identified by ``locator``.</doc>
<msg timestamp="20230822 20:19:19.541" level="INFO">${product_name} = SHX89PW75N</msg>
<status status="PASS" starttime="20230822 20:19:19.533" endtime="20230822 20:19:19.542"/>
</kw>
<kw name="Append To List" library="Collections">
<arg>${product_names}</arg>
<arg>${product_name}</arg>
<doc>Adds ``values`` to the end of ``list``.</doc>
<status status="PASS" starttime="20230822 20:19:19.542" endtime="20230822 20:19:19.542"/>
</kw>
<status status="PASS" starttime="20230822 20:19:19.532" endtime="20230822 20:19:19.542"/>
</iter>
<iter>
<var name="${element}">&lt;selenium.webdriver.remote.webelement.WebElement (session="7b672e80c351e816fcf3f8e51b3f7e13", element="DE5746BB65EE42822C46E760256106A9_element_202")&gt;</var>
<kw name="Get Text" library="SeleniumLibrary">
<var>${product_name}</var>
<arg>${element}</arg>
<doc>Returns the text value of the element identified by ``locator``.</doc>
<msg timestamp="20230822 20:19:19.552" level="INFO">${product_name} = SHE3AR72UC</msg>
<status status="PASS" starttime="20230822 20:19:19.543" endtime="20230822 20:19:19.552"/>
</kw>
<kw name="Append To List" library="Collections">
<arg>${product_names}</arg>
<arg>${product_name}</arg>
<doc>Adds ``values`` to the end of ``list``.</doc>
<status status="PASS" starttime="20230822 20:19:19.552" endtime="20230822 20:19:19.553"/>
</kw>
<status status="PASS" starttime="20230822 20:19:19.542" endtime="20230822 20:19:19.553"/>
</iter>
<iter>
<var name="${element}">&lt;selenium.webdriver.remote.webelement.WebElement (session="7b672e80c351e816fcf3f8e51b3f7e13", element="DE5746BB65EE42822C46E760256106A9_element_203")&gt;</var>
<kw name="Get Text" library="SeleniumLibrary">
<var>${product_name}</var>
<arg>${element}</arg>
<doc>Returns the text value of the element identified by ``locator``.</doc>
<msg timestamp="20230822 20:19:19.563" level="INFO">${product_name} = SHE3AR76UC</msg>
<status status="PASS" starttime="20230822 20:19:19.553" endtime="20230822 20:19:19.564"/>
</kw>
<kw name="Append To List" library="Collections">
<arg>${product_names}</arg>
<arg>${product_name}</arg>
<doc>Adds ``values`` to the end of ``list``.</doc>
<status status="PASS" starttime="20230822 20:19:19.564" endtime="20230822 20:19:19.564"/>
</kw>
<status status="PASS" starttime="20230822 20:19:19.553" endtime="20230822 20:19:19.564"/>
</iter>
<iter>
<var name="${element}">&lt;selenium.webdriver.remote.webelement.WebElement (session="7b672e80c351e816fcf3f8e51b3f7e13", element="DE5746BB65EE42822C46E760256106A9_element_204")&gt;</var>
<kw name="Get Text" library="SeleniumLibrary">
<var>${product_name}</var>
<arg>${element}</arg>
<doc>Returns the text value of the element identified by ``locator``.</doc>
<msg timestamp="20230822 20:19:19.574" level="INFO">${product_name} = SHEM3AY52N</msg>
<status status="PASS" starttime="20230822 20:19:19.564" endtime="20230822 20:19:19.574"/>
</kw>
<kw name="Append To List" library="Collections">
<arg>${product_names}</arg>
<arg>${product_name}</arg>
<doc>Adds ``values`` to the end of ``list``.</doc>
<status status="PASS" starttime="20230822 20:19:19.574" endtime="20230822 20:19:19.575"/>
</kw>
<status status="PASS" starttime="20230822 20:19:19.564" endtime="20230822 20:19:19.575"/>
</iter>
<iter>
<var name="${element}">&lt;selenium.webdriver.remote.webelement.WebElement (session="7b672e80c351e816fcf3f8e51b3f7e13", element="DE5746BB65EE42822C46E760256106A9_element_205")&gt;</var>
<kw name="Get Text" library="SeleniumLibrary">
<var>${product_name}</var>
<arg>${element}</arg>
<doc>Returns the text value of the element identified by ``locator``.</doc>
<msg timestamp="20230822 20:19:19.583" level="INFO">${product_name} = SHE3AR75UC</msg>
<status status="PASS" starttime="20230822 20:19:19.575" endtime="20230822 20:19:19.583"/>
</kw>
<kw name="Append To List" library="Collections">
<arg>${product_names}</arg>
<arg>${product_name}</arg>
<doc>Adds ``values`` to the end of ``list``.</doc>
<status status="PASS" starttime="20230822 20:19:19.583" endtime="20230822 20:19:19.584"/>
</kw>
<status status="PASS" starttime="20230822 20:19:19.575" endtime="20230822 20:19:19.584"/>
</iter>
<iter>
<var name="${element}">&lt;selenium.webdriver.remote.webelement.WebElement (session="7b672e80c351e816fcf3f8e51b3f7e13", element="DE5746BB65EE42822C46E760256106A9_element_206")&gt;</var>
<kw name="Get Text" library="SeleniumLibrary">
<var>${product_name}</var>
<arg>${element}</arg>
<doc>Returns the text value of the element identified by ``locator``.</doc>
<msg timestamp="20230822 20:19:19.595" level="INFO">${product_name} = SHEM3AY55N</msg>
<status status="PASS" starttime="20230822 20:19:19.584" endtime="20230822 20:19:19.595"/>
</kw>
<kw name="Append To List" library="Collections">
<arg>${product_names}</arg>
<arg>${product_name}</arg>
<doc>Adds ``values`` to the end of ``list``.</doc>
<status status="PASS" starttime="20230822 20:19:19.596" endtime="20230822 20:19:19.596"/>
</kw>
<status status="PASS" starttime="20230822 20:19:19.584" endtime="20230822 20:19:19.596"/>
</iter>
<iter>
<var name="${element}">&lt;selenium.webdriver.remote.webelement.WebElement (session="7b672e80c351e816fcf3f8e51b3f7e13", element="DE5746BB65EE42822C46E760256106A9_element_207")&gt;</var>
<kw name="Get Text" library="SeleniumLibrary">
<var>${product_name}</var>
<arg>${element}</arg>
<doc>Returns the text value of the element identified by ``locator``.</doc>
<msg timestamp="20230822 20:19:19.607" level="INFO">${product_name} = SHX3AR72UC</msg>
<status status="PASS" starttime="20230822 20:19:19.596" endtime="20230822 20:19:19.607"/>
</kw>
<kw name="Append To List" library="Collections">
<arg>${product_names}</arg>
<arg>${product_name}</arg>
<doc>Adds ``values`` to the end of ``list``.</doc>
<status status="PASS" starttime="20230822 20:19:19.607" endtime="20230822 20:19:19.607"/>
</kw>
<status status="PASS" starttime="20230822 20:19:19.596" endtime="20230822 20:19:19.607"/>
</iter>
<iter>
<var name="${element}">&lt;selenium.webdriver.remote.webelement.WebElement (session="7b672e80c351e816fcf3f8e51b3f7e13", element="DE5746BB65EE42822C46E760256106A9_element_208")&gt;</var>
<kw name="Get Text" library="SeleniumLibrary">
<var>${product_name}</var>
<arg>${element}</arg>
<doc>Returns the text value of the element identified by ``locator``.</doc>
<msg timestamp="20230822 20:19:19.617" level="INFO">${product_name} = SHXM4AY56N</msg>
<status status="PASS" starttime="20230822 20:19:19.608" endtime="20230822 20:19:19.617"/>
</kw>
<kw name="Append To List" library="Collections">
<arg>${product_names}</arg>
<arg>${product_name}</arg>
<doc>Adds ``values`` to the end of ``list``.</doc>
<status status="PASS" starttime="20230822 20:19:19.617" endtime="20230822 20:19:19.617"/>
</kw>
<status status="PASS" starttime="20230822 20:19:19.608" endtime="20230822 20:19:19.618"/>
</iter>
<iter>
<var name="${element}">&lt;selenium.webdriver.remote.webelement.WebElement (session="7b672e80c351e816fcf3f8e51b3f7e13", element="DE5746BB65EE42822C46E760256106A9_element_209")&gt;</var>
<kw name="Get Text" library="SeleniumLibrary">
<var>${product_name}</var>
<arg>${element}</arg>
<doc>Returns the text value of the element identified by ``locator``.</doc>
<msg timestamp="20230822 20:19:19.628" level="INFO">${product_name} = SHXM4AY55N</msg>
<status status="PASS" starttime="20230822 20:19:19.618" endtime="20230822 20:19:19.628"/>
</kw>
<kw name="Append To List" library="Collections">
<arg>${product_names}</arg>
<arg>${product_name}</arg>
<doc>Adds ``values`` to the end of ``list``.</doc>
<status status="PASS" starttime="20230822 20:19:19.629" endtime="20230822 20:19:19.629"/>
</kw>
<status status="PASS" starttime="20230822 20:19:19.618" endtime="20230822 20:19:19.629"/>
</iter>
<status status="PASS" starttime="20230822 20:19:19.405" endtime="20230822 20:19:19.629"/>
</for>
<return>
<value>${product_names}</value>
<status status="PASS" starttime="20230822 20:19:19.629" endtime="20230822 20:19:19.629"/>
</return>
<msg timestamp="20230822 20:19:19.629" level="INFO">${web_product_names} = ['SPE68B55UC', 'SPV68B53UC', 'SGE78B55UC', 'SHPM78Z55N', 'SGV78B53UC', 'SGX78B55UC', 'SHPM78Z54N', 'SHVM78Z53N', 'SHXM78Z55N', 'SHE89PW75N', 'SHV89PW73N', 'SHX89PW75N', 'SHE3AR72UC', 'SHE3AR76UC', 'SH...</msg>
<status status="PASS" starttime="20230822 20:19:10.675" endtime="20230822 20:19:19.630"/>
</kw>
<kw name="Sleep" library="BuiltIn">
<arg>5</arg>
<doc>Pauses the test executed for the given time.</doc>
<msg timestamp="20230822 20:19:24.631" level="INFO">Slept 5 seconds</msg>
<status status="PASS" starttime="20230822 20:19:19.630" endtime="20230822 20:19:24.631"/>
</kw>
<kw name="Should Contain" library="BuiltIn">
<arg>${web_product_names}</arg>
<arg>${product_name}</arg>
<doc>Fails if ``container`` does not contain ``item`` one or more times.</doc>
<status status="PASS" starttime="20230822 20:19:24.631" endtime="20230822 20:19:24.631"/>
</kw>
<kw name="Log" library="BuiltIn">
<arg>Verification for product: ${product_name} successful</arg>
<doc>Logs the given message with the given level.</doc>
<msg timestamp="20230822 20:19:24.632" level="INFO">Verification for product: SPE68B55UC successful</msg>
<status status="PASS" starttime="20230822 20:19:24.631" endtime="20230822 20:19:24.632"/>
</kw>
<kw name="Close Browser" library="SeleniumLibrary">
<doc>Closes the current browser.</doc>
<status status="PASS" starttime="20230822 20:19:24.632" endtime="20230822 20:19:26.757"/>
</kw>
<status status="PASS" starttime="20230822 20:18:55.567" endtime="20230822 20:19:26.758"/>
</kw>
<status status="PASS" starttime="20230822 20:18:55.566" endtime="20230822 20:19:26.760"/>
</test>
<test id="s1-t2" name="TC6 Data driven check product name in hotspot sidebar SPV68B53UC" line="13">
<kw name="Verify Product Name">
<arg>SPV68B53UC</arg>
<kw name="Test open Browser" library="keyword">
<kw name="Open Browser" library="SeleniumLibrary">
<arg>${URL}</arg>
<arg>Chrome</arg>
<arg>executable_path=${CHROME_DRIVER_PATH}</arg>
<doc>Opens a new browser instance to the optional ``url``.</doc>
<msg timestamp="20230822 20:19:26.774" level="INFO">Opening browser 'Chrome' to base url 'https://www.bosch-home.com/us/kitchen-planning-resources?fbclid'.</msg>
<status status="PASS" starttime="20230822 20:19:26.772" endtime="20230822 20:19:34.492"/>
</kw>
<kw name="Maximize Browser Window" library="SeleniumLibrary">
<doc>Maximizes current browser window.</doc>
<status status="PASS" starttime="20230822 20:19:34.492" endtime="20230822 20:19:34.611"/>
</kw>
<kw name="Wait Until Element Is Visible" library="SeleniumLibrary">
<arg>//a[@class='cmpboxbtn cmpboxbtnyes cmptxt_btn_yes']</arg>
<arg>10</arg>
<doc>Waits until the element ``locator`` is visible.</doc>
<status status="PASS" starttime="20230822 20:19:34.611" endtime="20230822 20:19:34.639"/>
</kw>
<kw name="Click Element" library="SeleniumLibrary">
<arg>//a[@class='cmpboxbtn cmpboxbtnyes cmptxt_btn_yes']</arg>
<doc>Click the element identified by ``locator``.</doc>
<msg timestamp="20230822 20:19:34.639" level="INFO">Clicking element '//a[@class='cmpboxbtn cmpboxbtnyes cmptxt_btn_yes']'.</msg>
<status status="PASS" starttime="20230822 20:19:34.639" endtime="20230822 20:19:34.975"/>
</kw>
<kw name="Wait Until Element Is Visible" library="SeleniumLibrary">
<arg>//*[contains(text(),'Start from scratch')]</arg>
<arg>10</arg>
<doc>Waits until the element ``locator`` is visible.</doc>
<status status="PASS" starttime="20230822 20:19:34.975" endtime="20230822 20:19:35.111"/>
</kw>
<kw name="Click Element" library="SeleniumLibrary">
<arg>//*[contains(text(),'Start from scratch')]</arg>
<doc>Click the element identified by ``locator``.</doc>
<msg timestamp="20230822 20:19:35.111" level="INFO">Clicking element '//*[contains(text(),'Start from scratch')]'.</msg>
<status status="PASS" starttime="20230822 20:19:35.111" endtime="20230822 20:19:35.195"/>
</kw>
<kw name="Wait Until Page Contains Element" library="SeleniumLibrary">
<arg>//*[contains(text(),'Change package')]</arg>
<arg>20</arg>
<doc>Waits until the element ``locator`` appears on the current page.</doc>
<status status="PASS" starttime="20230822 20:19:35.195" endtime="20230822 20:19:39.817"/>
</kw>
<status status="PASS" starttime="20230822 20:19:26.770" endtime="20230822 20:19:39.817"/>
</kw>
<kw name="Verify that user can choose the correct appliances by product hotspot" library="keyword">
<kw name="Click Element" library="SeleniumLibrary">
<arg>//button[@class='zv-trigger zv-trigger-hotspot zv-trigger-250045620 c00177 has-tooltip']</arg>
<doc>Click the element identified by ``locator``.</doc>
<msg timestamp="20230822 20:19:39.818" level="INFO">Clicking element '//button[@class='zv-trigger zv-trigger-hotspot zv-trigger-250045620 c00177 has-tooltip']'.</msg>
<status status="PASS" starttime="20230822 20:19:39.818" endtime="20230822 20:19:40.174"/>
</kw>
<kw name="Wait Until Element Is Visible" library="SeleniumLibrary">
<arg>//div[@class= 'c00181 zv-section']</arg>
<arg>20</arg>
<doc>Waits until the element ``locator`` is visible.</doc>
<status status="PASS" starttime="20230822 20:19:40.174" endtime="20230822 20:19:40.835"/>
</kw>
<kw name="Wait Until Element Contains" library="SeleniumLibrary">
<arg>//span[@class= 'c00185 zv-text c00184 zv-section-headline']</arg>
<arg>Dishwasher</arg>
<doc>Waits until the element ``locator`` contains ``text``.</doc>
<status status="PASS" starttime="20230822 20:19:40.835" endtime="20230822 20:19:40.868"/>
</kw>
<status status="PASS" starttime="20230822 20:19:39.817" endtime="20230822 20:19:40.869"/>
</kw>
<kw name="Get Web Product Names">
<var>${web_product_names}</var>
<for flavor="IN RANGE">
<var>${end_point}</var>
<value>1</value>
<value>33</value>
<value>1</value>
<iter>
<var name="${end_point}">1</var>
<kw name="Get WebElements" library="SeleniumLibrary">
<var>${end_points}</var>
<arg>xpath = /html/body/div[4]/div[3]/div/div/div/div[2]/div/div/div/div/div/div[3]/div/div/div/div/div/div/div/div[3]/div/div[6]/div/div[2]/div[${end_point}]</arg>
<doc>Returns a list of WebElement objects matching the ``locator``.</doc>
<msg timestamp="20230822 20:19:40.885" level="INFO">${end_points} = [&lt;selenium.webdriver.remote.webelement.WebElement (session="0f20257a06190fd9309ad575306f51ef", element="CA1E6E662D28ECFBD39669999A2086F6_element_187")&gt;]</msg>
<status status="PASS" starttime="20230822 20:19:40.870" endtime="20230822 20:19:40.885"/>
</kw>
<kw name="Scroll To Load More Data">
<arg>${end_points}</arg>
<for flavor="IN">
<var>${element}</var>
<value>@{elements}</value>
<iter>
<var name="${element}">&lt;selenium.webdriver.remote.webelement.WebElement (session="0f20257a06190fd9309ad575306f51ef", element="CA1E6E662D28ECFBD39669999A2086F6_element_187")&gt;</var>
<kw name="Scroll Element Into View" library="SeleniumLibrary">
<arg>${element}</arg>
<doc>Scrolls the element identified by ``locator`` into view.</doc>
<status status="PASS" starttime="20230822 20:19:40.886" endtime="20230822 20:19:41.168"/>
</kw>
<status status="PASS" starttime="20230822 20:19:40.886" endtime="20230822 20:19:41.169"/>
</iter>
<status status="PASS" starttime="20230822 20:19:40.886" endtime="20230822 20:19:41.169"/>
</for>
<status status="PASS" starttime="20230822 20:19:40.885" endtime="20230822 20:19:41.170"/>
</kw>
<status status="PASS" starttime="20230822 20:19:40.869" endtime="20230822 20:19:41.171"/>
</iter>
<iter>
<var name="${end_point}">2</var>
<kw name="Get WebElements" library="SeleniumLibrary">
<var>${end_points}</var>
<arg>xpath = /html/body/div[4]/div[3]/div/div/div/div[2]/div/div/div/div/div/div[3]/div/div/div/div/div/div/div/div[3]/div/div[6]/div/div[2]/div[${end_point}]</arg>
<doc>Returns a list of WebElement objects matching the ``locator``.</doc>
<msg timestamp="20230822 20:19:41.196" level="INFO">${end_points} = [&lt;selenium.webdriver.remote.webelement.WebElement (session="0f20257a06190fd9309ad575306f51ef", element="CA1E6E662D28ECFBD39669999A2086F6_element_188")&gt;]</msg>
<status status="PASS" starttime="20230822 20:19:41.173" endtime="20230822 20:19:41.196"/>
</kw>
<kw name="Scroll To Load More Data">
<arg>${end_points}</arg>
<for flavor="IN">
<var>${element}</var>
<value>@{elements}</value>
<iter>
<var name="${element}">&lt;selenium.webdriver.remote.webelement.WebElement (session="0f20257a06190fd9309ad575306f51ef", element="CA1E6E662D28ECFBD39669999A2086F6_element_188")&gt;</var>
<kw name="Scroll Element Into View" library="SeleniumLibrary">
<arg>${element}</arg>
<doc>Scrolls the element identified by ``locator`` into view.</doc>
<status status="PASS" starttime="20230822 20:19:41.197" endtime="20230822 20:19:41.478"/>
</kw>
<status status="PASS" starttime="20230822 20:19:41.197" endtime="20230822 20:19:41.478"/>
</iter>
<status status="PASS" starttime="20230822 20:19:41.197" endtime="20230822 20:19:41.478"/>
</for>
<status status="PASS" starttime="20230822 20:19:41.196" endtime="20230822 20:19:41.479"/>
</kw>
<status status="PASS" starttime="20230822 20:19:41.172" endtime="20230822 20:19:41.479"/>
</iter>
<iter>
<var name="${end_point}">3</var>
<kw name="Get WebElements" library="SeleniumLibrary">
<var>${end_points}</var>
<arg>xpath = /html/body/div[4]/div[3]/div/div/div/div[2]/div/div/div/div/div/div[3]/div/div/div/div/div/div/div/div[3]/div/div[6]/div/div[2]/div[${end_point}]</arg>
<doc>Returns a list of WebElement objects matching the ``locator``.</doc>
<msg timestamp="20230822 20:19:41.494" level="INFO">${end_points} = [&lt;selenium.webdriver.remote.webelement.WebElement (session="0f20257a06190fd9309ad575306f51ef", element="CA1E6E662D28ECFBD39669999A2086F6_element_189")&gt;]</msg>
<status status="PASS" starttime="20230822 20:19:41.479" endtime="20230822 20:19:41.494"/>
</kw>
<kw name="Scroll To Load More Data">
<arg>${end_points}</arg>
<for flavor="IN">
<var>${element}</var>
<value>@{elements}</value>
<iter>
[...]
<status status="PASS" starttime="20230822 20:21:37.275" endtime="20230822 20:21:37.288"/>
</kw>
<kw name="Scroll To Load More Data">
<arg>${end_points}</arg>
<for flavor="IN">
<var>${element}</var>
<value>@{elements}</value>
<iter>
<var name="${element}">&lt;selenium.webdriver.remote.webelement.WebElement (session="194e0fc839a7c699c6b5bf6f1b541e09", element="657E184F2ACA46B81E30BD8F69ED14CC_element_218")&gt;</var>
<kw name="Scroll Element Into View" library="SeleniumLibrary">
<arg>${element}</arg>
<doc>Scrolls the element identified by ``locator`` into view.</doc>
<status status="PASS" starttime="20230822 20:21:37.289" endtime="20230822 20:21:37.573"/>
</kw>
<status status="PASS" starttime="20230822 20:21:37.289" endtime="20230822 20:21:37.573"/>
</iter>
<status status="PASS" starttime="20230822 20:21:37.289" endtime="20230822 20:21:37.573"/>
</for>
<status status="PASS" starttime="20230822 20:21:37.289" endtime="20230822 20:21:37.573"/>
</kw>
<status status="PASS" starttime="20230822 20:21:37.275" endtime="20230822 20:21:37.573"/>
</iter>
<status status="PASS" starttime="20230822 20:21:27.859" endtime="20230822 20:21:37.573"/>
</for>
<kw name="Get WebElements" library="SeleniumLibrary">
<var>${product_elements}</var>
<arg>//*[@class= 'zv-product-attribute-label c00445 zv-text']</arg>
<doc>Returns a list of WebElement objects matching the ``locator``.</doc>
<msg timestamp="20230822 20:21:37.592" level="INFO">${product_elements} = [&lt;selenium.webdriver.remote.webelement.WebElement (session="194e0fc839a7c699c6b5bf6f1b541e09", element="657E184F2ACA46B81E30BD8F69ED14CC_element_219")&gt;, &lt;selenium.webdriver.remote.webelement.WebElemen...</msg>
<status status="PASS" starttime="20230822 20:21:37.573" endtime="20230822 20:21:37.592"/>
</kw>
<kw name="Create List" library="BuiltIn">
<var>${product_names}</var>
<doc>Returns a list containing given items.</doc>
<msg timestamp="20230822 20:21:37.593" level="INFO">${product_names} = []</msg>
<status status="PASS" starttime="20230822 20:21:37.593" endtime="20230822 20:21:37.593"/>
</kw>
<kw name="Sleep" library="BuiltIn">
<arg>5</arg>
<doc>Pauses the test executed for the given time.</doc>
<msg timestamp="20230822 20:21:42.593" level="INFO">Slept 5 seconds</msg>
<status status="PASS" starttime="20230822 20:21:37.593" endtime="20230822 20:21:42.593"/>
</kw>
<for flavor="IN">
<var>${element}</var>
<value>@{product_elements}</value>
<iter>
<var name="${element}">&lt;selenium.webdriver.remote.webelement.WebElement (session="194e0fc839a7c699c6b5bf6f1b541e09", element="657E184F2ACA46B81E30BD8F69ED14CC_element_219")&gt;</var>
<kw name="Get Text" library="SeleniumLibrary">
<var>${product_name}</var>
<arg>${element}</arg>
<doc>Returns the text value of the element identified by ``locator``.</doc>
<msg timestamp="20230822 20:21:42.603" level="INFO">${product_name} = SPE68B55UC</msg>
<status status="PASS" starttime="20230822 20:21:42.593" endtime="20230822 20:21:42.603"/>
</kw>
<kw name="Append To List" library="Collections">
<arg>${product_names}</arg>
<arg>${product_name}</arg>
<doc>Adds ``values`` to the end of ``list``.</doc>
<status status="PASS" starttime="20230822 20:21:42.603" endtime="20230822 20:21:42.603"/>
</kw>
<status status="PASS" starttime="20230822 20:21:42.593" endtime="20230822 20:21:42.604"/>
</iter>
<iter>
<var name="${element}">&lt;selenium.webdriver.remote.webelement.WebElement (session="194e0fc839a7c699c6b5bf6f1b541e09", element="657E184F2ACA46B81E30BD8F69ED14CC_element_220")&gt;</var>
<kw name="Get Text" library="SeleniumLibrary">
<var>${product_name}</var>
<arg>${element}</arg>
<doc>Returns the text value of the element identified by ``locator``.</doc>
<msg timestamp="20230822 20:21:42.613" level="INFO">${product_name} = SPV68B53UC</msg>
<status status="PASS" starttime="20230822 20:21:42.604" endtime="20230822 20:21:42.613"/>
</kw>
<kw name="Append To List" library="Collections">
<arg>${product_names}</arg>
<arg>${product_name}</arg>
<doc>Adds ``values`` to the end of ``list``.</doc>
<status status="PASS" starttime="20230822 20:21:42.613" endtime="20230822 20:21:42.613"/>
</kw>
<status status="PASS" starttime="20230822 20:21:42.604" endtime="20230822 20:21:42.614"/>
</iter>
<iter>
<var name="${element}">&lt;selenium.webdriver.remote.webelement.WebElement (session="194e0fc839a7c699c6b5bf6f1b541e09", element="657E184F2ACA46B81E30BD8F69ED14CC_element_221")&gt;</var>
<kw name="Get Text" library="SeleniumLibrary">
<var>${product_name}</var>
<arg>${element}</arg>
<doc>Returns the text value of the element identified by ``locator``.</doc>
<msg timestamp="20230822 20:21:42.623" level="INFO">${product_name} = SGE78B55UC</msg>
<status status="PASS" starttime="20230822 20:21:42.614" endtime="20230822 20:21:42.623"/>
</kw>
<kw name="Append To List" library="Collections">
<arg>${product_names}</arg>
<arg>${product_name}</arg>
<doc>Adds ``values`` to the end of ``list``.</doc>
<status status="PASS" starttime="20230822 20:21:42.623" endtime="20230822 20:21:42.623"/>
</kw>
<status status="PASS" starttime="20230822 20:21:42.614" endtime="20230822 20:21:42.623"/>
</iter>
<iter>
<var name="${element}">&lt;selenium.webdriver.remote.webelement.WebElement (session="194e0fc839a7c699c6b5bf6f1b541e09", element="657E184F2ACA46B81E30BD8F69ED14CC_element_222")&gt;</var>
<kw name="Get Text" library="SeleniumLibrary">
<var>${product_name}</var>
<arg>${element}</arg>
<doc>Returns the text value of the element identified by ``locator``.</doc>
<msg timestamp="20230822 20:21:42.632" level="INFO">${product_name} = SHPM78Z55N</msg>
<status status="PASS" starttime="20230822 20:21:42.624" endtime="20230822 20:21:42.633"/>
</kw>
<kw name="Append To List" library="Collections">
<arg>${product_names}</arg>
<arg>${product_name}</arg>
<doc>Adds ``values`` to the end of ``list``.</doc>
<status status="PASS" starttime="20230822 20:21:42.633" endtime="20230822 20:21:42.633"/>
</kw>
<status status="PASS" starttime="20230822 20:21:42.624" endtime="20230822 20:21:42.633"/>
</iter>
<iter>
<var name="${element}">&lt;selenium.webdriver.remote.webelement.WebElement (session="194e0fc839a7c699c6b5bf6f1b541e09", element="657E184F2ACA46B81E30BD8F69ED14CC_element_223")&gt;</var>
<kw name="Get Text" library="SeleniumLibrary">
<var>${product_name}</var>
<arg>${element}</arg>
<doc>Returns the text value of the element identified by ``locator``.</doc>
<msg timestamp="20230822 20:21:42.645" level="INFO">${product_name} = SGV78B53UC</msg>
<status status="PASS" starttime="20230822 20:21:42.633" endtime="20230822 20:21:42.645"/>
</kw>
<kw name="Append To List" library="Collections">
<arg>${product_names}</arg>
<arg>${product_name}</arg>
<doc>Adds ``values`` to the end of ``list``.</doc>
<status status="PASS" starttime="20230822 20:21:42.645" endtime="20230822 20:21:42.645"/>
</kw>
<status status="PASS" starttime="20230822 20:21:42.633" endtime="20230822 20:21:42.646"/>
</iter>
<iter>
<var name="${element}">&lt;selenium.webdriver.remote.webelement.WebElement (session="194e0fc839a7c699c6b5bf6f1b541e09", element="657E184F2ACA46B81E30BD8F69ED14CC_element_224")&gt;</var>
<kw name="Get Text" library="SeleniumLibrary">
<var>${product_name}</var>
<arg>${element}</arg>
<doc>Returns the text value of the element identified by ``locator``.</doc>
<msg timestamp="20230822 20:21:42.657" level="INFO">${product_name} = SGX78B55UC</msg>
<status status="PASS" starttime="20230822 20:21:42.646" endtime="20230822 20:21:42.658"/>
</kw>
<kw name="Append To List" library="Collections">
<arg>${product_names}</arg>
<arg>${product_name}</arg>
<doc>Adds ``values`` to the end of ``list``.</doc>
<status status="PASS" starttime="20230822 20:21:42.658" endtime="20230822 20:21:42.658"/>
</kw>
<status status="PASS" starttime="20230822 20:21:42.646" endtime="20230822 20:21:42.658"/>
</iter>
<iter>
<var name="${element}">&lt;selenium.webdriver.remote.webelement.WebElement (session="194e0fc839a7c699c6b5bf6f1b541e09", element="657E184F2ACA46B81E30BD8F69ED14CC_element_225")&gt;</var>
<kw name="Get Text" library="SeleniumLibrary">
<var>${product_name}</var>
<arg>${element}</arg>
<doc>Returns the text value of the element identified by ``locator``.</doc>
<msg timestamp="20230822 20:21:42.667" level="INFO">${product_name} = SHPM78Z54N</msg>
<status status="PASS" starttime="20230822 20:21:42.658" endtime="20230822 20:21:42.667"/>
</kw>
<kw name="Append To List" library="Collections">
<arg>${product_names}</arg>
<arg>${product_name}</arg>
<doc>Adds ``values`` to the end of ``list``.</doc>
<status status="PASS" starttime="20230822 20:21:42.667" endtime="20230822 20:21:42.667"/>
</kw>
<status status="PASS" starttime="20230822 20:21:42.658" endtime="20230822 20:21:42.667"/>
</iter>
<iter>
<var name="${element}">&lt;selenium.webdriver.remote.webelement.WebElement (session="194e0fc839a7c699c6b5bf6f1b541e09", element="657E184F2ACA46B81E30BD8F69ED14CC_element_226")&gt;</var>
<kw name="Get Text" library="SeleniumLibrary">
<var>${product_name}</var>
<arg>${element}</arg>
<doc>Returns the text value of the element identified by ``locator``.</doc>
<msg timestamp="20230822 20:21:42.679" level="INFO">${product_name} = SHVM78Z53N</msg>
<status status="PASS" starttime="20230822 20:21:42.668" endtime="20230822 20:21:42.679"/>
</kw>
<kw name="Append To List" library="Collections">
<arg>${product_names}</arg>
<arg>${product_name}</arg>
<doc>Adds ``values`` to the end of ``list``.</doc>
<status status="PASS" starttime="20230822 20:21:42.679" endtime="20230822 20:21:42.680"/>
</kw>
<status status="PASS" starttime="20230822 20:21:42.668" endtime="20230822 20:21:42.680"/>
</iter>
<iter>
<var name="${element}">&lt;selenium.webdriver.remote.webelement.WebElement (session="194e0fc839a7c699c6b5bf6f1b541e09", element="657E184F2ACA46B81E30BD8F69ED14CC_element_227")&gt;</var>
<kw name="Get Text" library="SeleniumLibrary">
<var>${product_name}</var>
<arg>${element}</arg>
<doc>Returns the text value of the element identified by ``locator``.</doc>
<msg timestamp="20230822 20:21:42.690" level="INFO">${product_name} = SHXM78Z55N</msg>
<status status="PASS" starttime="20230822 20:21:42.680" endtime="20230822 20:21:42.690"/>
</kw>
<kw name="Append To List" library="Collections">
<arg>${product_names}</arg>
<arg>${product_name}</arg>
<doc>Adds ``values`` to the end of ``list``.</doc>
<status status="PASS" starttime="20230822 20:21:42.690" endtime="20230822 20:21:42.691"/>
</kw>
<status status="PASS" starttime="20230822 20:21:42.680" endtime="20230822 20:21:42.691"/>
</iter>
<iter>
<var name="${element}">&lt;selenium.webdriver.remote.webelement.WebElement (session="194e0fc839a7c699c6b5bf6f1b541e09", element="657E184F2ACA46B81E30BD8F69ED14CC_element_228")&gt;</var>
<kw name="Get Text" library="SeleniumLibrary">
<var>${product_name}</var>
<arg>${element}</arg>
<doc>Returns the text value of the element identified by ``locator``.</doc>
<msg timestamp="20230822 20:21:42.700" level="INFO">${product_name} = SHE89PW75N</msg>
<status status="PASS" starttime="20230822 20:21:42.691" endtime="20230822 20:21:42.700"/>
</kw>
<kw name="Append To List" library="Collections">
<arg>${product_names}</arg>
<arg>${product_name}</arg>
<doc>Adds ``values`` to the end of ``list``.</doc>
<status status="PASS" starttime="20230822 20:21:42.700" endtime="20230822 20:21:42.700"/>
</kw>
<status status="PASS" starttime="20230822 20:21:42.691" endtime="20230822 20:21:42.700"/>
</iter>
<iter>
<var name="${element}">&lt;selenium.webdriver.remote.webelement.WebElement (session="194e0fc839a7c699c6b5bf6f1b541e09", element="657E184F2ACA46B81E30BD8F69ED14CC_element_229")&gt;</var>
<kw name="Get Text" library="SeleniumLibrary">
<var>${product_name}</var>
<arg>${element}</arg>
<doc>Returns the text value of the element identified by ``locator``.</doc>
<msg timestamp="20230822 20:21:42.711" level="INFO">${product_name} = SHV89PW73N</msg>
<status status="PASS" starttime="20230822 20:21:42.701" endtime="20230822 20:21:42.712"/>
</kw>
<kw name="Append To List" library="Collections">
<arg>${product_names}</arg>
<arg>${product_name}</arg>
<doc>Adds ``values`` to the end of ``list``.</doc>
<status status="PASS" starttime="20230822 20:21:42.712" endtime="20230822 20:21:42.712"/>
</kw>
<status status="PASS" starttime="20230822 20:21:42.701" endtime="20230822 20:21:42.712"/>
</iter>
<iter>
<var name="${element}">&lt;selenium.webdriver.remote.webelement.WebElement (session="194e0fc839a7c699c6b5bf6f1b541e09", element="657E184F2ACA46B81E30BD8F69ED14CC_element_230")&gt;</var>
<kw name="Get Text" library="SeleniumLibrary">
<var>${product_name}</var>
<arg>${element}</arg>
<doc>Returns the text value of the element identified by ``locator``.</doc>
<msg timestamp="20230822 20:21:42.727" level="INFO">${product_name} = SHX89PW75N</msg>
<status status="PASS" starttime="20230822 20:21:42.713" endtime="20230822 20:21:42.727"/>
</kw>
<kw name="Append To List" library="Collections">
<arg>${product_names}</arg>
<arg>${product_name}</arg>
<doc>Adds ``values`` to the end of ``list``.</doc>
<status status="PASS" starttime="20230822 20:21:42.727" endtime="20230822 20:21:42.728"/>
</kw>
<status status="PASS" starttime="20230822 20:21:42.712" endtime="20230822 20:21:42.728"/>
</iter>
<iter>
<var name="${element}">&lt;selenium.webdriver.remote.webelement.WebElement (session="194e0fc839a7c699c6b5bf6f1b541e09", element="657E184F2ACA46B81E30BD8F69ED14CC_element_231")&gt;</var>
<kw name="Get Text" library="SeleniumLibrary">
<var>${product_name}</var>
<arg>${element}</arg>
<doc>Returns the text value of the element identified by ``locator``.</doc>
<msg timestamp="20230822 20:21:42.740" level="INFO">${product_name} = SHE3AR72UC</msg>
<status status="PASS" starttime="20230822 20:21:42.728" endtime="20230822 20:21:42.740"/>
</kw>
<kw name="Append To List" library="Collections">
<arg>${product_names}</arg>
<arg>${product_name}</arg>
<doc>Adds ``values`` to the end of ``list``.</doc>
<status status="PASS" starttime="20230822 20:21:42.740" endtime="20230822 20:21:42.741"/>
</kw>
<status status="PASS" starttime="20230822 20:21:42.728" endtime="20230822 20:21:42.741"/>
</iter>
<iter>
<var name="${element}">&lt;selenium.webdriver.remote.webelement.WebElement (session="194e0fc839a7c699c6b5bf6f1b541e09", element="657E184F2ACA46B81E30BD8F69ED14CC_element_232")&gt;</var>
<kw name="Get Text" library="SeleniumLibrary">
<var>${product_name}</var>
<arg>${element}</arg>
<doc>Returns the text value of the element identified by ``locator``.</doc>
<msg timestamp="20230822 20:21:42.751" level="INFO">${product_name} = SHE3AR76UC</msg>
<status status="PASS" starttime="20230822 20:21:42.741" endtime="20230822 20:21:42.752"/>
</kw>
<kw name="Append To List" library="Collections">
<arg>${product_names}</arg>
<arg>${product_name}</arg>
<doc>Adds ``values`` to the end of ``list``.</doc>
<status status="PASS" starttime="20230822 20:21:42.753" endtime="20230822 20:21:42.754"/>
</kw>
<status status="PASS" starttime="20230822 20:21:42.741" endtime="20230822 20:21:42.755"/>
</iter>
<iter>
<var name="${element}">&lt;selenium.webdriver.remote.webelement.WebElement (session="194e0fc839a7c699c6b5bf6f1b541e09", element="657E184F2ACA46B81E30BD8F69ED14CC_element_233")&gt;</var>
<kw name="Get Text" library="SeleniumLibrary">
<var>${product_name}</var>
<arg>${element}</arg>
<doc>Returns the text value of the element identified by ``locator``.</doc>
<msg timestamp="20230822 20:21:42.767" level="INFO">${product_name} = SHEM3AY52N</msg>
<status status="PASS" starttime="20230822 20:21:42.756" endtime="20230822 20:21:42.767"/>
</kw>
<kw name="Append To List" library="Collections">
<arg>${product_names}</arg>
<arg>${product_name}</arg>
<doc>Adds ``values`` to the end of ``list``.</doc>
<status status="PASS" starttime="20230822 20:21:42.768" endtime="20230822 20:21:42.768"/>
</kw>
<status status="PASS" starttime="20230822 20:21:42.755" endtime="20230822 20:21:42.768"/>
</iter>
<iter>
<var name="${element}">&lt;selenium.webdriver.remote.webelement.WebElement (session="194e0fc839a7c699c6b5bf6f1b541e09", element="657E184F2ACA46B81E30BD8F69ED14CC_element_234")&gt;</var>
<kw name="Get Text" library="SeleniumLibrary">
<var>${product_name}</var>
<arg>${element}</arg>
<doc>Returns the text value of the element identified by ``locator``.</doc>
<msg timestamp="20230822 20:21:42.779" level="INFO">${product_name} = SHE3AR75UC</msg>
<status status="PASS" starttime="20230822 20:21:42.768" endtime="20230822 20:21:42.780"/>
</kw>
<kw name="Append To List" library="Collections">
<arg>${product_names}</arg>
<arg>${product_name}</arg>
<doc>Adds ``values`` to the end of ``list``.</doc>
<status status="PASS" starttime="20230822 20:21:42.780" endtime="20230822 20:21:42.780"/>
</kw>
<status status="PASS" starttime="20230822 20:21:42.768" endtime="20230822 20:21:42.780"/>
</iter>
<iter>
<var name="${element}">&lt;selenium.webdriver.remote.webelement.WebElement (session="194e0fc839a7c699c6b5bf6f1b541e09", element="657E184F2ACA46B81E30BD8F69ED14CC_element_235")&gt;</var>
<kw name="Get Text" library="SeleniumLibrary">
<var>${product_name}</var>
<arg>${element}</arg>
<doc>Returns the text value of the element identified by ``locator``.</doc>
<msg timestamp="20230822 20:21:42.790" level="INFO">${product_name} = SHEM3AY55N</msg>
<status status="PASS" starttime="20230822 20:21:42.780" endtime="20230822 20:21:42.790"/>
</kw>
<kw name="Append To List" library="Collections">
<arg>${product_names}</arg>
<arg>${product_name}</arg>
<doc>Adds ``values`` to the end of ``list``.</doc>
<status status="PASS" starttime="20230822 20:21:42.790" endtime="20230822 20:21:42.790"/>
</kw>
<status status="PASS" starttime="20230822 20:21:42.780" endtime="20230822 20:21:42.790"/>
</iter>
<iter>
<var name="${element}">&lt;selenium.webdriver.remote.webelement.WebElement (session="194e0fc839a7c699c6b5bf6f1b541e09", element="657E184F2ACA46B81E30BD8F69ED14CC_element_236")&gt;</var>
<kw name="Get Text" library="SeleniumLibrary">
<var>${product_name}</var>
<arg>${element}</arg>
<doc>Returns the text value of the element identified by ``locator``.</doc>
<msg timestamp="20230822 20:21:42.799" level="INFO">${product_name} = SHX3AR72UC</msg>
<status status="PASS" starttime="20230822 20:21:42.791" endtime="20230822 20:21:42.800"/>
</kw>
<kw name="Append To List" library="Collections">
<arg>${product_names}</arg>
<arg>${product_name}</arg>
<doc>Adds ``values`` to the end of ``list``.</doc>
<status status="PASS" starttime="20230822 20:21:42.800" endtime="20230822 20:21:42.801"/>
</kw>
<status status="PASS" starttime="20230822 20:21:42.790" endtime="20230822 20:21:42.801"/>
</iter>
<iter>
<var name="${element}">&lt;selenium.webdriver.remote.webelement.WebElement (session="194e0fc839a7c699c6b5bf6f1b541e09", element="657E184F2ACA46B81E30BD8F69ED14CC_element_237")&gt;</var>
<kw name="Get Text" library="SeleniumLibrary">
<var>${product_name}</var>
<arg>${element}</arg>
<doc>Returns the text value of the element identified by ``locator``.</doc>
<msg timestamp="20230822 20:21:42.812" level="INFO">${product_name} = SHXM4AY56N</msg>
<status status="PASS" starttime="20230822 20:21:42.801" endtime="20230822 20:21:42.813"/>
</kw>
<kw name="Append To List" library="Collections">
<arg>${product_names}</arg>
<arg>${product_name}</arg>
<doc>Adds ``values`` to the end of ``list``.</doc>
<status status="PASS" starttime="20230822 20:21:42.813" endtime="20230822 20:21:42.813"/>
</kw>
<status status="PASS" starttime="20230822 20:21:42.801" endtime="20230822 20:21:42.813"/>
</iter>
<iter>
<var name="${element}">&lt;selenium.webdriver.remote.webelement.WebElement (session="194e0fc839a7c699c6b5bf6f1b541e09", element="657E184F2ACA46B81E30BD8F69ED14CC_element_238")&gt;</var>
<kw name="Get Text" library="SeleniumLibrary">
<var>${product_name}</var>
<arg>${element}</arg>
<doc>Returns the text value of the element identified by ``locator``.</doc>
<msg timestamp="20230822 20:21:42.825" level="INFO">