<?xml version="1.0" encoding="UTF-8"?>
<robot generator="Robot 5.0.1 (Python 3.11.3 on win32)" generated="20230820 01:02:52.411" rpa="false" schemaversion="3">
<suite id="s1" name="Product Data" source="d:\đồ án\DA2\thực hành\bosch\test\product_data.robot">
<test id="s1-t1" name="TC6 Data driven check product name in hotspot sidebar SPE68B55UC" line="12">
<kw name="Verify Product Name">
<arg>SPE68B55UC</arg>
<kw name="Test open Browser" library="keyword">
<kw name="Open Browser" library="SeleniumLibrary">
<arg>${URL}</arg>
<arg>Chrome</arg>
<arg>executable_path=${CHROME_DRIVER_PATH}</arg>
<doc>Opens a new browser instance to the optional ``url``.</doc>
<msg timestamp="20230820 01:02:53.932" level="INFO">Opening browser 'Chrome' to base url 'https://www.bosch-home.com/us/kitchen-planning-resources?fbclid'.</msg>
<status status="PASS" starttime="20230820 01:02:53.932" endtime="20230820 01:03:00.510"/>
</kw>
<kw name="Maximize Browser Window" library="SeleniumLibrary">
<doc>Maximizes current browser window.</doc>
<status status="PASS" starttime="20230820 01:03:00.510" endtime="20230820 01:03:00.642"/>
</kw>
<kw name="Wait Until Element Is Visible" library="SeleniumLibrary">
<arg>//a[@class='cmpboxbtn cmpboxbtnyes cmptxt_btn_yes']</arg>
<arg>10</arg>
<doc>Waits until the element ``locator`` is visible.</doc>
<status status="PASS" starttime="20230820 01:03:00.643" endtime="20230820 01:03:01.047"/>
</kw>
<kw name="Click Element" library="SeleniumLibrary">
<arg>//a[@class='cmpboxbtn cmpboxbtnyes cmptxt_btn_yes']</arg>
<doc>Click the element identified by ``locator``.</doc>
<msg timestamp="20230820 01:03:01.047" level="INFO">Clicking element '//a[@class='cmpboxbtn cmpboxbtnyes cmptxt_btn_yes']'.</msg>
<status status="PASS" starttime="20230820 01:03:01.047" endtime="20230820 01:03:01.442"/>
</kw>
<kw name="Wait Until Element Is Visible" library="SeleniumLibrary">
<arg>//*[contains(text(),'Start from scratch')]</arg>
<arg>10</arg>
<doc>Waits until the element ``locator`` is visible.</doc>
<status status="PASS" starttime="20230820 01:03:01.443" endtime="20230820 01:03:01.541"/>
</kw>
<kw name="Click Element" library="SeleniumLibrary">
<arg>//*[contains(text(),'Start from scratch')]</arg>
<doc>Click the element identified by ``locator``.</doc>
<msg timestamp="20230820 01:03:01.542" level="INFO">Clicking element '//*[contains(text(),'Start from scratch')]'.</msg>
<status status="PASS" starttime="20230820 01:03:01.541" endtime="20230820 01:03:01.708"/>
</kw>
<kw name="Wait Until Page Contains Element" library="SeleniumLibrary">
<arg>//*[contains(text(),'Change package')]</arg>
<arg>20</arg>
<doc>Waits until the element ``locator`` appears on the current page.</doc>
<status status="PASS" starttime="20230820 01:03:01.709" endtime="20230820 01:03:08.126"/>
</kw>
<status status="PASS" starttime="20230820 01:02:53.932" endtime="20230820 01:03:08.126"/>
</kw>
<kw name="Verify that user can choose the correct appliances by product hotspot" library="keyword">
<kw name="Click Element" library="SeleniumLibrary">
<arg>//button[@class='zv-trigger zv-trigger-hotspot zv-trigger-250045620 c00177 has-tooltip']</arg>
<doc>Click the element identified by ``locator``.</doc>
<msg timestamp="20230820 01:03:08.127" level="INFO">Clicking element '//button[@class='zv-trigger zv-trigger-hotspot zv-trigger-250045620 c00177 has-tooltip']'.</msg>
<status status="PASS" starttime="20230820 01:03:08.127" endtime="20230820 01:03:08.226"/>
</kw>
<kw name="Wait Until Element Is Visible" library="SeleniumLibrary">
<arg>//div[@class= 'c00181 zv-section']</arg>
<arg>20</arg>
<doc>Waits until the element ``locator`` is visible.</doc>
<status status="PASS" starttime="20230820 01:03:08.227" endtime="20230820 01:03:09.470"/>
</kw>
<kw name="Wait Until Element Contains" library="SeleniumLibrary">
<arg>//span[@class= 'c00185 zv-text c00184 zv-section-headline']</arg>
<arg>Dishwasher</arg>
<doc>Waits until the element ``locator`` contains ``text``.</doc>
<status status="PASS" starttime="20230820 01:03:09.471" endtime="20230820 01:03:09.506"/>
</kw>
<status status="PASS" starttime="20230820 01:03:08.126" endtime="20230820 01:03:09.506"/>
</kw>
<kw name="Get Web Product Names">
<var>${web_product_names}</var>
<kw name="Get WebElements" library="SeleniumLibrary">
<var>${product_elements}</var>
<arg>//*[@class= 'zv-product-attribute-label c00445 zv-text']</arg>
<doc>Returns a list of WebElement objects matching the ``locator``.</doc>
<msg timestamp="20230820 01:03:09.526" level="INFO">${product_elements} = [&lt;selenium.webdriver.remote.webelement.WebElement (session="d8266fc16269278e9c7794bc357cf7fc", element="A31591ECBAC4994D7ABB66C0088EEE8F_element_179")&gt;, &lt;selenium.webdriver.remote.webelement.WebElemen...</msg>
<status status="PASS" starttime="20230820 01:03:09.507" endtime="20230820 01:03:09.527"/>
</kw>
<kw name="Create List" library="BuiltIn">
<var>${product_names}</var>
<doc>Returns a list containing given items.</doc>
<msg timestamp="20230820 01:03:09.528" level="INFO">${product_names} = []</msg>
<status status="PASS" starttime="20230820 01:03:09.528" endtime="20230820 01:03:09.528"/>
</kw>
<for flavor="IN">
<var>${element}</var>
<value>@{product_elements}</value>
<iter>
<var name="${element}">&lt;selenium.webdriver.remote.webelement.WebElement (session="d8266fc16269278e9c7794bc357cf7fc", element="A31591ECBAC4994D7ABB66C0088EEE8F_element_179")&gt;</var>
<kw name="Get Text" library="SeleniumLibrary">
<var>${product_name}</var>
<arg>${element}</arg>
<doc>Returns the text value of the element identified by ``locator``.</doc>
<msg timestamp="20230820 01:03:09.544" level="INFO">${product_name} = SPE68B55UC</msg>
<status status="PASS" starttime="20230820 01:03:09.529" endtime="20230820 01:03:09.544"/>
</kw>
<kw name="Append To List" library="Collections">
<arg>${product_names}</arg>
<arg>${product_name}</arg>
<doc>Adds ``values`` to the end of ``list``.</doc>
<status status="PASS" starttime="20230820 01:03:09.544" endtime="20230820 01:03:09.544"/>
</kw>
<status status="PASS" starttime="20230820 01:03:09.528" endtime="20230820 01:03:09.544"/>
</iter>
<iter>
<var name="${element}">&lt;selenium.webdriver.remote.webelement.WebElement (session="d8266fc16269278e9c7794bc357cf7fc", element="A31591ECBAC4994D7ABB66C0088EEE8F_element_180")&gt;</var>
<kw name="Get Text" library="SeleniumLibrary">
<var>${product_name}</var>
<arg>${element}</arg>
<doc>Returns the text value of the element identified by ``locator``.</doc>
<msg timestamp="20230820 01:03:09.556" level="INFO">${product_name} = SPV68B53UC</msg>
<status status="PASS" starttime="20230820 01:03:09.545" endtime="20230820 01:03:09.556"/>
</kw>
<kw name="Append To List" library="Collections">
<arg>${product_names}</arg>
<arg>${product_name}</arg>
<doc>Adds ``values`` to the end of ``list``.</doc>
<status status="PASS" starttime="20230820 01:03:09.557" endtime="20230820 01:03:09.557"/>
</kw>
<status status="PASS" starttime="20230820 01:03:09.545" endtime="20230820 01:03:09.557"/>
</iter>
<iter>
<var name="${element}">&lt;selenium.webdriver.remote.webelement.WebElement (session="d8266fc16269278e9c7794bc357cf7fc", element="A31591ECBAC4994D7ABB66C0088EEE8F_element_181")&gt;</var>
<kw name="Get Text" library="SeleniumLibrary">
<var>${product_name}</var>
<arg>${element}</arg>
<doc>Returns the text value of the element identified by ``locator``.</doc>
<msg timestamp="20230820 01:03:09.568" level="INFO">${product_name} = SGE78B55UC</msg>
<status status="PASS" starttime="20230820 01:03:09.558" endtime="20230820 01:03:09.569"/>
</kw>
<kw name="Append To List" library="Collections">
<arg>${product_names}</arg>
<arg>${product_name}</arg>
<doc>Adds ``values`` to the end of ``list``.</doc>
<status status="PASS" starttime="20230820 01:03:09.569" endtime="20230820 01:03:09.569"/>
</kw>
<status status="PASS" starttime="20230820 01:03:09.557" endtime="20230820 01:03:09.569"/>
</iter>
<iter>
<var name="${element}">&lt;selenium.webdriver.remote.webelement.WebElement (session="d8266fc16269278e9c7794bc357cf7fc", element="A31591ECBAC4994D7ABB66C0088EEE8F_element_182")&gt;</var>
<kw name="Get Text" library="SeleniumLibrary">
<var>${product_name}</var>
<arg>${element}</arg>
<doc>Returns the text value of the element identified by ``locator``.</doc>
<msg timestamp="20230820 01:03:09.582" level="INFO">${product_name} = SHPM78Z55N</msg>
<status status="PASS" starttime="20230820 01:03:09.570" endtime="20230820 01:03:09.582"/>
</kw>
<kw name="Append To List" library="Collections">
<arg>${product_names}</arg>
<arg>${product_name}</arg>
<doc>Adds ``values`` to the end of ``list``.</doc>
<status status="PASS" starttime="20230820 01:03:09.582" endtime="20230820 01:03:09.582"/>
</kw>
<status status="PASS" starttime="20230820 01:03:09.570" endtime="20230820 01:03:09.582"/>
</iter>
<iter>
<var name="${element}">&lt;selenium.webdriver.remote.webelement.WebElement (session="d8266fc16269278e9c7794bc357cf7fc", element="A31591ECBAC4994D7ABB66C0088EEE8F_element_183")&gt;</var>
<kw name="Get Text" library="SeleniumLibrary">
<var>${product_name}</var>
<arg>${element}</arg>
<doc>Returns the text value of the element identified by ``locator``.</doc>
<msg timestamp="20230820 01:03:09.595" level="INFO">${product_name} = SGV78B53UC</msg>
<status status="PASS" starttime="20230820 01:03:09.583" endtime="20230820 01:03:09.595"/>
</kw>
<kw name="Append To List" library="Collections">
<arg>${product_names}</arg>
<arg>${product_name}</arg>
<doc>Adds ``values`` to the end of ``list``.</doc>
<status status="PASS" starttime="20230820 01:03:09.596" endtime="20230820 01:03:09.596"/>
</kw>
<status status="PASS" starttime="20230820 01:03:09.583" endtime="20230820 01:03:09.596"/>
</iter>
<iter>
<var name="${element}">&lt;selenium.webdriver.remote.webelement.WebElement (session="d8266fc16269278e9c7794bc357cf7fc", element="A31591ECBAC4994D7ABB66C0088EEE8F_element_184")&gt;</var>
<kw name="Get Text" library="SeleniumLibrary">
<var>${product_name}</var>
<arg>${element}</arg>
<doc>Returns the text value of the element identified by ``locator``.</doc>
<msg timestamp="20230820 01:03:09.610" level="INFO">${product_name} = SGX78B55UC</msg>
<status status="PASS" starttime="20230820 01:03:09.596" endtime="20230820 01:03:09.610"/>
</kw>
<kw name="Append To List" library="Collections">
<arg>${product_names}</arg>
<arg>${product_name}</arg>
<doc>Adds ``values`` to the end of ``list``.</doc>
<status status="PASS" starttime="20230820 01:03:09.610" endtime="20230820 01:03:09.611"/>
</kw>
<status status="PASS" starttime="20230820 01:03:09.596" endtime="20230820 01:03:09.611"/>
</iter>
<iter>
<var name="${element}">&lt;selenium.webdriver.remote.webelement.WebElement (session="d8266fc16269278e9c7794bc357cf7fc", element="A31591ECBAC4994D7ABB66C0088EEE8F_element_185")&gt;</var>
<kw name="Get Text" library="SeleniumLibrary">
<var>${product_name}</var>
<arg>${element}</arg>
<doc>Returns the text value of the element identified by ``locator``.</doc>
<msg timestamp="20230820 01:03:09.621" level="INFO">${product_name} = SHPM78Z54N</msg>
<status status="PASS" starttime="20230820 01:03:09.611" endtime="20230820 01:03:09.621"/>
</kw>
<kw name="Append To List" library="Collections">
<arg>${product_names}</arg>
<arg>${product_name}</arg>
<doc>Adds ``values`` to the end of ``list``.</doc>
<status status="PASS" starttime="20230820 01:03:09.622" endtime="20230820 01:03:09.623"/>
</kw>
<status status="PASS" starttime="20230820 01:03:09.611" endtime="20230820 01:03:09.623"/>
</iter>
<iter>
<var name="${element}">&lt;selenium.webdriver.remote.webelement.WebElement (session="d8266fc16269278e9c7794bc357cf7fc", element="A31591ECBAC4994D7ABB66C0088EEE8F_element_186")&gt;</var>
<kw name="Get Text" library="SeleniumLibrary">
<var>${product_name}</var>
<arg>${element}</arg>
<doc>Returns the text value of the element identified by ``locator``.</doc>
<msg timestamp="20230820 01:03:09.644" level="INFO">${product_name} = SHVM78Z53N</msg>
<status status="PASS" starttime="20230820 01:03:09.624" endtime="20230820 01:03:09.644"/>
</kw>
<kw name="Append To List" library="Collections">
<arg>${product_names}</arg>
<arg>${product_name}</arg>
<doc>Adds ``values`` to the end of ``list``.</doc>
<status status="PASS" starttime="20230820 01:03:09.645" endtime="20230820 01:03:09.645"/>
</kw>
<status status="PASS" starttime="20230820 01:03:09.624" endtime="20230820 01:03:09.645"/>
</iter>
<iter>
<var name="${element}">&lt;selenium.webdriver.remote.webelement.WebElement (session="d8266fc16269278e9c7794bc357cf7fc", element="A31591ECBAC4994D7ABB66C0088EEE8F_element_187")&gt;</var>
<kw name="Get Text" library="SeleniumLibrary">
<var>${product_name}</var>
<arg>${element}</arg>
<doc>Returns the text value of the element identified by ``locator``.</doc>
<msg timestamp="20230820 01:03:09.660" level="INFO">${product_name} = SHXM78Z55N</msg>
<status status="PASS" starttime="20230820 01:03:09.646" endtime="20230820 01:03:09.660"/>
</kw>
<kw name="Append To List" library="Collections">
<arg>${product_names}</arg>
<arg>${product_name}</arg>
<doc>Adds ``values`` to the end of ``list``.</doc>
<status status="PASS" starttime="20230820 01:03:09.661" endtime="20230820 01:03:09.661"/>
</kw>
<status status="PASS" starttime="20230820 01:03:09.646" endtime="20230820 01:03:09.661"/>
</iter>
<iter>
<var name="${element}">&lt;selenium.webdriver.remote.webelement.WebElement (session="d8266fc16269278e9c7794bc357cf7fc", element="A31591ECBAC4994D7ABB66C0088EEE8F_element_188")&gt;</var>
<kw name="Get Text" library="SeleniumLibrary">
<var>${product_name}</var>
<arg>${element}</arg>
<doc>Returns the text value of the element identified by ``locator``.</doc>
<msg timestamp="20230820 01:03:09.675" level="INFO">${product_name} = SHE89PW75N</msg>
<status status="PASS" starttime="20230820 01:03:09.662" endtime="20230820 01:03:09.676"/>
</kw>
<kw name="Append To List" library="Collections">
<arg>${product_names}</arg>
<arg>${product_name}</arg>
<doc>Adds ``values`` to the end of ``list``.</doc>
<status status="PASS" starttime="20230820 01:03:09.676" endtime="20230820 01:03:09.676"/>
</kw>
<status status="PASS" starttime="20230820 01:03:09.662" endtime="20230820 01:03:09.676"/>
</iter>
<status status="PASS" starttime="20230820 01:03:09.528" endtime="20230820 01:03:09.677"/>
</for>
<msg timestamp="20230820 01:03:09.677" level="INFO">${web_product_names} = ['SPE68B55UC', 'SPV68B53UC', 'SGE78B55UC', 'SHPM78Z55N', 'SGV78B53UC', 'SGX78B55UC', 'SHPM78Z54N', 'SHVM78Z53N', 'SHXM78Z55N', 'SHE89PW75N']</msg>
<status status="PASS" starttime="20230820 01:03:09.507" endtime="20230820 01:03:09.677"/>
</kw>
<kw name="Sleep" library="BuiltIn">
<arg>5</arg>
<doc>Pauses the test executed for the given time.</doc>
<msg timestamp="20230820 01:03:14.678" level="INFO">Slept 5 seconds</msg>
<status status="PASS" starttime="20230820 01:03:09.677" endtime="20230820 01:03:14.678"/>
</kw>
<kw name="Should Contain" library="BuiltIn">
<arg>${web_product_names}</arg>
<arg>${product_name}</arg>
<doc>Fails if ``container`` does not contain ``item`` one or more times.</doc>
<status status="PASS" starttime="20230820 01:03:14.678" endtime="20230820 01:03:14.679"/>
</kw>
<kw name="Log" library="BuiltIn">
<arg>Verification for product: ${product_name} successful</arg>
<doc>Logs the given message with the given level.</doc>
<msg timestamp="20230820 01:03:14.679" level="INFO">Verification for product: SPE68B55UC successful</msg>
<status status="PASS" starttime="20230820 01:03:14.679" endtime="20230820 01:03:14.679"/>
</kw>
<kw name="Close Browser" library="SeleniumLibrary">
<doc>Closes the current browser.</doc>
<status status="PASS" starttime="20230820 01:03:14.679" endtime="20230820 01:03:16.803"/>
</kw>
<status status="PASS" starttime="20230820 01:02:53.931" endtime="20230820 01:03:16.804"/>
</kw>
<status status="PASS" starttime="20230820 01:02:53.929" endtime="20230820 01:03:16.806"/>
</test>
<test id="s1-t2" name="TC6 Data driven check product name in hotspot sidebar SPV68B53UC" line="12">
<kw name="Verify Product Name">
<arg>SPV68B53UC</arg>
<kw name="Test open Browser" library="keyword">
<kw name="Open Browser" library="SeleniumLibrary">
<arg>${URL}</arg>
<arg>Chrome</arg>
<arg>executable_path=${CHROME_DRIVER_PATH}</arg>
<doc>Opens a new browser instance to the optional ``url``.</doc>
<msg timestamp="20230820 01:03:16.818" level="INFO">Opening browser 'Chrome' to base url 'https://www.bosch-home.com/us/kitchen-planning-resources?fbclid'.</msg>
<status status="PASS" starttime="20230820 01:03:16.817" endtime="20230820 01:03:23.023"/>
</kw>
<kw name="Maximize Browser Window" library="SeleniumLibrary">
<doc>Maximizes current browser window.</doc>
<status status="PASS" starttime="20230820 01:03:23.023" endtime="20230820 01:03:23.139"/>
</kw>
<kw name="Wait Until Element Is Visible" library="SeleniumLibrary">
<arg>//a[@class='cmpboxbtn cmpboxbtnyes cmptxt_btn_yes']</arg>
<arg>10</arg>
<doc>Waits until the element ``locator`` is visible.</doc>
<status status="PASS" starttime="20230820 01:03:23.139" endtime="20230820 01:03:23.834"/>
</kw>
<kw name="Click Element" library="SeleniumLibrary">
<arg>//a[@class='cmpboxbtn cmpboxbtnyes cmptxt_btn_yes']</arg>
<doc>Click the element identified by ``locator``.</doc>
<msg timestamp="20230820 01:03:23.834" level="INFO">Clicking element '//a[@class='cmpboxbtn cmpboxbtnyes cmptxt_btn_yes']'.</msg>
<status status="PASS" starttime="20230820 01:03:23.834" endtime="20230820 01:03:24.185"/>
</kw>
<kw name="Wait Until Element Is Visible" library="SeleniumLibrary">
<arg>//*[contains(text(),'Start from scratch')]</arg>
<arg>10</arg>
<doc>Waits until the element ``locator`` is visible.</doc>
<status status="PASS" starttime="20230820 01:03:24.185" endtime="20230820 01:03:24.316"/>
</kw>
<kw name="Click Element" library="SeleniumLibrary">
<arg>//*[contains(text(),'Start from scratch')]</arg>
<doc>Click the element identified by ``locator``.</doc>
<msg timestamp="20230820 01:03:24.317" level="INFO">Clicking element '//*[contains(text(),'Start from scratch')]'.</msg>
<status status="PASS" starttime="20230820 01:03:24.316" endtime="20230820 01:03:24.402"/>
</kw>
<kw name="Wait Until Page Contains Element" library="SeleniumLibrary">
<arg>//*[contains(text(),'Change package')]</arg>
<arg>20</arg>
<doc>Waits until the element ``locator`` appears on the current page.</doc>
<status status="PASS" starttime="20230820 01:03:24.403" endtime="20230820 01:03:31.090"/>
</kw>
<status status="PASS" starttime="20230820 01:03:16.816" endtime="20230820 01:03:31.090"/>
</kw>
<kw name="Verify that user can choose the correct appliances by product hotspot" library="keyword">
<kw name="Click Element" library="SeleniumLibrary">
<arg>//button[@class='zv-trigger zv-trigger-hotspot zv-trigger-250045620 c00177 has-tooltip']</arg>
<doc>Click the element identified by ``locator``.</doc>
<msg timestamp="20230820 01:03:31.091" level="INFO">Clicking element '//button[@class='zv-trigger zv-trigger-hotspot zv-trigger-250045620 c00177 has-tooltip']'.</msg>
<status status="PASS" starttime="20230820 01:03:31.091" endtime="20230820 01:03:31.181"/>
</kw>
<kw name="Wait Until Element Is Visible" library="SeleniumLibrary">
<arg>//div[@class= 'c00181 zv-section']</arg>
<arg>20</arg>
<doc>Waits until the element ``locator`` is visible.</doc>
<status status="PASS" starttime="20230820 01:03:31.181" endtime="20230820 01:03:32.223"/>
</kw>
<kw name="Wait Until Element Contains" library="SeleniumLibrary">
<arg>//span[@class= 'c00185 zv-text c00184 zv-section-headline']</arg>
<arg>Dishwasher</arg>
<doc>Waits until the element ``locator`` contains ``text``.</doc>
<status status="PASS" starttime="20230820 01:03:32.223" endtime="20230820 01:03:32.256"/>
</kw>
<status status="PASS" starttime="20230820 01:03:31.090" endtime="20230820 01:03:32.256"/>
</kw>
<kw name="Get Web Product Names">
<var>${web_product_names}</var>
<kw name="Get WebElements" library="SeleniumLibrary">
<var>${product_elements}</var>
<arg>//*[@class= 'zv-product-attribute-label c00445 zv-text']</arg>
<doc>Returns a list of WebElement objects matching the ``locator``.</doc>
<msg timestamp="20230820 01:03:32.268" level="INFO">${product_elements} = [&lt;selenium.webdriver.remote.webelement.WebElement (session="20c8688aaefa9eb05b7bb0b3cf505c10", element="DD86C8295D97B719DA137C002306F143_element_180")&gt;, &lt;selenium.webdriver.remote.webelement.WebElemen...</msg>
<status status="PASS" starttime="20230820 01:03:32.257" endtime="20230820 01:03:32.268"/>
</kw>
<kw name="Create List" library="BuiltIn">
<var>${product_names}</var>
<doc>Returns a list containing given items.</doc>
<msg timestamp="20230820 01:03:32.269" level="INFO">${product_names} = []</msg>
<status status="PASS" starttime="20230820 01:03:32.269" endtime="20230820 01:03:32.269"/>
</kw>
<for flavor="IN">
<var>${element}</var>
<value>@{product_elements}</value>
<iter>
<var name="${element}">&lt;selenium.webdriver.remote.webelement.WebElement (session="20c8688aaefa9eb05b7bb0b3cf505c10", element="DD86C8295D97B719DA137C002306F143_element_180")&gt;</var>
<kw name="Get Text" library="SeleniumLibrary">
<var>${product_name}</var>
<arg>${element}</arg>
<doc>Returns the text value of the element identified by ``locator``.</doc>
<msg timestamp="20230820 01:03:32.280" level="INFO">${product_name} = SPE68B55UC</msg>
<status status="PASS" starttime="20230820 01:03:32.270" endtime="20230820 01:03:32.280"/>
</kw>
<kw name="Append To List" library="Collections">
<arg>${product_names}</arg>
<arg>${product_name}</arg>
<doc>Adds ``values`` to the end of ``list``.</doc>
<status status="PASS" starttime="20230820 01:03:32.280" endtime="20230820 01:03:32.281"/>
</kw>
<status status="PASS" starttime="20230820 01:03:32.269" endtime="20230820 01:03:32.281"/>
</iter>
<iter>
<var name="${element}">&lt;selenium.webdriver.remote.webelement.WebElement (session="20c8688aaefa9eb05b7bb0b3cf505c10", element="DD86C8295D97B719DA137C002306F143_element_181")&gt;</var>
<kw name="Get Text" library="SeleniumLibrary">
<var>${product_name}</var>
<arg>${element}</arg>
<doc>Returns the text value of the element identified by ``locator``.</doc>
<msg timestamp="20230820 01:03:32.293" level="INFO">${product_name} = SPV68B53UC</msg>
<status status="PASS" starttime="20230820 01:03:32.281" endtime="20230820 01:03:32.293"/>
</kw>
<kw name="Append To List" library="Collections">
<arg>${product_names}</arg>
<arg>${product_name}</arg>
<doc>Adds ``values`` to the end of ``list``.</doc>
<status status="PASS" starttime="20230820 01:03:32.293" endtime="20230820 01:03:32.293"/>
</kw>
<status status="PASS" starttime="20230820 01:03:32.281" endtime="20230820 01:03:32.293"/>
</iter>
<iter>
<var name="${element}">&lt;selenium.webdriver.remote.webelement.WebElement (session="20c8688aaefa9eb05b7bb0b3cf505c10", element="DD86C8295D97B719DA137C002306F143_element_182")&gt;</var>
<kw name="Get Text" library="SeleniumLibrary">
<var>${product_name}</var>
<arg>${element}</arg>
<doc>Returns the text value of the element identified by ``locator``.</doc>
<msg timestamp="20230820 01:03:32.301" level="INFO">${product_name} = SGE78B55UC</msg>
<status status="PASS" starttime="20230820 01:03:32.294" endtime="20230820 01:03:32.302"/>
</kw>
<kw name="Append To List" library="Collections">
<arg>${product_names}</arg>
<arg>${product_name}</arg>
<doc>Adds ``values`` to the end of ``list``.</doc>
<status status="PASS" starttime="20230820 01:03:32.302" endtime="20230820 01:03:32.302"/>
</kw>
<status status="PASS" starttime="20230820 01:03:32.293" endtime="20230820 01:03:32.302"/>
</iter>
<iter>
<var name="${element}">&lt;selenium.webdriver.remote.webelement.WebElement (session="20c8688aaefa9eb05b7bb0b3cf505c10", element="DD86C8295D97B719DA137C002306F143_element_183")&gt;</var>
<kw name="Get Text" library="SeleniumLibrary">
<var>${product_name}</var>
<arg>${element}</arg>
<doc>Returns the text value of the element identified by ``locator``.</doc>
<msg timestamp="20230820 01:03:32.315" level="INFO">${product_name} = SHPM78Z55N</msg>
<status status="PASS" starttime="20230820 01:03:32.302" endtime="20230820 01:03:32.315"/>
</kw>
<kw name="Append To List" library="Collections">
<arg>${product_names}</arg>
<arg>${product_name}</arg>
<doc>Adds ``values`` to the end of ``list``.</doc>
<status status="PASS" starttime="20230820 01:03:32.315" endtime="20230820 01:03:32.316"/>
</kw>
<status status="PASS" starttime="20230820 01:03:32.302" endtime="20230820 01:03:32.316"/>
</iter>
<iter>
<var name="${element}">&lt;selenium.webdriver.remote.webelement.WebElement (session="20c8688aaefa9eb05b7bb0b3cf505c10", element="DD86C8295D97B719DA137C002306F143_element_184")&gt;</var>
<kw name="Get Text" library="SeleniumLibrary">
<var>${product_name}</var>
<arg>${element}</arg>
<doc>Returns the text value of the element identified by ``locator``.</doc>
<msg timestamp="20230820 01:03:32.331" level="INFO">${product_name} = SGV78B53UC</msg>
<status status="PASS" starttime="20230820 01:03:32.316" endtime="20230820 01:03:32.331"/>
</kw>
<kw name="Append To List" library="Collections">
<arg>${product_names}</arg>
<arg>${product_name}</arg>
<doc>Adds ``values`` to the end of ``list``.</doc>
<status status="PASS" starttime="20230820 01:03:32.331" endtime="20230820 01:03:32.331"/>
</kw>
<status status="PASS" starttime="20230820 01:03:32.316" endtime="20230820 01:03:32.331"/>
</iter>
<iter>
<var name="${element}">&lt;selenium.webdriver.remote.webelement.WebElement (session="20c8688aaefa9eb05b7bb0b3cf505c10", element="DD86C8295D97B719DA137C002306F143_element_185")&gt;</var>
<kw name="Get Text" library="SeleniumLibrary">
<var>${product_name}</var>
<arg>${element}</arg>
<doc>Returns the text value of the element identified by ``locator``.</doc>
<msg timestamp="20230820 01:03:32.344" level="INFO">${product_name} = SGX78B55UC</msg>
<status status="PASS" starttime="20230820 01:03:32.332" endtime="20230820 01:03:32.344"/>
</kw>
<kw name="Append To List" library="Collections">
<arg>${product_names}</arg>
<arg>${product_name}</arg>
<doc>Adds ``values`` to the end of ``list``.</doc>
<status status="PASS" starttime="20230820 01:03:32.344" endtime="20230820 01:03:32.345"/>
</kw>
<status status="PASS" starttime="20230820 01:03:32.332" endtime="20230820 01:03:32.345"/>
</iter>
<iter>
<var name="${element}">&lt;selenium.webdriver.remote.webelement.WebElement (session="20c8688aaefa9eb05b7bb0b3cf505c10", element="DD86C8295D97B719DA137C002306F143_element_186")&gt;</var>
<kw name="Get Text" library="SeleniumLibrary">
<var>${product_name}</var>
<arg>${element}</arg>
<doc>Returns the text value of the element identified by ``locator``.</doc>
<msg timestamp="20230820 01:03:32.360" level="INFO">${product_name} = SHPM78Z54N</msg>
<status status="PASS" starttime="20230820 01:03:32.345" endtime="20230820 01:03:32.361"/>
</kw>
<kw name="Append To List" library="Collections">
<arg>${product_names}</arg>
<arg>${product_name}</arg>
<doc>Adds ``values`` to the end of ``list``.</doc>
<status status="PASS" starttime="20230820 01:03:32.361" endtime="20230820 01:03:32.361"/>
</kw>
<status status="PASS" starttime="20230820 01:03:32.345" endtime="20230820 01:03:32.362"/>
</iter>
<iter>
<var name="${element}">&lt;selenium.webdriver.remote.webelement.WebElement (session="20c8688aaefa9eb05b7bb0b3cf505c10", element="DD86C8295D97B719DA137C002306F143_element_187")&gt;</var>
<kw name="Get Text" library="SeleniumLibrary">
<var>${product_name}</var>
<arg>${element}</arg>
<doc>Returns the text value of the element identified by ``locator``.</doc>
<msg timestamp="20230820 01:03:32.373" level="INFO">${product_name} = SHVM78Z53N</msg>
<status status="PASS" starttime="20230820 01:03:32.362" endtime="20230820 01:03:32.373"/>
</kw>
<kw name="Append To List" library="Collections">
<arg>${product_names}</arg>
<arg>${product_name}</arg>
<doc>Adds ``values`` to the end of ``list``.</doc>
<status status="PASS" starttime="20230820 01:03:32.374" endtime="20230820 01:03:32.375"/>
</kw>
<status status="PASS" starttime="20230820 01:03:32.362" endtime="20230820 01:03:32.375"/>
</iter>
<iter>
<var name="${element}">&lt;selenium.webdriver.remote.webelement.WebElement (session="20c8688aaefa9eb05b7bb0b3cf505c10", element="DD86C8295D97B719DA137C002306F143_element_188")&gt;</var>
<kw name="Get Text" library="SeleniumLibrary">
<var>${product_name}</var>
<arg>${element}</arg>
<doc>Returns the text value of the element identified by ``locator``.</doc>
<msg timestamp="20230820 01:03:32.387" level="INFO">${product_name} = SHXM78Z55N</msg>
<status status="PASS" starttime="20230820 01:03:32.376" endtime="20230820 01:03:32.388"/>
</kw>
<kw name="Append To List" library="Collections">
<arg>${product_names}</arg>
<arg>${product_name}</arg>
<doc>Adds ``values`` to the end of ``list``.</doc>
<status status="PASS" starttime="20230820 01:03:32.388" endtime="20230820 01:03:32.389"/>
</kw>
<status status="PASS" starttime="20230820 01:03:32.375" endtime="20230820 01:03:32.389"/>
</iter>
<iter>
<var name="${element}">&lt;selenium.webdriver.remote.webelement.WebElement (session="20c8688aaefa9eb05b7bb0b3cf505c10", element="DD86C8295D97B719DA137C002306F143_element_189")&gt;</var>
<kw name="Get Text" library="SeleniumLibrary">
<var>${product_name}</var>
<arg>${element}</arg>
<doc>Returns the text value of the element identified by ``locator``.</doc>
<msg timestamp="20230820 01:03:32.396" level="INFO">${product_name} = SHE89PW75N</msg>
<status status="PASS" starttime="20230820 01:03:32.390" endtime="20230820 01:03:32.397"/>
</kw>
<kw name="Append To List" library="Collections">
<arg>${product_names}</arg>
<arg>${product_name}</arg>
<doc>Adds ``values`` to the end of ``list``.</doc>
<status status="PASS" starttime="20230820 01:03:32.397" endtime="20230820 01:03:32.397"/>
</kw>
<status status="PASS" starttime="20230820 01:03:32.389" endtime="20230820 01:03:32.397"/>
</iter>
<status status="PASS" starttime="20230820 01:03:32.269" endtime="20230820 01:03:32.397"/>
</for>
<msg timestamp="20230820 01:03:32.397" level="INFO">${web_product_names} = ['SPE68B55UC', 'SPV68B53UC', 'SGE78B55UC', 'SHPM78Z55N', 'SGV78B53UC', 'SGX78B55UC', 'SHPM78Z54N', 'SHVM78Z53N', 'SHXM78Z55N', 'SHE89PW75N']</msg>
<status status="PASS" starttime="20230820 01:03:32.256" endtime="20230820 01:03:32.398"/>
</kw>
<kw name="Sleep" library="BuiltIn">
<arg>5</arg>
<doc>Pauses the test executed for the given time.</doc>
<msg timestamp="20230820 01:03:37.399" level="INFO">Slept 5 seconds</msg>
<status status="PASS" starttime="20230820 01:03:32.398" endtime="20230820 01:03:37.399"/>
</kw>
<kw name="Should Contain" library="BuiltIn">
<arg>${web_product_names}</arg>
<arg>${product_name}</arg>
<doc>Fails if ``container`` does not contain ``item`` one or more times.</doc>
<status status="PASS" starttime="20230820 01:03:37.399" endtime="20230820 01:03:37.399"/>
</kw>
<kw name="Log" library="BuiltIn">
<arg>Verification for product: ${product_name} successful</arg>
<doc>Logs the given message with the given level.</doc>
<msg timestamp="20230820 01:03:37.400" level="INFO">Verification for product: SPV68B53UC successful</msg>
<status status="PASS" starttime="20230820 01:03:37.399" endtime="20230820 01:03:37.400"/>
</kw>
<kw name="Close Browser" library="SeleniumLibrary">
<doc>Closes the current browser.</doc>
<status status="PASS" starttime="20230820 01:03:37.400" endtime="20230820 01:03:39.483"/>
</kw>
<status status="PASS" starttime="20230820 01:03:16.815" endtime="20230820 01:03:39.483"/>
</kw>
<status status="PASS" starttime="20230820 01:03:16.811" endtime="20230820 01:03:39.483"/>
</test>
<test id="s1-t3" name="TC6 Data driven check product name in hotspot sidebar SGE78B55UC" line="12">
<kw name="Verify Product Name">
<arg>SGE78B55UC</arg>
<kw name="Test open Browser" library="keyword">
<kw name="Open Browser" library="SeleniumLibrary">
<arg>${URL}</arg>
<arg>Chrome</arg>
<arg>executable_path=${CHROME_DRIVER_PATH}</arg>
<doc>Opens a new browser instance to the optional ``url``.</doc>
<msg timestamp="20230820 01:03:39.488" level="INFO">Opening browser 'Chrome' to base url 'https://www.bosch-home.com/us/kitchen-planning-resources?fbclid'.</msg>
<status status="PASS" starttime="20230820 01:03:39.487" endtime="20230820 01:03:44.879"/>
</kw>
<kw name="Maximize Browser Window" library="SeleniumLibrary">
<doc>Maximizes current browser window.</doc>
<status status="PASS" starttime="20230820 01:03:44.879" endtime="20230820 01:03:45.008"/>
</kw>
<kw name="Wait Until Element Is Visible" library="SeleniumLibrary">
<arg>//a[@class='cmpboxbtn cmpboxbtnyes cmptxt_btn_yes']</arg>
<arg>10</arg>
<doc>Waits until the element ``locator`` is visible.</doc>
<status status="PASS" starttime="20230820 01:03:45.008" endtime="20230820 01:03:45.702"/>
</kw>
<kw name="Click Element" library="SeleniumLibrary">
<arg>//a[@class='cmpboxbtn cmpboxbtnyes cmptxt_btn_yes']</arg>
<doc>Click the element identified by ``locator``.</doc>
<msg timestamp="20230820 01:03:45.702" level="INFO">Clicking element '//a[@class='cmpboxbtn cmpboxbtnyes cmptxt_btn_yes']'.</msg>
<status status="PASS" starttime="20230820 01:03:45.702" endtime="20230820 01:03:46.040"/>
</kw>
<kw name="Wait Until Element Is Visible" library="SeleniumLibrary">
<arg>//*[contains(text(),'Start from scratch')]</arg>
<arg>10</arg>
<doc>Waits until the element ``locator`` is visible.</doc>
<status status="PASS" starttime="20230820 01:03:46.040" endtime="20230820 01:03:46.193"/>
</kw>
<kw name="Click Element" library="SeleniumLibrary">
<arg>//*[contains(text(),'Start from scratch')]</arg>
<doc>Click the element identified by ``locator``.</doc>
<msg timestamp="20230820 01:03:46.194" level="INFO">Clicking element '//*[contains(text(),'Start from scratch')]'.</msg>
<status status="PASS" starttime="20230820 01:03:46.193" endtime="20230820 01:03:46.328"/>
</kw>
<kw name="Wait Until Page Contains Element" library="SeleniumLibrary">
<arg>//*[contains(text(),'Change package')]</arg>
<arg>20</arg>
<doc>Waits until the element ``locator`` appears on the current page.</doc>
<status status="PASS" starttime="20230820 01:03:46.329" endtime="20230820 01:03:52.565"/>
</kw>
<status status="PASS" starttime="20230820 01:03:39.486" endtime="20230820 01:03:52.565"/>
</kw>
<kw name="Verify that user can choose the correct appliances by product hotspot" library="keyword">
<kw name="Click Element" library="SeleniumLibrary">
<arg>//button[@class='zv-trigger zv-trigger-hotspot zv-trigger-250045620 c00177 has-tooltip']</arg>
<doc>Click the element identified by ``locator``.</doc>
<msg timestamp="20230820 01:03:52.566" level="INFO">Clicking element '//button[@class='zv-trigger zv-trigger-hotspot zv-trigger-250045620 c00177 has-tooltip']'.</msg>
<status status="PASS" starttime="20230820 01:03:52.565" endtime="20230820 01:03:53.036"/>
</kw>
<kw name="Wait Until Element Is Visible" library="SeleniumLibrary">
<arg>//div[@class= 'c00181 zv-section']</arg>
<arg>20</arg>
<doc>Waits until the element ``locator`` is visible.</doc>
<status status="PASS" starttime="20230820 01:03:53.037" endtime="20230820 01:03:53.478"/>
</kw>
<kw name="Wait Until Element Contains" library="SeleniumLibrary">
<arg>//span[@class= 'c00185 zv-text c00184 zv-section-headline']</arg>
<arg>Dishwasher</arg>
<doc>Waits until the element ``locator`` contains ``text``.</doc>
<status status="PASS" starttime="20230820 01:03:53.478" endtime="20230820 01:03:53.512"/>
</kw>
<status status="PASS" starttime="20230820 01:03:52.565" endtime="20230820 01:03:53.512"/>
</kw>
<kw name="Get Web Product Names">
<var>${web_product_names}</var>
<kw name="Get WebElements" library="SeleniumLibrary">
<var>${product_elements}</var>
<arg>//*[@class= 'zv-product-attribute-label c00445 zv-text']</arg>
<doc>Returns a list of WebElement objects matching the ``locator``.</doc>
<msg timestamp="20230820 01:03:53.530" level="INFO">${product_elements} = [&lt;selenium.webdriver.remote.webelement.WebElement (session="182bbfbd15067e85df0fe4482f3fe457", element="BD5B7A8E25479BE4C69F768434661A7F_element_175")&gt;, &lt;selenium.webdriver.remote.webelement.WebElemen...</msg>
<status status="PASS" starttime="20230820 01:03:53.513" endtime="20230820 01:03:53.530"/>
</kw>
<kw name="Create List" library="BuiltIn">
<var>${product_names}</var>
<doc>Returns a list containing given items.</doc>
<msg timestamp="20230820 01:03:53.530" level="INFO">${product_names} = []</msg>
<status status="PASS" starttime="20230820 01:03:53.530" endtime="20230820 01:03:53.531"/>
</kw>
<for flavor="IN">
<var>${element}</var>
<value>@{product_elements}</value>
<iter>
<var name="${element}">&lt;selenium.webdriver.remote.webelement.WebElement (session="182bbfbd15067e85df0fe4482f3fe457", element="BD5B7A8E25479BE4C69F768434661A7F_element_175")&gt;</var>
<kw name="Get Text" library="SeleniumLibrary">
<var>${product_name}</var>
<arg>${element}</arg>
<doc>Returns the text value of the element identified by ``locator``.</doc>
<msg timestamp="20230820 01:03:53.543" level="INFO">${product_name} = SPE68B55UC</msg>
<status status="PASS" starttime="20230820 01:03:53.531" endtime="20230820 01:03:53.543"/>
</kw>
<kw name="Append To List" library="Collections">
<arg>${product_names}</arg>
<arg>${product_name}</arg>
<doc>Adds ``values`` to the end of ``list``.</doc>
<status status="PASS" starttime="20230820 01:03:53.543" endtime="20230820 01:03:53.544"/>
</kw>
<status status="PASS" starttime="20230820 01:03:53.531" endtime="20230820 01:03:53.544"/>
</iter>
<iter>
<var name="${element}">&lt;selenium.webdriver.remote.webelement.WebElement (session="182bbfbd15067e85df0fe4482f3fe457", element="BD5B7A8E25479BE4C69F768434661A7F_element_176")&gt;</var>
<kw name="Get Text" library="SeleniumLibrary">
<var>${product_name}</var>
<arg>${element}</arg>
<doc>Returns the text value of the element identified by ``locator``.</doc>
<msg timestamp="20230820 01:03:53.553" level="INFO">${product_name} = SPV68B53UC</msg>
<status status="PASS" starttime="20230820 01:03:53.544" endtime="20230820 01:03:53.553"/>
</kw>
<kw name="Append To List" library="Collections">
<arg>${product_names}</arg>
<arg>${product_name}</arg>
<doc>Adds ``values`` to the end of ``list``.</doc>
<status status="PASS" starttime="20230820 01:03:53.554" endtime="20230820 01:03:53.554"/>
</kw>
<status status="PASS" starttime="20230820 01:03:53.544" endtime="20230820 01:03:53.555"/>
</iter>
<iter>
<var name="${element}">&lt;selenium.webdriver.remote.webelement.WebElement (session="182bbfbd15067e85df0fe4482f3fe457", element="BD5B7A8E25479BE4C69F768434661A7F_element_177")&gt;</var>
<kw name="Get Text" library="SeleniumLibrary">
<var>${product_name}</var>
<arg>${element}</arg>
<doc>Returns the text value of the element identified by ``locator``.</doc>
<msg timestamp="20230820 01:03:53.567" level="INFO">${product_name} = SGE78B55UC</msg>
<status status="PASS" starttime="20230820 01:03:53.555" endtime="20230820 01:03:53.567"/>
</kw>
<kw name="Append To List" library="Collections">
<arg>${product_names}</arg>
<arg>${product_name}</arg>
<doc>Adds ``values`` to the end of ``list``.</doc>
<status status="PASS" starttime="20230820 01:03:53.567" endtime="20230820 01:03:53.567"/>
</kw>
<status status="PASS" starttime="20230820 01:03:53.555" endtime="20230820 01:03:53.567"/>
</iter>
<iter>
<var name="${element}">&lt;selenium.webdriver.remote.webelement.WebElement (session="182bbfbd15067e85df0fe4482f3fe457", element="BD5B7A8E25479BE4C69F768434661A7F_element_178")&gt;</var>
<kw name="Get Text" library="SeleniumLibrary">
<var>${product_name}</var>
<arg>${element}</arg>
<doc>Returns the text value of the element identified by ``locator``.</doc>
<msg timestamp="20230820 01:03:53.581" level="INFO">${product_name} = SHPM78Z55N</msg>
<status status="PASS" starttime="20230820 01:03:53.568" endtime="20230820 01:03:53.581"/>
</kw>
<kw name="Append To List" library="Collections">
<arg>${product_names}</arg>
<arg>${product_name}</arg>
<doc>Adds ``values`` to the end of ``list``.</doc>
<status status="PASS" starttime="20230820 01:03:53.581" endtime="20230820 01:03:53.582"/>
</kw>
<status status="PASS" starttime="20230820 01:03:53.567" endtime="20230820 01:03:53.582"/>
</iter>
<iter>
<var name="${element}">&lt;selenium.webdriver.remote.webelement.WebElement (session="182bbfbd15067e85df0fe4482f3fe457", element="BD5B7A8E25479BE4C69F768434661A7F_element_179")&gt;</var>
<kw name="Get Text" library="SeleniumLibrary">
<var>${product_name}</var>
<arg>${element}</arg>
<doc>Returns the text value of the element identified by ``locator``.</doc>
<msg timestamp="20230820 01:03:53.608" level="INFO">${product_name} = SGV78B53UC</msg>
<status status="PASS" starttime="20230820 01:03:53.582" endtime="20230820 01:03:53.608"/>
</kw>
<kw name="Append To List" library="Collections">
<arg>${product_names}</arg>
<arg>${product_name}</arg>
<doc>Adds ``values`` to the end of ``list``.</doc>
<status status="PASS" starttime="20230820 01:03:53.608" endtime="20230820 01:03:53.609"/>
</kw>
<status status="PASS" starttime="20230820 01:03:53.582" endtime="20230820 01:03:53.609"/>
</iter>
<iter>
<var name="${element}">&lt;selenium.webdriver.remote.webelement.WebElement (session="182bbfbd15067e85df0fe4482f3fe457", element="BD5B7A8E25479BE4C69F768434661A7F_element_180")&gt;</var>
<kw name="Get Text" library="SeleniumLibrary">
<var>${product_name}</var>
<arg>${element}</arg>
<doc>Returns the text value of the element identified by ``locator``.</doc>
<msg timestamp="20230820 01:03:53.624" level="INFO">${product_name} = SGX78B55UC</msg>
<status status="PASS" starttime="20230820 01:03:53.610" endtime="20230820 01:03:53.625"/>
</kw>
<kw name="Append To List" library="Collections">
<arg>${product_names}</arg>
<arg>${product_name}</arg>
<doc>Adds ``values`` to the end of ``list``.</doc>
<status status="PASS" starttime="20230820 01:03:53.625" endtime="20230820 01:03:53.626"/>
</kw>
<status status="PASS" starttime="20230820 01:03:53.609" endtime="20230820 01:03:53.626"/>
</iter>
<iter>
<var name="${element}">&lt;selenium.webdriver.remote.webelement.WebElement (session="182bbfbd15067e85df0fe4482f3fe457", element="BD5B7A8E25479BE4C69F768434661A7F_element_181")&gt;</var>
<kw name="Get Text" library="SeleniumLibrary">
<var>${product_name}</var>
<arg>${element}</arg>
<doc>Returns the text value of the element identified by ``locator``.</doc>
<msg timestamp="20230820 01:03:53.637" level="INFO">${product_name} = SHPM78Z54N</msg>
<status status="PASS" starttime="20230820 01:03:53.626" endtime="20230820 01:03:53.637"/>
</kw>
<kw name="Append To List" library="Collections">
<arg>${product_names}</arg>
<arg>${product_name}</arg>
<doc>Adds ``values`` to the end of ``list``.</doc>
<status status="PASS" starttime="20230820 01:03:53.638" endtime="20230820 01:03:53.639"/>
</kw>
<status status="PASS" starttime="20230820 01:03:53.626" endtime="20230820 01:03:53.639"/>
</iter>
<iter>
<var name="${element}">&lt;selenium.webdriver.remote.webelement.WebElement (session="182bbfbd15067e85df0fe4482f3fe457", element="BD5B7A8E25479BE4C69F768434661A7F_element_182")&gt;</var>
<kw name="Get Text" library="SeleniumLibrary">
<var>${product_name}</var>
<arg>${element}</arg>
<doc>Returns the text value of the element identified by ``locator``.</doc>
<msg timestamp="20230820 01:03:53.651" level="INFO">${product_name} = SHVM78Z53N</msg>
<status status="PASS" starttime="20230820 01:03:53.640" endtime="20230820 01:03:53.651"/>
</kw>
<kw name="Append To List" library="Collections">
<arg>${product_names}</arg>
<arg>${product_name}</arg>
<doc>Adds ``values`` to the end of ``list``.</doc>
<status status="PASS" starttime="20230820 01:03:53.651" endtime="20230820 01:03:53.652"/>
</kw>
<status status="PASS" starttime="20230820 01:03:53.640" endtime="20230820 01:03:53.652"/>
</iter>
<iter>
<var name="${element}">&lt;selenium.webdriver.remote.webelement.WebElement (session="182bbfbd15067e85df0fe4482f3fe457", element="BD5B7A8E25479BE4C69F768434661A7F_element_183")&gt;</var>
<kw name="Get Text" library="SeleniumLibrary">
<var>${product_name}</var>
<arg>${element}</arg>
<doc>Returns the text value of the element identified by ``locator``.</doc>
<msg timestamp="20230820 01:03:53.664" level="INFO">${product_name} = SHXM78Z55N</msg>
<status status="PASS" starttime="20230820 01:03:53.653" endtime="20230820 01:03:53.664"/>
</kw>
<kw name="Append To List" library="Collections">
<arg>${product_names}</arg>
<arg>${product_name}</arg>
<doc>Adds ``values`` to the end of ``list``.</doc>
<status status="PASS" starttime="20230820 01:03:53.665" endtime="20230820 01:03:53.665"/>
</kw>
<status status="PASS" starttime="20230820 01:03:53.653" endtime="20230820 01:03:53.665"/>
</iter>
<iter>
<var name="${element}">&lt;selenium.webdriver.remote.webelement.WebElement (session="182bbfbd15067e85df0fe4482f3fe457", element="BD5B7A8E25479BE4C69F768434661A7F_element_184")&gt;</var>
<kw name="Get Text" library="SeleniumLibrary">
<var>${product_name}</var>
<arg>${element}</arg>
<doc>Returns the text value of the element identified by ``locator``.</doc>
<msg timestamp="20230820 01:03:53.677" level="INFO">${product_name} = SHE89PW75N</msg>
<status status="PASS" starttime="20230820 01:03:53.666" endtime="20230820 01:03:53.677"/>
</kw>
<kw name="Append To List" library="Collections">
<arg>${product_names}</arg>
<arg>${product_name}</arg>
<doc>Adds ``values`` to the end of ``list``.</doc>
<status status="PASS" starttime="20230820 01:03:53.677" endtime="20230820 01:03:53.677"/>
</kw>
<status status="PASS" starttime="20230820 01:03:53.665" endtime="20230820 01:03:53.678"/>
</iter>
<status status="PASS" starttime="20230820 01:03:53.531" endtime="20230820 01:03:53.678"/>
</for>
<msg timestamp="20230820 01:03:53.678" level="INFO">${web_product_names} = ['SPE68B55UC', 'SPV68B53UC', 'SGE78B55UC', 'SHPM78Z55N', 'SGV78B53UC', 'SGX78B55UC', 'SHPM78Z54N', 'SHVM78Z53N', 'SHXM78Z55N', 'SHE89PW75N']</msg>
<status status="PASS" starttime="20230820 01:03:53.512" endtime="20230820 01:03:53.678"/>
</kw>
<kw name="Sleep" library="BuiltIn">
<arg>5</arg>
<doc>Pauses the test executed for the given time.</doc>
<msg timestamp="20230820 01:03:58.678" level="INFO">Slept 5 seconds</msg>
<status status="PASS" starttime="20230820 01:03:53.678" endtime="20230820 01:03:58.678"/>
</kw>
<kw name="Should Contain" library="BuiltIn">
<arg>${web_product_names}</arg>
<arg>${product_name}</arg>
<doc>Fails if ``container`` does not contain ``item`` one or more times.</doc>
<status status="PASS" starttime="20230820 01:03:58.678" endtime="20230820 01:03:58.678"/>
</kw>
<kw name="Log" library="BuiltIn">
<arg>Verification for product: ${product_name} successful</arg>
<doc>Logs the given message with the given level.</doc>
<msg timestamp="20230820 01:03:58.679" level="INFO">Verification for product: SGE78B55UC successful</msg>
<status status="PASS" starttime="20230820 01:03:58.678" endtime="20230820 01:03:58.679"/>
</kw>
<kw name="Close Browser" library="SeleniumLibrary">
<doc>Closes the current browser.</doc>
<status status="PASS" starttime="20230820 01:03:58.679" endtime="20230820 01:04:00.820"/>
</kw>
<status status="PASS" starttime="20230820 01:03:39.486" endtime="20230820 01:04:00.821"/>
</kw>
<status status="PASS" starttime="20230820 01:03:39.484" endtime="20230820 01:04:00.822"/>
</test>
<test id="s1-t4" name="TC6 Data driven check product name in hotspot sidebar SHPM78Z55N" line="12">
<kw name="Verify Product Name">
<arg>SHPM78Z55N</arg>
<kw name="Test open Browser" library="keyword">
<kw name="Open Browser" library="SeleniumLibrary">
<arg>${URL}</arg>
<arg>Chrome</arg>
<arg>executable_path=${CHROME_DRIVER_PATH}</arg>
<doc>Opens a new browser instance to the optional ``url``.</doc>
<msg timestamp="20230820 01:04:00.826" level="INFO">Opening browser 'Chrome' to base url 'https://www.bosch-home.com/us/kitchen-planning-resources?fbclid'.</msg>
<status status="PASS" starttime="20230820 01:04:00.826" endtime="20230820 01:04:06.435"/>
</kw>
<kw name="Maximize Browser Window" library="SeleniumLibrary">
<doc>Maximizes current browser window.</doc>
<status status="PASS" starttime="20230820 01:04:06.435" endtime="20230820 01:04:06.571"/>
</kw>
<kw name="Wait Until Element Is Visible" library="SeleniumLibrary">
<arg>//a[@class='cmpboxbtn cmpboxbtnyes cmptxt_btn_yes']</arg>
<arg>10</arg>
<doc>Waits until the element ``locator`` is visible.</doc>
<status status="PASS" starttime="20230820 01:04:06.571" endtime="20230820 01:04:07.290"/>
</kw>
<kw name="Click Element" library="SeleniumLibrary">
<arg>//a[@class='cmpboxbtn cmpboxbtnyes cmptxt_btn_yes']</arg>
<doc>Click the element identified by ``locator``.</doc>
<msg timestamp="20230820 01:04:07.290" level="INFO">Clicking element '//a[@class='cmpboxbtn cmpboxbtnyes cmptxt_btn_yes']'.</msg>
<status status="PASS" starttime="20230820 01:04:07.290" endtime="20230820 01:04:07.677"/>
</kw>
<kw name="Wait Until Element Is Visible" library="SeleniumLibrary">
<arg>//*[contains(text(),'Start from scratch')]</arg>
<arg>10</arg>
<doc>Waits until the element ``locator`` is visible.</doc>
<status status="PASS" starttime="20230820 01:04:07.678" endtime="20230820 01:04:07.810"/>
</kw>
<kw name="Click Element" library="SeleniumLibrary">
<arg>//*[contains(text(),'Start from scratch')]</arg>
<doc>Click the element identified by ``locator``.</doc>
<msg timestamp="20230820 01:04:07.811" level="INFO">Clicking element '//*[contains(text(),'Start from scratch')]'.</msg>
<status status="PASS" starttime="20230820 01:04:07.810" endtime="20230820 01:04:07.894"/>
</kw>
<kw name="Wait Until Page Contains Element" library="SeleniumLibrary">
<arg>//*[contains(text(),'Change package')]</arg>
<arg>20</arg>
<doc>Waits until the element ``locator`` appears on the current page.</doc>
<status status="PASS" starttime="20230820 01:04:07.894" endtime="20230820 01:04:13.006"/>
</kw>
<status status="PASS" starttime="20230820 01:04:00.826" endtime="20230820 01:04:13.006"/>
</kw>
<kw name="Verify that user can choose the correct appliances by product hotspot" library="keyword">
<kw name="Click Element" library="SeleniumLibrary">
<arg>//button[@class='zv-trigger zv-trigger-hotspot zv-trigger-250045620 c00177 has-tooltip']</arg>
<doc>Click the element identified by ``locator``.</doc>
<msg timestamp="20230820 01:04:13.008" level="INFO">Clicking element '//button[@class='zv-trigger zv-trigger-hotspot zv-trigger-250045620 c00177 has-tooltip']'.</msg>
<status status="PASS" starttime="20230820 01:04:13.008" endtime="20230820 01:04:13.403"/>
</kw>
<kw name="Wait Until Element Is Visible" library="SeleniumLibrary">
<arg>//div[@class= 'c00181 zv-section']</arg>
<arg>20</arg>
<doc>Waits until the element ``locator`` is visible.</doc>
<status status="PASS" starttime="20230820 01:04:13.404" endtime="20230820 01:04:14.270"/>
</kw>
<kw name="Wait Until Element Contains" library="SeleniumLibrary">
<arg>//span[@class= 'c00185 zv-text c00184 zv-section-headline']</arg>
<arg>Dishwasher</arg>
<doc>Waits until the element ``locator`` contains ``text``.</doc>
<status status="PASS" starttime="20230820 01:04:14.270" endtime="20230820 01:04:14.310"/>
</kw>
<status status="PASS" starttime="20230820 01:04:13.007" endtime="20230820 01:04:14.310"/>
</kw>
<kw name="Get Web Product Names">
<var>${web_product_names}</var>
<kw name="Get WebElements" library="SeleniumLibrary">
<var>${product_elements}</var>
<arg>//*[@class= 'zv-product-attribute-label c00445 zv-text']</arg>
<doc>Returns a list of WebElement objects matching the ``locator``.</doc>
<msg timestamp="20230820 01:04:14.327" level="INFO">${product_elements} = [&lt;selenium.webdriver.remote.webelement.WebElement (session="653a587536ea0ff998be6668eb33350b", element="E409365142E9A02095117DC1B4B13916_element_183")&gt;, &lt;selenium.webdriver.remote.webelement.WebElemen...</msg>
<status status="PASS" starttime="20230820 01:04:14.311" endtime="20230820 01:04:14.327"/>
</kw>
<kw name="Create List" library="BuiltIn">
<var>${product_names}</var>
<doc>Returns a list containing given items.</doc>
<msg timestamp="20230820 01:04:14.327" level="INFO">${product_names} = []</msg>
<status status="PASS" starttime="20230820 01:04:14.327" endtime="20230820 01:04:14.327"/>
</kw>
<for flavor="IN">
<var>${element}</var>
<value>@{product_elements}</value>
<iter>
<var name="${element}">&lt;selenium.webdriver.remote.webelement.WebElement (session="653a587536ea0ff998be6668eb33350b", element="E409365142E9A02095117DC1B4B13916_element_183")&gt;</var>
<kw name="Get Text" library="SeleniumLibrary">
<var>${product_name}</var>
<arg>${element}</arg>
<doc>Returns the text value of the element identified by ``locator``.</doc>
<msg timestamp="20230820 01:04:14.340" level="INFO">${product_name} = SPE68B55UC</msg>
<status status="PASS" starttime="20230820 01:04:14.328" endtime="20230820 01:04:14.340"/>
</kw>
<kw name="Append To List" library="Collections">
<arg>${product_names}</arg>
<arg>${product_name}</arg>
<doc>Adds ``values`` to the end of ``list``.</doc>
<status status="PASS" starttime="20230820 01:04:14.340" endtime="20230820 01:04:14.341"/>
</kw>
<status status="PASS" starttime="20230820 01:04:14.328" endtime="20230820 01:04:14.341"/>
</iter>
<iter>
<var name="${element}">&lt;selenium.webdriver.remote.webelement.WebElement (session="653a587536ea0ff998be6668eb33350b", element="E409365142E9A02095117DC1B4B13916_element_184")&gt;</var>
<kw name="Get Text" library="SeleniumLibrary">
<var>${product_name}</var>
<arg>${element}</arg>
<doc>Returns the text value of the element identified by ``locator``.</doc>
<msg timestamp="20230820 01:04:14.356" level="INFO">${product_name} = SPV68B53UC</msg>
<status status="PASS" starttime="20230820 01:04:14.341" endtime="20230820 01:04:14.356"/>
</kw>
<kw name="Append To List" library="Collections">
<arg>${product_names}</arg>
<arg>${product_name}</arg>
<doc>Adds ``values`` to the end of ``list``.</doc>
<status status="PASS" starttime="20230820 01:04:14.356" endtime="20230820 01:04:14.357"/>
</kw>
<status status="PASS" starttime="20230820 01:04:14.341" endtime="20230820 01:04:14.357"/>
</iter>
<iter>
<var name="${element}">&lt;selenium.webdriver.remote.webelement.WebElement (session="653a587536ea0ff998be6668eb33350b", element="E409365142E9A02095117DC1B4B13916_element_185")&gt;</var>
<kw name="Get Text" library="SeleniumLibrary">
<var>${product_name}</var>
<arg>${element}</arg>
<doc>Returns the text value of the element identified by ``locator``.</doc>
<msg timestamp="20230820 01:04:14.373" level="INFO">${product_name} = SGE78B55UC</msg>
<status status="PASS" starttime="20230820 01:04:14.358" endtime="20230820 01:04:14.374"/>
</kw>
<kw name="Append To List" library="Collections">
<arg>${product_names}</arg>
<arg>${product_name}</arg>
<doc>Adds ``values`` to the end of ``list``.</doc>
<status status="PASS" starttime="20230820 01:04:14.374" endtime="20230820 01:04:14.375"/>
</kw>
<status status="PASS" starttime="20230820 01:04:14.358" endtime="20230820 01:04:14.375"/>
</iter>
<iter>
<var name="${element}">&lt;selenium.webdriver.remote.webelement.WebElement (session="653a587536ea0ff998be6668eb33350b", element="E409365142E9A02095117DC1B4B13916_element_186")&gt;</var>
<kw name="Get Text" library="SeleniumLibrary">
<var>${product_name}</var>
<arg>${element}</arg>
<doc>Returns the text value of the element identified by ``locator``.</doc>
<msg timestamp="20230820 01:04:14.390" level="INFO">${product_name} = SHPM78Z55N</msg>
<status status="PASS" starttime="20230820 01:04:14.376" endtime="20230820 01:04:14.390"/>
</kw>
<kw name="Append To List" library="Collections">
<arg>${product_names}</arg>
<arg>${product_name}</arg>
<doc>Adds ``values`` to the end of ``list``.</doc>
<status status="PASS" starttime="20230820 01:04:14.391" endtime="20230820 01:04:14.391"/>
</kw>
<status status="PASS" starttime="20230820 01:04:14.375" endtime="20230820 01:04:14.391"/>
</iter>
<iter>
<var name="${element}">&lt;selenium.webdriver.remote.webelement.WebElement (session="653a587536ea0ff998be6668eb33350b", element="E409365142E9A02095117DC1B4B13916_element_187")&gt;</var>
<kw name="Get Text" library="SeleniumLibrary">
<var>${product_name}</var>
<arg>${element}</arg>
<doc>Returns the text value of the element identified by ``locator``.</doc>
<msg timestamp="20230820 01:04:14.401" level="INFO">${product_name} = SGV78B53UC</msg>
<status status="PASS" starttime="20230820 01:04:14.392" endtime="20230820 01:04:14.401"/>
</kw>
<kw name="Append To List" library="Collections">
<arg>${product_names}</arg>
<arg>${product_name}</arg>
<doc>Adds ``values`` to the end of ``list``.</doc>
<status status="PASS" starttime="20230820 01:04:14.401" endtime="20230820 01:04:14.402"/>
</kw>
<status status="PASS" starttime="20230820 01:04:14.392" endtime="20230820 01:04:14.402"/>
</iter>
<iter>
<var name="${element}">&lt;selenium.webdriver.remote.webelement.WebElement (session="653a587536ea0ff998be6668eb33350b", element="E409365142E9A02095117DC1B4B13916_element_188")&gt;</var>
<kw name="Get Text" library="SeleniumLibrary">
<var>${product_name}</var>
<arg>${element}</arg>
<doc>Returns the text value of the element identified by ``locator``.</doc>
<msg timestamp="20230820 01:04:14.425" level="INFO">${product_name} = SGX78B55UC</msg>
<status status="PASS" starttime="20230820 01:04:14.402" endtime="20230820 01:04:14.425"/>
</kw>
<kw name="Append To List" library="Collections">
<arg>${product_names}</arg>
<arg>${product_name}</arg>
<doc>Adds ``values`` to the end of ``list``.</doc>
<status status="PASS" starttime="20230820 01:04:14.425" endtime="20230820 01:04:14.426"/>
</kw>
<status status="PASS" starttime="20230820 01:04:14.402" endtime="20230820 01:04:14.426"/>
</iter>
<iter>
<var name="${element}">&lt;selenium.webdriver.remote.webelement.WebElement (session="653a587536ea0ff998be6668eb33350b", element="E409365142E9A02095117DC1B4B13916_element_189")&gt;</var>
<kw name="Get Text" library="SeleniumLibrary">
<var>${product_name}</var>
<arg>${element}</arg>
<doc>Returns the text value of the element identified by ``locator``.</doc>
<msg timestamp="20230820 01:04:14.517" level="INFO">${product_name} = SHPM78Z54N</msg>
<status status="PASS" starttime="20230820 01:04:14.427" endtime="20230820 01:04:14.517"/>
</kw>
<kw name="Append To List" library="Collections">
<arg>${product_names}</arg>
<arg>${product_name}</arg>
<doc>Adds ``values`` to the end of ``list``.</doc>
<status status="PASS" starttime="20230820 01:04:14.518" endtime="20230820 01:04:14.518"/>
</kw>
<status status="PASS" starttime="20230820 01:04:14.426" endtime="20230820 01:04:14.518"/>
</iter>
<iter>
<var name="${element}">&lt;selenium.webdriver.remote.webelement.WebElement (session="653a587536ea0ff998be6668eb33350b", element="E409365142E9A02095117DC1B4B13916_element_190")&gt;</var>
<kw name="Get Text" library="SeleniumLibrary">
<var>${product_name}</var>
<arg>${element}</arg>
<doc>Returns the text value of the element identified by ``locator``.</doc>
<msg timestamp="20230820 01:04:14.529" level="INFO">${product_name} = SHVM78Z53N</msg>
<status status="PASS" starttime="20230820 01:04:14.518" endtime="20230820 01:04:14.530"/>
</kw>
<kw name="Append To List" library="Collections">
<arg>${product_names}</arg>
<arg>${product_name}</arg>
<doc>Adds ``values`` to the end of ``list``.</doc>
<status status="PASS" starttime="20230820 01:04:14.530" endtime="20230820 01:04:14.530"/>
</kw>
<status status="PASS" starttime="20230820 01:04:14.518" endtime="20230820 01:04:14.530"/>
</iter>
<iter>
<var name="${element}">&lt;selenium.webdriver.remote.webelement.WebElement (session="653a587536ea0ff998be6668eb33350b", element="E409365142E9A02095117DC1B4B13916_element_191")&gt;</var>
<kw name="Get Text" library="SeleniumLibrary">
<var>${product_name}</var>
<arg>${element}</arg>
<doc>Returns the text value of the element identified by ``locator``.</doc>
<msg timestamp="20230820 01:04:14.542" level="INFO">${product_name} = SHXM78Z55N</msg>
<status status="PASS" starttime="20230820 01:04:14.530" endtime="20230820 01:04:14.542"/>
</kw>
<kw name="Append To List" library="Collections">
<arg>${product_names}</arg>
<arg>${product_name}</arg>
<doc>Adds ``values`` to the end of ``list``.</doc>
<status status="PASS" starttime="20230820 01:04:14.543" endtime="20230820 01:04:14.543"/>
</kw>
<status status="PASS" starttime="20230820 01:04:14.530" endtime="20230820 01:04:14.543"/>
</iter>
<iter>
<var name="${element}">&lt;selenium.webdriver.remote.webelement.WebElement (session="653a587536ea0ff998be6668eb33350b", element="E409365142E9A02095117DC1B4B13916_element_192")&gt;</var>
<kw name="Get Text" library="SeleniumLibrary">
<var>${product_name}</var>
<arg>${element}</arg>
<doc>Returns the text value of the element identified by ``locator``.</doc>
<msg timestamp="20230820 01:04:14.556" level="INFO">${product_name} = SHE89PW75N</msg>
<status status="PASS" starttime="20230820 01:04:14.543" endtime="20230820 01:04:14.556"/>
</kw>
<kw name="Append To List" library="Collections">
<arg>${product_names}</arg>
<arg>${product_name}</arg>
<doc>Adds ``values`` to the end of ``list``.</doc>
<status status="PASS" starttime="20230820 01:04:14.556" endtime="20230820 01:04:14.556"/>
</kw>
<status status="PASS" starttime="20230820 01:04:14.543" endtime="20230820 01:04:14.556"/>
</iter>
<status status="PASS" starttime="20230820 01:04:14.328" endtime="20230820 01:04:14.556"/>
</for>
<msg timestamp="20230820 01:04:14.557" level="INFO">${web_product_names} = ['SPE68B55UC', 'SPV68B53UC', 'SGE78B55UC', 'SHPM78Z55N', 'SGV78B53UC', 'SGX78B55UC', 'SHPM78Z54N', 'SHVM78Z53N', 'SHXM78Z55N', 'SHE89PW75N']</msg>
<status status="PASS" starttime="20230820 01:04:14.310" endtime="20230820 01:04:14.557"/>
</kw>
<kw name="Sleep" library="BuiltIn">
<arg>5</arg>
<doc>Pauses the test executed for the given time.</doc>
<msg timestamp="20230820 01:04:19.558" level="INFO">Slept 5 seconds</msg>
<status status="PASS" starttime="20230820 01:04:14.557" endtime="20230820 01:04:19.558"/>
</kw>
<kw name="Should Contain" library="BuiltIn">
<arg>${web_product_names}</arg>
<arg>${product_name}</arg>
<doc>Fails if ``container`` does not contain ``item`` one or more times.</doc>
<status status="PASS" starttime="20230820 01:04:19.558" endtime="20230820 01:04:19.558"/>
</kw>
<kw name="Log" library="BuiltIn">
<arg>Verification for product: ${product_name} successful</arg>
<doc>Logs the given message with the given level.</doc>
<msg timestamp="20230820 01:04:19.559" level="INFO">Verification for product: SHPM78Z55N successful</msg>
<status status="PASS" starttime="20230820 01:04:19.558" endtime="20230820 01:04:19.559"/>
</kw>
<kw name="Close Browser" library="SeleniumLibrary">
<doc>Closes the current browser.</doc>
<status status="PASS" starttime="20230820 01:04:19.559" endtime="20230820 01:04:21.702"/>
</kw>
<status status="PASS" starttime="20230820 01:04:00.825" endtime="20230820 01:04:21.702"/>
</kw>
<status status="PASS" starttime="20230820 01:04:00.824" endtime="20230820 01:04:21.703"/>
</test>
<test id="s1-t5" name="TC6 Data driven check product name in hotspot sidebar SGV78B53UC" line="12">
<kw name="Verify Product Name">
<arg>SGV78B53UC</arg>
<kw name="Test open Browser" library="keyword">
<kw name="Open Browser" library="SeleniumLibrary">
<arg>${URL}</arg>
<arg>Chrome</arg>
<arg>executable_path=${CHROME_DRIVER_PATH}</arg>
<doc>Opens a new browser instance to the optional ``url``.</doc>
<msg timestamp="20230820 01:04:21.708" level="INFO">Opening browser 'Chrome' to base url 'https://www.bosch-home.com/us/kitchen-planning-resources?fbclid'.</msg>
<status status="PASS" starttime="20230820 01:04:21.708" endtime="20230820 01:04:28.104"/>
</kw>
<kw name="Maximize Browser Window" library="SeleniumLibrary">
<doc>Maximizes current browser window.</doc>
<status status="PASS" starttime="20230820 01:04:28.105" endtime="20230820 01:04:28.229"/>
</kw>
<kw name="Wait Until Element Is Visible" library="SeleniumLibrary">
<arg>//a[@class='cmpboxbtn cmpboxbtnyes cmptxt_btn_yes']</arg>
<arg>10</arg>
<doc>Waits until the element ``locator`` is visible.</doc>
<status status="PASS" starttime="20230820 01:04:28.230" endtime="20230820 01:04:28.929"/>
</kw>
<kw name="Click Element" library="SeleniumLibrary">
<arg>//a[@class='cmpboxbtn cmpboxbtnyes cmptxt_btn_yes']</arg>
<doc>Click the element identified by ``locator``.</doc>
<msg timestamp="20230820 01:04:28.930" level="INFO">Clicking element '//a[@class='cmpboxbtn cmpboxbtnyes cmptxt_btn_yes']'.</msg>
<status status="PASS" starttime="20230820 01:04:28.930" endtime="20230820 01:04:29.285"/>
</kw>
<kw name="Wait Until Element Is Visible" library="SeleniumLibrary">
<arg>//*[contains(text(),'Start from scratch')]</arg>
<arg>10</arg>
<doc>Waits until the element ``locator`` is visible.</doc>
<status status="PASS" starttime="20230820 01:04:29.285" endtime="20230820 01:04:29.443"/>
</kw>
<kw name="Click Element" library="SeleniumLibrary">
<arg>//*[contains(text(),'Start from scratch')]</arg>
<doc>Click the element identified by ``locator``.</doc>
<msg timestamp="20230820 01:04:29.443" level="INFO">Clicking element '//*[contains(text(),'Start from scratch')]'.</msg>
<status status="PASS" starttime="20230820 01:04:29.443" endtime="20230820 01:04:29.533"/>
</kw>
<kw name="Wait Until Page Contains Element" library="SeleniumLibrary">
<arg>//*[contains(text(),'Change package')]</arg>
<arg>20</arg>
<doc>Waits until the element ``locator`` appears on the current page.</doc>
<status status="PASS" starttime="20230820 01:04:29.533" endtime="20230820 01:04:35.987"/>
</kw>
<status status="PASS" starttime="20230820 01:04:21.707" endtime="20230820 01:04:35.988"/>
</kw>
<kw name="Verify that user can choose the correct appliances by product hotspot" library="keyword">
<kw name="Click Element" library="SeleniumLibrary">
<arg>//button[@class='zv-trigger zv-trigger-hotspot zv-trigger-250045620 c00177 has-tooltip']</arg>
<doc>Click the element identified by ``locator``.</doc>
<msg timestamp="20230820 01:04:35.989" level="INFO">Clicking element '//button[@class='zv-trigger zv-trigger-hotspot zv-trigger-250045620 c00177 has-tooltip']'.</msg>
<status status="PASS" starttime="20230820 01:04:35.988" endtime="20230820 01:04:36.510"/>
</kw>
<kw name="Wait Until Element Is Visible" library="SeleniumLibrary">
<arg>//div[@class= 'c00181 zv-section']</arg>
<arg>20</arg>
<doc>Waits until the element ``locator`` is visible.</doc>
<status status="PASS" starttime="20230820 01:04:36.510" endtime="20230820 01:04:37.096"/>
</kw>
<kw name="Wait Until Element Contains" library="SeleniumLibrary">
<arg>//span[@class= 'c00185 zv-text c00184 zv-section-headline']</arg>
<arg>Dishwasher</arg>
<doc>Waits until the element ``locator`` contains ``text``.</doc>
<status status="PASS" starttime="20230820 01:04:37.097" endtime="20230820 01:04:37.130"/>
</kw>
<status status="PASS" starttime="20230820 01:04:35.988" endtime="20230820 01:04:37.131"/>
</kw>
<kw name="Get Web Product Names">
<var>${web_product_names}</var>
<kw name="Get WebElements" library="SeleniumLibrary">
<var>${product_elements}</var>
<arg>//*[@class= 'zv-product-attribute-label c00445 zv-text']</arg>
<doc>Returns a list of WebElement objects matching the ``locator``.</doc>
<msg timestamp="20230820 01:04:37.148" level="INFO">${product_elements} = [&lt;selenium.webdriver.remote.webelement.WebElement (session="8caef1e60e43a1d7d7c85104f120dd2e", element="25888B0E6D73D481476F36C5E8F944AE_element_179")&gt;, &lt;selenium.webdriver.remote.webelement.WebElemen...</msg>
<status status="PASS" starttime="20230820 01:04:37.131" endtime="20230820 01:04:37.148"/>
</kw>
<kw name="Create List" library="BuiltIn">
<var>${product_names}</var>
<doc>Returns a list containing given items.</doc>
<msg timestamp="20230820 01:04:37.148" level="INFO">${product_names} = []</msg>
<status status="PASS" starttime="20230820 01:04:37.148" endtime="20230820 01:04:37.148"/>
</kw>
<for flavor="IN">
<var>${element}</var>
<value>@{product_elements}</value>
<iter>
<var name="${element}">&lt;selenium.webdriver.remote.webelement.WebElement (session="8caef1e60e43a1d7d7c85104f120dd2e", element="25888B0E6D73D481476F36C5E8F944AE_element_179")&gt;</var>
<kw name="Get Text" library="SeleniumLibrary">
<var>${product_name}</var>
<arg>${element}</arg>
<doc>Returns the text value of the element identified by ``locator``.</doc>
<msg timestamp="20230820 01:04:37.164" level="INFO">${product_name} = SPE68B55UC</msg>
<status status="PASS" starttime="20230820 01:04:37.149" endtime="20230820 01:04:37.164"/>
</kw>
<kw name="Append To List" library="Collections">
<arg>${product_names}</arg>
<arg>${product_name}</arg>
<doc>Adds ``values`` to the end of ``list``.</doc>
<status status="PASS" starttime="20230820 01:04:37.164" endtime="20230820 01:04:37.164"/>
</kw>
<status status="PASS" starttime="20230820 01:04:37.149" endtime="20230820 01:04:37.164"/>
</iter>
<iter>
<var name="${element}">&lt;selenium.webdriver.remote.webelement.WebElement (session="8caef1e60e43a1d7d7c85104f120dd2e", element="25888B0E6D73D481476F36C5E8F944AE_element_180")&gt;</var>
<kw name="Get Text" library="SeleniumLibrary">
<var>${product_name}</var>
<arg>${element}</arg>
<doc>Returns the text value of the element identified by ``locator``.</doc>
<msg timestamp="20230820 01:04:37.179" level="INFO">${product_name} = SPV68B53UC</msg>
<status status="PASS" starttime="20230820 01:04:37.165" endtime="20230820 01:04:37.179"/>
</kw>
<kw name="Append To List" library="Collections">
<arg>${product_names}</arg>
<arg>${product_name}</arg>
<doc>Adds ``values`` to the end of ``list``.</doc>
<status status="PASS" starttime="20230820 01:04:37.179" endtime="20230820 01:04:37.179"/>
</kw>
<status status="PASS" starttime="20230820 01:04:37.164" endtime="20230820 01:04:37.179"/>
</iter>
<iter>
<var name="${element}">&lt;selenium.webdriver.remote.webelement.WebElement (session="8caef1e60e43a1d7d7c85104f120dd2e", element="25888B0E6D73D481476F36C5E8F944AE_element_181")&gt;</var>
<kw name="Get Text" library="SeleniumLibrary">
<var>${product_name}</var>
<arg>${element}</arg>
<doc>Returns the text value of the element identified by ``locator``.</doc>
<msg timestamp="20230820 01:04:37.193" level="INFO">${product_name} = SGE78B55UC</msg>
<status status="PASS" starttime="20230820 01:04:37.180" endtime="20230820 01:04:37.193"/>
</kw>
<kw name="Append To List" library="Collections">
<arg>${product_names}</arg>
<arg>${product_name}</arg>
<doc>Adds ``values`` to the end of ``list``.</doc>
<status status="PASS" starttime="20230820 01:04:37.194" endtime="20230820 01:04:37.194"/>
</kw>
<status status="PASS" starttime="20230820 01:04:37.180" endtime="20230820 01:04:37.194"/>
</iter>
<iter>
<var name="${element}">&lt;selenium.webdriver.remote.webelement.WebElement (session="8caef1e60e43a1d7d7c85104f120dd2e", element="25888B0E6D73D481476F36C5E8F944AE_element_182")&gt;</var>
<kw name="Get Text" library="SeleniumLibrary">
<var>${product_name}</var>
<arg>${element}</arg>
<doc>Returns the text value of the element identified by ``locator``.</doc>
<msg timestamp="20230820 01:04:37.208" level="INFO">${product_name} = SHPM78Z55N</msg>
<status status="PASS" starttime="20230820 01:04:37.194" endtime="20230820 01:04:37.208"/>
</kw>
<kw name="Append To List" library="Collections">
<arg>${product_names}</arg>
<arg>${product_name}</arg>
<doc>Adds ``values`` to the end of ``list``.</doc>
<status status="PASS" starttime="20230820 01:04:37.208" endtime="20230820 01:04:37.208"/>
</kw>
<status status="PASS" starttime="20230820 01:04:37.194" endtime="20230820 01:04:37.208"/>
</iter>
<iter>
<var name="${element}">&lt;selenium.webdriver.remote.webelement.WebElement (session="8caef1e60e43a1d7d7c85104f120dd2e", element="25888B0E6D73D481476F36C5E8F944AE_element_183")&gt;</var>
<kw name="Get Text" library="SeleniumLibrary">
<var>${product_name}</var>
<arg>${element}</arg>
<doc>Returns the text value of the element identified by ``locator``.</doc>
<msg timestamp="20230820 01:04:37.225" level="INFO">${product_name} = SGV78B53UC</msg>
<status status="PASS" starttime="20230820 01:04:37.209" endtime="20230820 01:04:37.226"/>
</kw>
<kw name="Append To List" library="Collections">
<arg>${product_names}</arg>
<arg>${product_name}</arg>
<doc>Adds ``values`` to the end of ``list``.</doc>
<status status="PASS" starttime="20230820 01:04:37.226" endtime="20230820 01:04:37.226"/>
</kw>
<status status="PASS" starttime="20230820 01:04:37.208" endtime="20230820 01:04:37.226"/>
</iter>
<iter>
<var name="${element}">&lt;selenium.webdriver.remote.webelement.WebElement (session="8caef1e60e43a1d7d7c85104f120dd2e", element="25888B0E6D73D481476F36C5E8F944AE_element_184")&gt;</var>
<kw name="Get Text" library="SeleniumLibrary">
<var>${product_name}</var>
<arg>${element}</arg>
<doc>Returns the text value of the element identified by ``locator``.</doc>
<msg timestamp="20230820 01:04:37.242" level="INFO">${product_name} = SGX78B55UC</msg>
<status status="PASS" starttime="20230820 01:04:37.227" endtime="20230820 01:04:37.242"/>
</kw>
<kw name="Append To List" library="Collections">
<arg>${product_names}</arg>
<arg>${product_name}</arg>
<doc>Adds ``values`` to the end of ``list``.</doc>
<status status="PASS" starttime="20230820 01:04:37.242" endtime="20230820 01:04:37.242"/>
</kw>
<status status="PASS" starttime="20230820 01:04:37.227" endtime="20230820 01:04:37.243"/>
</iter>
<iter>
<var name="${element}">&lt;selenium.webdriver.remote.webelement.WebElement (session="8caef1e60e43a1d7d7c85104f120dd2e", element="25888B0E6D73D481476F36C5E8F944AE_element_185")&gt;</var>
<kw name="Get Text" library="SeleniumLibrary">
<var>${product_name}</var>
<arg>${element}</arg>
<doc>Returns the text value of the element identified by ``locator``.</doc>
<msg timestamp="20230820 01:04:37.255" level="INFO">${product_name} = SHPM78Z54N</msg>
<status status="PASS" starttime="20230820 01:04:37.243" endtime="20230820 01:04:37.255"/>
</kw>
<kw name="Append To List" library="Collections">
<arg>${product_names}</arg>
<arg>${product_name}</arg>
<doc>Adds ``values`` to the end of ``list``.</doc>
<status status="PASS" starttime="20230820 01:04:37.255" endtime="20230820 01:04:37.256"/>
</kw>
<status status="PASS" starttime="20230820 01:04:37.243" endtime="20230820 01:04:37.256"/>
</iter>
<iter>
<var name="${element}">&lt;selenium.webdriver.remote.webelement.WebElement (session="8caef1e60e43a1d7d7c85104f120dd2e", element="25888B0E6D73D481476F36C5E8F944AE_element_186")&gt;</var>
<kw name="Get Text" library="SeleniumLibrary">
<var>${product_name}</var>
<arg>${element}</arg>
<doc>Returns the text value of the element identified by ``locator``.</doc>
<msg timestamp="20230820 01:04:37.266" level="INFO">${product_name} = SHVM78Z53N</msg>
<status status="PASS" starttime="20230820 01:04:37.257" endtime="20230820 01:04:37.266"/>
</kw>
<kw name="Append To List" library="Collections">
<arg>${product_names}</arg>
<arg>${product_name}</arg>
<doc>Adds ``values`` to the end of ``list``.</doc>
<status status="PASS" starttime="20230820 01:04:37.267" endtime="20230820 01:04:37.267"/>
</kw>
<status status="PASS" starttime="20230820 01:04:37.256" endtime="20230820 01:04:37.267"/>
</iter>
<iter>
<var name="${element}">&lt;selenium.webdriver.remote.webelement.WebElement (session="8caef1e60e43a1d7d7c85104f120dd2e", element="25888B0E6D73D481476F36C5E8F944AE_element_187")&gt;</var>
<kw name="Get Text" library="SeleniumLibrary">
<var>${product_name}</var>
<arg>${element}</arg>
<doc>Returns the text value of the element identified by ``locator``.</doc>
<msg timestamp="20230820 01:04:37.286" level="INFO">${product_name} = SHXM78Z55N</msg>
<status status="PASS" starttime="20230820 01:04:37.267" endtime="20230820 01:04:37.287"/>
</kw>
<kw name="Append To List" library="Collections">
<arg>${product_names}</arg>
<arg>${product_name}</arg>
<doc>Adds ``values`` to the end of ``list``.</doc>
<status status="PASS" starttime="20230820 01:04:37.287" endtime="20230820 01:04:37.288"/>
</kw>
<status status="PASS" starttime="20230820 01:04:37.267" endtime="20230820 01:04:37.288"/>
</iter>
<iter>
<var name="${element}">&lt;selenium.webdriver.remote.webelement.WebElement (session="8caef1e60e43a1d7d7c85104f120dd2e", element="25888B0E6D73D481476F36C5E8F944AE_element_188")&gt;</var>
<kw name="Get Text" library="SeleniumLibrary">
<var>${product_name}</var>
<arg>${element}</arg>
<doc>Returns the text value of the element identified by ``locator``.</doc>
<msg timestamp="20230820 01:04:37.309" level="INFO">${product_name} = SHE89PW75N</msg>
<status status="PASS" starttime="20230820 01:04:37.289" endtime="20230820 01:04:37.309"/>
</kw>
<kw name="Append To List" library="Collections">
<arg>${product_names}</arg>
<arg>${product_name}</arg>
<doc>Adds ``values`` to the end of ``list``.</doc>
<status status="PASS" starttime="20230820 01:04:37.310" endtime="20230820 01:04:37.310"/>
</kw>
<status status="PASS" starttime="20230820 01:04:37.288" endtime="20230820 01:04:37.310"/>
</iter>
<status status="PASS" starttime="20230820 01:04:37.149" endtime="20230820 01:04:37.311"/>
</for>
<msg timestamp="20230820 01:04:37.311" level="INFO">${web_product_names} = ['SPE68B55UC', 'SPV68B53UC', 'SGE78B55UC', 'SHPM78Z55N', 'SGV78B53UC', 'SGX78B55UC', 'SHPM78Z54N', 'SHVM78Z53N', 'SHXM78Z55N', 'SHE89PW75N']</msg>
<status status="PASS" starttime="20230820 01:04:37.131" endtime="20230820 01:04:37.311"/>
</kw>
<kw name="Sleep" library="BuiltIn">
<arg>5</arg>
<doc>Pauses the test executed for the given time.</doc>
<msg timestamp="20230820 01:04:42.313" level="INFO">Slept 5 seconds</msg>
<status status="PASS" starttime="20230820 01:04:37.311" endtime="20230820 01:04:42.313"/>
</kw>
<kw name="Should Contain" library="BuiltIn">
<arg>${web_product_names}</arg>
<arg>${product_name}</arg>
<doc>Fails if ``container`` does not contain ``item`` one or more times.</doc>
<status status="PASS" starttime="20230820 01:04:42.313" endtime="20230820 01:04:42.313"/>
</kw>
<kw name="Log" library="BuiltIn">
<arg>Verification for product: ${product_name} successful</arg>
<doc>Logs the given message with the given level.</doc>
<msg timestamp="20230820 01:04:42.314" level="INFO">Verification for product: SGV78B53UC successful</msg>
<status status="PASS" starttime="20230820 01:04:42.314" endtime="20230820 01:04:42.314"/>
</kw>
<kw name="Close Browser" library="SeleniumLibrary">
<doc>Closes the current browser.</doc>
<status status="PASS" starttime="20230820 01:04:42.314" endtime="20230820 01:04:44.425"/>
</kw>
<status status="PASS" starttime="20230820 01:04:21.707" endtime="20230820 01:04:44.425"/>
</kw>
<status status="PASS" starttime="20230820 01:04:21.705" endtime="20230820 01:04:44.426"/>
</test>
<test id="s1-t6" name="TC6 Data driven check product name in hotspot sidebar SGX78B55UC" line="12">
<kw name="Verify Product Name">
<arg>SGX78B55UC</arg>
<kw name="Test open Browser" library="keyword">
<kw name="Open Browser" library="SeleniumLibrary">
<arg>${URL}</arg>
<arg>Chrome</arg>
<arg>executable_path=${CHROME_DRIVER_PATH}</arg>
<doc>Opens a new browser instance to the optional ``url``.</doc>
<msg timestamp="20230820 01:04:44.430" level="INFO">Opening browser 'Chrome' to base url 'https://www.bosch-home.com/us/kitchen-planning-resources?fbclid'.</msg>
<status status="PASS" starttime="20230820 01:04:44.430" endtime="20230820 01:04:50.428"/>
</kw>
<kw name="Maximize Browser Window" library="SeleniumLibrary">
<doc>Maximizes current browser window.</doc>
<status status="PASS" starttime="20230820 01:04:50.428" endtime="20230820 01:04:50.542"/>
</kw>
<kw name="Wait Until Element Is Visible" library="SeleniumLibrary">
<arg>//a[@class='cmpboxbtn cmpboxbtnyes cmptxt_btn_yes']</arg>
<arg>10</arg>
<doc>Waits until the element ``locator`` is visible.</doc>
<status status="PASS" starttime="20230820 01:04:50.543" endtime="20230820 01:04:51.463"/>
</kw>
<kw name="Click Element" library="SeleniumLibrary">
<arg>//a[@class='cmpboxbtn cmpboxbtnyes cmptxt_btn_yes']</arg>
<doc>Click the element identified by ``locator``.</doc>
<msg timestamp="20230820 01:04:51.463" level="INFO">Clicking element '//a[@class='cmpboxbtn cmpboxbtnyes cmptxt_btn_yes']'.</msg>
<status status="PASS" starttime="20230820 01:04:51.463" endtime="20230820 01:04:51.796"/>
</kw>
[...]
</kw>
<status status="FAIL" starttime="20230820 01:06:28.804" endtime="20230820 01:06:48.698">'['SPE68B55UC', 'SPV68B53UC', 'SGE78B55UC', 'SHPM78Z55N', 'SGV78B53UC', 'SGX78B55UC', 'SHPM78Z54N', 'SHVM78Z53N', 'SHXM78Z55N', 'SHE89PW75N']' does not contain 'SHV89PW73N'</status>
</test>
<test id="s1-t12" name="TC6 Data driven check product name in hotspot sidebar SHX89PW75N" line="12">
<kw name="Verify Product Name">
<arg>SHX89PW75N</arg>
<kw name="Test open Browser" library="keyword">
<kw name="Open Browser" library="SeleniumLibrary">
<arg>${URL}</arg>
<arg>Chrome</arg>
<arg>executable_path=${CHROME_DRIVER_PATH}</arg>
<doc>Opens a new browser instance to the optional ``url``.</doc>
<msg timestamp="20230820 01:06:48.702" level="INFO">Opening browser 'Chrome' to base url 'https://www.bosch-home.com/us/kitchen-planning-resources?fbclid'.</msg>
<status status="PASS" starttime="20230820 01:06:48.702" endtime="20230820 01:06:54.116"/>
</kw>
<kw name="Maximize Browser Window" library="SeleniumLibrary">
<doc>Maximizes current browser window.</doc>
<status status="PASS" starttime="20230820 01:06:54.116" endtime="20230820 01:06:54.237"/>
</kw>
<kw name="Wait Until Element Is Visible" library="SeleniumLibrary">
<arg>//a[@class='cmpboxbtn cmpboxbtnyes cmptxt_btn_yes']</arg>
<arg>10</arg>
<doc>Waits until the element ``locator`` is visible.</doc>
<status status="PASS" starttime="20230820 01:06:54.238" endtime="20230820 01:06:54.927"/>
</kw>
<kw name="Click Element" library="SeleniumLibrary">
<arg>//a[@class='cmpboxbtn cmpboxbtnyes cmptxt_btn_yes']</arg>
<doc>Click the element identified by ``locator``.</doc>
<msg timestamp="20230820 01:06:54.927" level="INFO">Clicking element '//a[@class='cmpboxbtn cmpboxbtnyes cmptxt_btn_yes']'.</msg>
<status status="PASS" starttime="20230820 01:06:54.927" endtime="20230820 01:06:55.297"/>
</kw>
<kw name="Wait Until Element Is Visible" library="SeleniumLibrary">
<arg>//*[contains(text(),'Start from scratch')]</arg>
<arg>10</arg>
<doc>Waits until the element ``locator`` is visible.</doc>
<status status="PASS" starttime="20230820 01:06:55.298" endtime="20230820 01:06:55.442"/>
</kw>
<kw name="Click Element" library="SeleniumLibrary">
<arg>//*[contains(text(),'Start from scratch')]</arg>
<doc>Click the element identified by ``locator``.</doc>
<msg timestamp="20230820 01:06:55.443" level="INFO">Clicking element '//*[contains(text(),'Start from scratch')]'.</msg>
<status status="PASS" starttime="20230820 01:06:55.443" endtime="20230820 01:06:55.578"/>
</kw>
<kw name="Wait Until Page Contains Element" library="SeleniumLibrary">
<arg>//*[contains(text(),'Change package')]</arg>
<arg>20</arg>
<doc>Waits until the element ``locator`` appears on the current page.</doc>
<status status="PASS" starttime="20230820 01:06:55.579" endtime="20230820 01:07:00.843"/>
</kw>
<status status="PASS" starttime="20230820 01:06:48.701" endtime="20230820 01:07:00.844"/>
</kw>
<kw name="Verify that user can choose the correct appliances by product hotspot" library="keyword">
<kw name="Click Element" library="SeleniumLibrary">
<arg>//button[@class='zv-trigger zv-trigger-hotspot zv-trigger-250045620 c00177 has-tooltip']</arg>
<doc>Click the element identified by ``locator``.</doc>
<msg timestamp="20230820 01:07:00.844" level="INFO">Clicking element '//button[@class='zv-trigger zv-trigger-hotspot zv-trigger-250045620 c00177 has-tooltip']'.</msg>
<status status="PASS" starttime="20230820 01:07:00.844" endtime="20230820 01:07:01.169"/>
</kw>
<kw name="Wait Until Element Is Visible" library="SeleniumLibrary">
<arg>//div[@class= 'c00181 zv-section']</arg>
<arg>20</arg>
<doc>Waits until the element ``locator`` is visible.</doc>
<status status="PASS" starttime="20230820 01:07:01.170" endtime="20230820 01:07:02.292"/>
</kw>
<kw name="Wait Until Element Contains" library="SeleniumLibrary">
<arg>//span[@class= 'c00185 zv-text c00184 zv-section-headline']</arg>
<arg>Dishwasher</arg>
<doc>Waits until the element ``locator`` contains ``text``.</doc>
<status status="PASS" starttime="20230820 01:07:02.292" endtime="20230820 01:07:02.317"/>
</kw>
<status status="PASS" starttime="20230820 01:07:00.844" endtime="20230820 01:07:02.317"/>
</kw>
<kw name="Get Web Product Names">
<var>${web_product_names}</var>
<kw name="Get WebElements" library="SeleniumLibrary">
<var>${product_elements}</var>
<arg>//*[@class= 'zv-product-attribute-label c00445 zv-text']</arg>
<doc>Returns a list of WebElement objects matching the ``locator``.</doc>
<msg timestamp="20230820 01:07:02.333" level="INFO">${product_elements} = [&lt;selenium.webdriver.remote.webelement.WebElement (session="e5c1513b1806f582692e6f3394dc2cc5", element="00FF343675711E10C9AE9246B55A1F0D_element_173")&gt;, &lt;selenium.webdriver.remote.webelement.WebElemen...</msg>
<status status="PASS" starttime="20230820 01:07:02.318" endtime="20230820 01:07:02.333"/>
</kw>
<kw name="Create List" library="BuiltIn">
<var>${product_names}</var>
<doc>Returns a list containing given items.</doc>
<msg timestamp="20230820 01:07:02.334" level="INFO">${product_names} = []</msg>
<status status="PASS" starttime="20230820 01:07:02.334" endtime="20230820 01:07:02.334"/>
</kw>
<for flavor="IN">
<var>${element}</var>
<value>@{product_elements}</value>
<iter>
<var name="${element}">&lt;selenium.webdriver.remote.webelement.WebElement (session="e5c1513b1806f582692e6f3394dc2cc5", element="00FF343675711E10C9AE9246B55A1F0D_element_173")&gt;</var>
<kw name="Get Text" library="SeleniumLibrary">
<var>${product_name}</var>
<arg>${element}</arg>
<doc>Returns the text value of the element identified by ``locator``.</doc>
<msg timestamp="20230820 01:07:02.346" level="INFO">${product_name} = SPE68B55UC</msg>
<status status="PASS" starttime="20230820 01:07:02.335" endtime="20230820 01:07:02.346"/>
</kw>
<kw name="Append To List" library="Collections">
<arg>${product_names}</arg>
<arg>${product_name}</arg>
<doc>Adds ``values`` to the end of ``list``.</doc>
<status status="PASS" starttime="20230820 01:07:02.346" endtime="20230820 01:07:02.347"/>
</kw>
<status status="PASS" starttime="20230820 01:07:02.334" endtime="20230820 01:07:02.347"/>
</iter>
<iter>
<var name="${element}">&lt;selenium.webdriver.remote.webelement.WebElement (session="e5c1513b1806f582692e6f3394dc2cc5", element="00FF343675711E10C9AE9246B55A1F0D_element_174")&gt;</var>
<kw name="Get Text" library="SeleniumLibrary">
<var>${product_name}</var>
<arg>${element}</arg>
<doc>Returns the text value of the element identified by ``locator``.</doc>
<msg timestamp="20230820 01:07:02.357" level="INFO">${product_name} = SPV68B53UC</msg>
<status status="PASS" starttime="20230820 01:07:02.347" endtime="20230820 01:07:02.358"/>
</kw>
<kw name="Append To List" library="Collections">
<arg>${product_names}</arg>
<arg>${product_name}</arg>
<doc>Adds ``values`` to the end of ``list``.</doc>
<status status="PASS" starttime="20230820 01:07:02.358" endtime="20230820 01:07:02.358"/>
</kw>
<status status="PASS" starttime="20230820 01:07:02.347" endtime="20230820 01:07:02.358"/>
</iter>
<iter>
<var name="${element}">&lt;selenium.webdriver.remote.webelement.WebElement (session="e5c1513b1806f582692e6f3394dc2cc5", element="00FF343675711E10C9AE9246B55A1F0D_element_175")&gt;</var>
<kw name="Get Text" library="SeleniumLibrary">
<var>${product_name}</var>
<arg>${element}</arg>
<doc>Returns the text value of the element identified by ``locator``.</doc>
<msg timestamp="20230820 01:07:02.366" level="INFO">${product_name} = SGE78B55UC</msg>
<status status="PASS" starttime="20230820 01:07:02.358" endtime="20230820 01:07:02.366"/>
</kw>
<kw name="Append To List" library="Collections">
<arg>${product_names}</arg>
<arg>${product_name}</arg>
<doc>Adds ``values`` to the end of ``list``.</doc>
<status status="PASS" starttime="20230820 01:07:02.366" endtime="20230820 01:07:02.367"/>
</kw>
<status status="PASS" starttime="20230820 01:07:02.358" endtime="20230820 01:07:02.367"/>
</iter>
<iter>
<var name="${element}">&lt;selenium.webdriver.remote.webelement.WebElement (session="e5c1513b1806f582692e6f3394dc2cc5", element="00FF343675711E10C9AE9246B55A1F0D_element_176")&gt;</var>
<kw name="Get Text" library="SeleniumLibrary">
<var>${product_name}</var>
<arg>${element}</arg>
<doc>Returns the text value of the element identified by ``locator``.</doc>
<msg timestamp="20230820 01:07:02.376" level="INFO">${product_name} = SHPM78Z55N</msg>
<status status="PASS" starttime="20230820 01:07:02.367" endtime="20230820 01:07:02.376"/>
</kw>
<kw name="Append To List" library="Collections">
<arg>${product_names}</arg>
<arg>${product_name}</arg>
<doc>Adds ``values`` to the end of ``list``.</doc>
<status status="PASS" starttime="20230820 01:07:02.376" endtime="20230820 01:07:02.376"/>
</kw>
<status status="PASS" starttime="20230820 01:07:02.367" endtime="20230820 01:07:02.376"/>
</iter>
<iter>
<var name="${element}">&lt;selenium.webdriver.remote.webelement.WebElement (session="e5c1513b1806f582692e6f3394dc2cc5", element="00FF343675711E10C9AE9246B55A1F0D_element_177")&gt;</var>
<kw name="Get Text" library="SeleniumLibrary">
<var>${product_name}</var>
<arg>${element}</arg>
<doc>Returns the text value of the element identified by ``locator``.</doc>
<msg timestamp="20230820 01:07:02.387" level="INFO">${product_name} = SGV78B53UC</msg>
<status status="PASS" starttime="20230820 01:07:02.377" endtime="20230820 01:07:02.387"/>
</kw>
<kw name="Append To List" library="Collections">
<arg>${product_names}</arg>
<arg>${product_name}</arg>
<doc>Adds ``values`` to the end of ``list``.</doc>
<status status="PASS" starttime="20230820 01:07:02.387" endtime="20230820 01:07:02.388"/>
</kw>
<status status="PASS" starttime="20230820 01:07:02.377" endtime="20230820 01:07:02.388"/>
</iter>
<iter>
<var name="${element}">&lt;selenium.webdriver.remote.webelement.WebElement (session="e5c1513b1806f582692e6f3394dc2cc5", element="00FF343675711E10C9AE9246B55A1F0D_element_178")&gt;</var>
<kw name="Get Text" library="SeleniumLibrary">
<var>${product_name}</var>
<arg>${element}</arg>
<doc>Returns the text value of the element identified by ``locator``.</doc>
<msg timestamp="20230820 01:07:02.413" level="INFO">${product_name} = SGX78B55UC</msg>
<status status="PASS" starttime="20230820 01:07:02.388" endtime="20230820 01:07:02.413"/>
</kw>
<kw name="Append To List" library="Collections">
<arg>${product_names}</arg>
<arg>${product_name}</arg>
<doc>Adds ``values`` to the end of ``list``.</doc>
<status status="PASS" starttime="20230820 01:07:02.414" endtime="20230820 01:07:02.414"/>
</kw>
<status status="PASS" starttime="20230820 01:07:02.388" endtime="20230820 01:07:02.415"/>
</iter>
<iter>
<var name="${element}">&lt;selenium.webdriver.remote.webelement.WebElement (session="e5c1513b1806f582692e6f3394dc2cc5", element="00FF343675711E10C9AE9246B55A1F0D_element_179")&gt;</var>
<kw name="Get Text" library="SeleniumLibrary">
<var>${product_name}</var>
<arg>${element}</arg>
<doc>Returns the text value of the element identified by ``locator``.</doc>
<msg timestamp="20230820 01:07:02.439" level="INFO">${product_name} = SHPM78Z54N</msg>
<status status="PASS" starttime="20230820 01:07:02.415" endtime="20230820 01:07:02.439"/>
</kw>
<kw name="Append To List" library="Collections">
<arg>${product_names}</arg>
<arg>${product_name}</arg>
<doc>Adds ``values`` to the end of ``list``.</doc>
<status status="PASS" starttime="20230820 01:07:02.439" endtime="20230820 01:07:02.439"/>
</kw>
<status status="PASS" starttime="20230820 01:07:02.415" endtime="20230820 01:07:02.439"/>
</iter>
<iter>
<var name="${element}">&lt;selenium.webdriver.remote.webelement.WebElement (session="e5c1513b1806f582692e6f3394dc2cc5", element="00FF343675711E10C9AE9246B55A1F0D_element_180")&gt;</var>
<kw name="Get Text" library="SeleniumLibrary">
<var>${product_name}</var>
<arg>${element}</arg>
<doc>Returns the text value of the element identified by ``locator``.</doc>
<msg timestamp="20230820 01:07:02.448" level="INFO">${product_name} = SHVM78Z53N</msg>
<status status="PASS" starttime="20230820 01:07:02.440" endtime="20230820 01:07:02.448"/>
</kw>
<kw name="Append To List" library="Collections">
<arg>${product_names}</arg>
<arg>${product_name}</arg>
<doc>Adds ``values`` to the end of ``list``.</doc>
<status status="PASS" starttime="20230820 01:07:02.448" endtime="20230820 01:07:02.449"/>
</kw>
<status status="PASS" starttime="20230820 01:07:02.440" endtime="20230820 01:07:02.449"/>
</iter>
<iter>
<var name="${element}">&lt;selenium.webdriver.remote.webelement.WebElement (session="e5c1513b1806f582692e6f3394dc2cc5", element="00FF343675711E10C9AE9246B55A1F0D_element_181")&gt;</var>
<kw name="Get Text" library="SeleniumLibrary">
<var>${product_name}</var>
<arg>${element}</arg>
<doc>Returns the text value of the element identified by ``locator``.</doc>
<msg timestamp="20230820 01:07:02.465" level="INFO">${product_name} = SHXM78Z55N</msg>
<status status="PASS" starttime="20230820 01:07:02.449" endtime="20230820 01:07:02.466"/>
</kw>
<kw name="Append To List" library="Collections">
<arg>${product_names}</arg>
<arg>${product_name}</arg>
<doc>Adds ``values`` to the end of ``list``.</doc>
<status status="PASS" starttime="20230820 01:07:02.466" endtime="20230820 01:07:02.466"/>
</kw>
<status status="PASS" starttime="20230820 01:07:02.449" endtime="20230820 01:07:02.467"/>
</iter>
<iter>
<var name="${element}">&lt;selenium.webdriver.remote.webelement.WebElement (session="e5c1513b1806f582692e6f3394dc2cc5", element="00FF343675711E10C9AE9246B55A1F0D_element_182")&gt;</var>
<kw name="Get Text" library="SeleniumLibrary">
<var>${product_name}</var>
<arg>${element}</arg>
<doc>Returns the text value of the element identified by ``locator``.</doc>
<msg timestamp="20230820 01:07:02.476" level="INFO">${product_name} = SHE89PW75N</msg>
<status status="PASS" starttime="20230820 01:07:02.467" endtime="20230820 01:07:02.477"/>
</kw>
<kw name="Append To List" library="Collections">
<arg>${product_names}</arg>
<arg>${product_name}</arg>
<doc>Adds ``values`` to the end of ``list``.</doc>
<status status="PASS" starttime="20230820 01:07:02.477" endtime="20230820 01:07:02.477"/>
</kw>
<status status="PASS" starttime="20230820 01:07:02.467" endtime="20230820 01:07:02.477"/>
</iter>
<status status="PASS" starttime="20230820 01:07:02.334" endtime="20230820 01:07:02.477"/>
</for>
<msg timestamp="20230820 01:07:02.478" level="INFO">${web_product_names} = ['SPE68B55UC', 'SPV68B53UC', 'SGE78B55UC', 'SHPM78Z55N', 'SGV78B53UC', 'SGX78B55UC', 'SHPM78Z54N', 'SHVM78Z53N', 'SHXM78Z55N', 'SHE89PW75N']</msg>
<status status="PASS" starttime="20230820 01:07:02.317" endtime="20230820 01:07:02.478"/>
</kw>
<kw name="Sleep" library="BuiltIn">
<arg>5</arg>
<doc>Pauses the test executed for the given time.</doc>
<msg timestamp="20230820 01:07:07.479" level="INFO">Slept 5 seconds</msg>
<status status="PASS" starttime="20230820 01:07:02.478" endtime="20230820 01:07:07.479"/>
</kw>
<kw name="Should Contain" library="BuiltIn">
<arg>${web_product_names}</arg>
<arg>${product_name}</arg>
<doc>Fails if ``container`` does not contain ``item`` one or more times.</doc>
<msg timestamp="20230820 01:07:07.480" level="FAIL">'['SPE68B55UC', 'SPV68B53UC', 'SGE78B55UC', 'SHPM78Z55N', 'SGV78B53UC', 'SGX78B55UC', 'SHPM78Z54N', 'SHVM78Z53N', 'SHXM78Z55N', 'SHE89PW75N']' does not contain 'SHX89PW75N'</msg>
<status status="FAIL" starttime="20230820 01:07:07.479" endtime="20230820 01:07:07.481"/>
</kw>
<kw name="Log" library="BuiltIn">
<arg>Verification for product: ${product_name} successful</arg>
<doc>Logs the given message with the given level.</doc>
<status status="NOT RUN" starttime="20230820 01:07:07.481" endtime="20230820 01:07:07.482"/>
</kw>
<kw name="Close Browser" library="SeleniumLibrary">
<doc>Closes the current browser.</doc>
<status status="NOT RUN" starttime="20230820 01:07:07.482" endtime="20230820 01:07:07.482"/>
</kw>
<status status="FAIL" starttime="20230820 01:06:48.700" endtime="20230820 01:07:07.483"/>
</kw>
<status status="FAIL" starttime="20230820 01:06:48.699" endtime="20230820 01:07:07.484">'['SPE68B55UC', 'SPV68B53UC', 'SGE78B55UC', 'SHPM78Z55N', 'SGV78B53UC', 'SGX78B55UC', 'SHPM78Z54N', 'SHVM78Z53N', 'SHXM78Z55N', 'SHE89PW75N']' does not contain 'SHX89PW75N'</status>
</test>
<test id="s1-t13" name="TC6 Data driven check product name in hotspot sidebar SHE3AR72UC" line="12">
<kw name="Verify Product Name">
<arg>SHE3AR72UC</arg>
<kw name="Test open Browser" library="keyword">
<kw name="Open Browser" library="SeleniumLibrary">
<arg>${URL}</arg>
<arg>Chrome</arg>
<arg>executable_path=${CHROME_DRIVER_PATH}</arg>
<doc>Opens a new browser instance to the optional ``url``.</doc>
<msg timestamp="20230820 01:07:07.494" level="INFO">Opening browser 'Chrome' to base url 'https://www.bosch-home.com/us/kitchen-planning-resources?fbclid'.</msg>
<status status="PASS" starttime="20230820 01:07:07.493" endtime="20230820 01:07:13.957"/>
</kw>
<kw name="Maximize Browser Window" library="SeleniumLibrary">
<doc>Maximizes current browser window.</doc>
<status status="PASS" starttime="20230820 01:07:13.958" endtime="20230820 01:07:14.078"/>
</kw>
<kw name="Wait Until Element Is Visible" library="SeleniumLibrary">
<arg>//a[@class='cmpboxbtn cmpboxbtnyes cmptxt_btn_yes']</arg>
<arg>10</arg>
<doc>Waits until the element ``locator`` is visible.</doc>
<status status="PASS" starttime="20230820 01:07:14.078" endtime="20230820 01:07:14.794"/>
</kw>
<kw name="Click Element" library="SeleniumLibrary">
<arg>//a[@class='cmpboxbtn cmpboxbtnyes cmptxt_btn_yes']</arg>
<doc>Click the element identified by ``locator``.</doc>
<msg timestamp="20230820 01:07:14.795" level="INFO">Clicking element '//a[@class='cmpboxbtn cmpboxbtnyes cmptxt_btn_yes']'.</msg>
<status status="PASS" starttime="20230820 01:07:14.794" endtime="20230820 01:07:15.126"/>
</kw>
<kw name="Wait Until Element Is Visible" library="SeleniumLibrary">
<arg>//*[contains(text(),'Start from scratch')]</arg>
<arg>10</arg>
<doc>Waits until the element ``locator`` is visible.</doc>
<status status="PASS" starttime="20230820 01:07:15.126" endtime="20230820 01:07:15.183"/>
</kw>
<kw name="Click Element" library="SeleniumLibrary">
<arg>//*[contains(text(),'Start from scratch')]</arg>
<doc>Click the element identified by ``locator``.</doc>
<msg timestamp="20230820 01:07:15.183" level="INFO">Clicking element '//*[contains(text(),'Start from scratch')]'.</msg>
<status status="PASS" starttime="20230820 01:07:15.183" endtime="20230820 01:07:15.286"/>
</kw>
<kw name="Wait Until Page Contains Element" library="SeleniumLibrary">
<arg>//*[contains(text(),'Change package')]</arg>
<arg>20</arg>
<doc>Waits until the element ``locator`` appears on the current page.</doc>
<status status="PASS" starttime="20230820 01:07:15.287" endtime="20230820 01:07:22.793"/>
</kw>
<status status="PASS" starttime="20230820 01:07:07.492" endtime="20230820 01:07:22.793"/>
</kw>
<kw name="Verify that user can choose the correct appliances by product hotspot" library="keyword">
<kw name="Click Element" library="SeleniumLibrary">
<arg>//button[@class='zv-trigger zv-trigger-hotspot zv-trigger-250045620 c00177 has-tooltip']</arg>
<doc>Click the element identified by ``locator``.</doc>
<msg timestamp="20230820 01:07:22.794" level="INFO">Clicking element '//button[@class='zv-trigger zv-trigger-hotspot zv-trigger-250045620 c00177 has-tooltip']'.</msg>
<status status="PASS" starttime="20230820 01:07:22.794" endtime="20230820 01:07:22.878"/>
</kw>
<kw name="Wait Until Element Is Visible" library="SeleniumLibrary">
<arg>//div[@class= 'c00181 zv-section']</arg>
<arg>20</arg>
<doc>Waits until the element ``locator`` is visible.</doc>
<status status="PASS" starttime="20230820 01:07:22.878" endtime="20230820 01:07:36.907"/>
</kw>
<kw name="Wait Until Element Contains" library="SeleniumLibrary">
<arg>//span[@class= 'c00185 zv-text c00184 zv-section-headline']</arg>
<arg>Dishwasher</arg>
<doc>Waits until the element ``locator`` contains ``text``.</doc>
